<?xml version="1.0" encoding="UTF-8"?>
<coverage generated="1625644855415" clover="3.2.0">
  <project timestamp="1625644855415" name="All files">
    <metrics statements="4241" coveredstatements="2814" conditionals="2597" coveredconditionals="1494" methods="823" coveredmethods="500" elements="7661" coveredelements="4808" complexity="0" loc="4241" ncloc="4241" packages="101" files="136" classes="136"/>
    <package name="docs.site.components">
      <metrics statements="7" coveredstatements="5" conditionals="0" coveredconditionals="0" methods="6" coveredmethods="2"/>
      <file name="DomSize.vue" path="/Users/bytedance/mobile-vue-github/okeedesign-mobile-vue/docs/site/components/DomSize.vue">
        <metrics statements="6" coveredstatements="4" conditionals="0" coveredconditionals="0" methods="4" coveredmethods="1"/>
        <line num="25" count="9" type="stmt"/>
        <line num="26" count="9" type="stmt"/>
        <line num="27" count="9" type="stmt"/>
        <line num="47" count="9" type="stmt"/>
        <line num="55" count="0" type="stmt"/>
        <line num="58" count="0" type="stmt"/>
      </file>
      <file name="DomeCell.vue" path="/Users/bytedance/mobile-vue-github/okeedesign-mobile-vue/docs/site/components/DomeCell.vue">
        <metrics statements="1" coveredstatements="1" conditionals="0" coveredconditionals="0" methods="2" coveredmethods="1"/>
        <line num="24" count="8" type="stmt"/>
      </file>
    </package>
    <package name="docs.site.components.step">
      <metrics statements="55" coveredstatements="5" conditionals="22" coveredconditionals="0" methods="16" coveredmethods="5"/>
      <file name="Step.vue" path="/Users/bytedance/mobile-vue-github/okeedesign-mobile-vue/docs/site/components/step/Step.vue">
        <metrics statements="55" coveredstatements="5" conditionals="22" coveredconditionals="0" methods="16" coveredmethods="5"/>
        <line num="52" count="9" type="stmt"/>
        <line num="63" count="0" type="cond" truecount="0" falsecount="2"/>
        <line num="64" count="0" type="stmt"/>
        <line num="65" count="0" type="stmt"/>
        <line num="66" count="0" type="stmt"/>
        <line num="69" count="0" type="stmt"/>
        <line num="70" count="0" type="stmt"/>
        <line num="73" count="0" type="stmt"/>
        <line num="75" count="0" type="cond" truecount="0" falsecount="2"/>
        <line num="76" count="0" type="stmt"/>
        <line num="78" count="0" type="stmt"/>
        <line num="80" count="0" type="stmt"/>
        <line num="83" count="0" type="stmt"/>
        <line num="84" count="0" type="stmt"/>
        <line num="86" count="0" type="cond" truecount="0" falsecount="2"/>
        <line num="87" count="0" type="stmt"/>
        <line num="88" count="0" type="cond" truecount="0" falsecount="2"/>
        <line num="89" count="0" type="stmt"/>
        <line num="92" count="0" type="cond" truecount="0" falsecount="2"/>
        <line num="93" count="0" type="stmt"/>
        <line num="94" count="0" type="cond" truecount="0" falsecount="2"/>
        <line num="95" count="0" type="stmt"/>
        <line num="98" count="0" type="stmt"/>
        <line num="101" count="0" type="cond" truecount="0" falsecount="2"/>
        <line num="103" count="0" type="cond" truecount="0" falsecount="2"/>
        <line num="104" count="0" type="stmt"/>
        <line num="106" count="0" type="stmt"/>
        <line num="108" count="0" type="stmt"/>
        <line num="112" count="0" type="stmt"/>
        <line num="113" count="0" type="stmt"/>
        <line num="114" count="0" type="stmt"/>
        <line num="115" count="0" type="stmt"/>
        <line num="117" count="0" type="cond" truecount="0" falsecount="2"/>
        <line num="118" count="0" type="stmt"/>
        <line num="119" count="0" type="cond" truecount="0" falsecount="2"/>
        <line num="121" count="0" type="cond" truecount="0" falsecount="2"/>
        <line num="123" count="0" type="stmt"/>
        <line num="124" count="0" type="stmt"/>
        <line num="125" count="0" type="stmt"/>
        <line num="126" count="0" type="stmt"/>
        <line num="127" count="0" type="stmt"/>
        <line num="130" count="0" type="stmt"/>
        <line num="133" count="0" type="stmt"/>
        <line num="134" count="0" type="stmt"/>
        <line num="135" count="0" type="stmt"/>
        <line num="136" count="0" type="stmt"/>
        <line num="141" count="9" type="stmt"/>
        <line num="144" count="9" type="stmt"/>
        <line num="147" count="9" type="stmt"/>
        <line num="148" count="9" type="stmt"/>
        <line num="151" count="0" type="stmt"/>
        <line num="156" count="0" type="stmt"/>
        <line num="158" count="0" type="stmt"/>
        <line num="159" count="0" type="stmt"/>
        <line num="160" count="0" type="stmt"/>
      </file>
    </package>
    <package name="src">
      <metrics statements="64" coveredstatements="62" conditionals="8" coveredconditionals="5" methods="2" coveredmethods="2"/>
      <file name="index.ts" path="/Users/bytedance/mobile-vue-github/okeedesign-mobile-vue/src/index.ts">
        <metrics statements="64" coveredstatements="62" conditionals="8" coveredconditionals="5" methods="2" coveredmethods="2"/>
        <line num="4" count="70" type="stmt"/>
        <line num="5" count="70" type="stmt"/>
        <line num="6" count="70" type="stmt"/>
        <line num="7" count="70" type="stmt"/>
        <line num="8" count="70" type="stmt"/>
        <line num="9" count="70" type="stmt"/>
        <line num="10" count="70" type="stmt"/>
        <line num="11" count="70" type="stmt"/>
        <line num="12" count="70" type="stmt"/>
        <line num="13" count="70" type="stmt"/>
        <line num="14" count="70" type="stmt"/>
        <line num="15" count="70" type="stmt"/>
        <line num="16" count="70" type="stmt"/>
        <line num="17" count="70" type="stmt"/>
        <line num="18" count="70" type="stmt"/>
        <line num="19" count="70" type="stmt"/>
        <line num="20" count="70" type="stmt"/>
        <line num="21" count="70" type="stmt"/>
        <line num="22" count="70" type="stmt"/>
        <line num="23" count="70" type="stmt"/>
        <line num="24" count="70" type="stmt"/>
        <line num="25" count="70" type="stmt"/>
        <line num="26" count="70" type="stmt"/>
        <line num="27" count="70" type="stmt"/>
        <line num="28" count="70" type="stmt"/>
        <line num="29" count="70" type="stmt"/>
        <line num="30" count="70" type="stmt"/>
        <line num="31" count="70" type="stmt"/>
        <line num="32" count="70" type="stmt"/>
        <line num="33" count="70" type="stmt"/>
        <line num="34" count="70" type="stmt"/>
        <line num="35" count="70" type="stmt"/>
        <line num="36" count="70" type="stmt"/>
        <line num="37" count="70" type="stmt"/>
        <line num="38" count="70" type="stmt"/>
        <line num="39" count="70" type="stmt"/>
        <line num="40" count="70" type="stmt"/>
        <line num="41" count="70" type="stmt"/>
        <line num="42" count="70" type="stmt"/>
        <line num="43" count="70" type="stmt"/>
        <line num="44" count="70" type="stmt"/>
        <line num="45" count="70" type="stmt"/>
        <line num="46" count="70" type="stmt"/>
        <line num="47" count="70" type="stmt"/>
        <line num="48" count="70" type="stmt"/>
        <line num="49" count="70" type="stmt"/>
        <line num="50" count="70" type="stmt"/>
        <line num="51" count="70" type="stmt"/>
        <line num="52" count="70" type="stmt"/>
        <line num="53" count="70" type="stmt"/>
        <line num="54" count="70" type="stmt"/>
        <line num="55" count="70" type="stmt"/>
        <line num="56" count="70" type="stmt"/>
        <line num="57" count="70" type="stmt"/>
        <line num="67" count="70" type="stmt"/>
        <line num="68" count="70" type="stmt"/>
        <line num="129" count="70" type="stmt"/>
        <line num="130" count="70" type="cond" truecount="2" falsecount="2"/>
        <line num="131" count="0" type="stmt"/>
        <line num="133" count="70" type="stmt"/>
        <line num="134" count="3780" type="stmt"/>
        <line num="138" count="70" type="cond" truecount="3" falsecount="1"/>
        <line num="139" count="0" type="stmt"/>
        <line num="201" count="70" type="stmt"/>
      </file>
    </package>
    <package name="src.brand">
      <metrics statements="4" coveredstatements="2" conditionals="2" coveredconditionals="0" methods="1" coveredmethods="1"/>
      <file name="index.ts" path="/Users/bytedance/mobile-vue-github/okeedesign-mobile-vue/src/brand/index.ts">
        <metrics statements="4" coveredstatements="2" conditionals="2" coveredconditionals="0" methods="1" coveredmethods="1"/>
        <line num="1" count="70" type="stmt"/>
        <line num="4" count="5416" type="stmt"/>
        <line num="7" count="0" type="cond" truecount="0" falsecount="2"/>
        <line num="8" count="0" type="stmt"/>
      </file>
    </package>
    <package name="src.components.action-sheet">
      <metrics statements="36" coveredstatements="35" conditionals="35" coveredconditionals="30" methods="9" coveredmethods="9"/>
      <file name="index.tsx" path="/Users/bytedance/mobile-vue-github/okeedesign-mobile-vue/src/components/action-sheet/index.tsx">
        <metrics statements="36" coveredstatements="35" conditionals="35" coveredconditionals="30" methods="9" coveredmethods="9"/>
        <line num="2" count="70" type="stmt"/>
        <line num="3" count="70" type="stmt"/>
        <line num="4" count="70" type="stmt"/>
        <line num="5" count="70" type="stmt"/>
        <line num="75" count="140" type="stmt"/>
        <line num="84" count="15" type="stmt"/>
        <line num="85" count="15" type="stmt"/>
        <line num="95" count="15" type="stmt"/>
        <line num="96" count="15" type="stmt"/>
        <line num="97" count="15" type="stmt"/>
        <line num="100" count="1" type="stmt"/>
        <line num="101" count="1" type="stmt"/>
        <line num="105" count="15" type="cond" truecount="2" falsecount="0"/>
        <line num="106" count="1" type="stmt"/>
        <line num="116" count="1" type="stmt"/>
        <line num="128" count="15" type="cond" truecount="2" falsecount="0"/>
        <line num="129" count="1" type="stmt"/>
        <line num="134" count="31" type="stmt"/>
        <line num="137" count="2" type="stmt"/>
        <line num="139" count="2" type="cond" truecount="4" falsecount="0"/>
        <line num="140" count="1" type="stmt"/>
        <line num="143" count="1" type="cond" truecount="1" falsecount="1"/>
        <line num="144" count="1" type="stmt"/>
        <line num="147" count="1" type="stmt"/>
        <line num="149" count="1" type="cond" truecount="1" falsecount="1"/>
        <line num="150" count="0" type="stmt"/>
        <line num="155" count="31" type="cond" truecount="2" falsecount="0"/>
        <line num="156" count="2" type="stmt"/>
        <line num="159" count="29" type="stmt"/>
        <line num="167" count="31" type="stmt"/>
        <line num="168" count="31" type="cond" truecount="3" falsecount="1"/>
        <line num="170" count="31" type="stmt"/>
        <line num="186" count="15" type="cond" truecount="2" falsecount="0"/>
        <line num="187" count="2" type="stmt"/>
        <line num="195" count="15" type="stmt"/>
        <line num="214" count="70" type="stmt"/>
      </file>
    </package>
    <package name="src.components.action-sheet.demo">
      <metrics statements="17" coveredstatements="8" conditionals="0" coveredconditionals="0" methods="11" coveredmethods="7"/>
      <file name="index.vue" path="/Users/bytedance/mobile-vue-github/okeedesign-mobile-vue/src/components/action-sheet/demo/index.vue">
        <metrics statements="17" coveredstatements="8" conditionals="0" coveredconditionals="0" methods="11" coveredmethods="7"/>
        <line num="88" count="1" type="stmt"/>
        <line num="144" count="1" type="stmt"/>
        <line num="161" count="1" type="stmt"/>
        <line num="169" count="1" type="stmt"/>
        <line num="173" count="1" type="stmt"/>
        <line num="181" count="1" type="stmt"/>
        <line num="189" count="1" type="stmt"/>
        <line num="195" count="1" type="stmt"/>
        <line num="201" count="0" type="stmt"/>
        <line num="202" count="0" type="stmt"/>
        <line num="203" count="0" type="stmt"/>
        <line num="207" count="0" type="stmt"/>
        <line num="210" count="0" type="stmt"/>
        <line num="211" count="0" type="stmt"/>
        <line num="212" count="0" type="stmt"/>
        <line num="213" count="0" type="stmt"/>
        <line num="214" count="0" type="stmt"/>
      </file>
    </package>
    <package name="src.components.badge">
      <metrics statements="11" coveredstatements="11" conditionals="9" coveredconditionals="9" methods="2" coveredmethods="2"/>
      <file name="index.tsx" path="/Users/bytedance/mobile-vue-github/okeedesign-mobile-vue/src/components/badge/index.tsx">
        <metrics statements="11" coveredstatements="11" conditionals="9" coveredconditionals="9" methods="2" coveredmethods="2"/>
        <line num="4" count="70" type="stmt"/>
        <line num="5" count="70" type="stmt"/>
        <line num="17" count="140" type="stmt"/>
        <line num="27" count="1" type="stmt"/>
        <line num="30" count="14" type="stmt"/>
        <line num="32" count="14" type="stmt"/>
        <line num="34" count="14" type="cond" truecount="2" falsecount="0"/>
        <line num="35" count="13" type="cond" truecount="5" falsecount="0"/>
        <line num="38" count="14" type="stmt"/>
        <line num="46" count="70" type="stmt"/>
        <line num="61" count="70" type="stmt"/>
      </file>
    </package>
    <package name="src.components.badge.demo">
      <metrics statements="3" coveredstatements="2" conditionals="0" coveredconditionals="0" methods="2" coveredmethods="1"/>
      <file name="index.vue" path="/Users/bytedance/mobile-vue-github/okeedesign-mobile-vue/src/components/badge/demo/index.vue">
        <metrics statements="3" coveredstatements="2" conditionals="0" coveredconditionals="0" methods="2" coveredmethods="1"/>
        <line num="63" count="1" type="stmt"/>
        <line num="89" count="1" type="stmt"/>
        <line num="96" count="0" type="stmt"/>
      </file>
    </package>
    <package name="src.components.button">
      <metrics statements="20" coveredstatements="18" conditionals="12" coveredconditionals="10" methods="4" coveredmethods="3"/>
      <file name="index.tsx" path="/Users/bytedance/mobile-vue-github/okeedesign-mobile-vue/src/components/button/index.tsx">
        <metrics statements="20" coveredstatements="18" conditionals="12" coveredconditionals="10" methods="4" coveredmethods="3"/>
        <line num="4" count="70" type="stmt"/>
        <line num="5" count="70" type="stmt"/>
        <line num="6" count="70" type="stmt"/>
        <line num="29" count="140" type="stmt"/>
        <line num="38" count="96" type="stmt"/>
        <line num="41" count="11" type="cond" truecount="2" falsecount="0"/>
        <line num="42" count="10" type="stmt"/>
        <line num="47" count="0" type="cond" truecount="0" falsecount="2"/>
        <line num="48" count="0" type="stmt"/>
        <line num="52" count="96" type="stmt"/>
        <line num="53" count="96" type="stmt"/>
        <line num="55" count="96" type="cond" truecount="4" falsecount="0"/>
        <line num="57" count="96" type="stmt"/>
        <line num="73" count="96" type="stmt"/>
        <line num="74" count="96" type="cond" truecount="2" falsecount="0"/>
        <line num="75" count="5" type="stmt"/>
        <line num="77" count="91" type="stmt"/>
        <line num="80" count="96" type="stmt"/>
        <line num="88" count="70" type="stmt"/>
        <line num="107" count="70" type="stmt"/>
      </file>
    </package>
    <package name="src.components.button.demo">
      <metrics statements="5" coveredstatements="3" conditionals="0" coveredconditionals="0" methods="3" coveredmethods="1"/>
      <file name="index.vue" path="/Users/bytedance/mobile-vue-github/okeedesign-mobile-vue/src/components/button/demo/index.vue">
        <metrics statements="5" coveredstatements="3" conditionals="0" coveredconditionals="0" methods="3" coveredmethods="1"/>
        <line num="63" count="1" type="stmt"/>
        <line num="64" count="1" type="stmt"/>
        <line num="116" count="1" type="stmt"/>
        <line num="123" count="0" type="stmt"/>
        <line num="126" count="0" type="stmt"/>
      </file>
    </package>
    <package name="src.components.calendar">
      <metrics statements="199" coveredstatements="142" conditionals="123" coveredconditionals="83" methods="35" coveredmethods="25"/>
      <file name="index.tsx" path="/Users/bytedance/mobile-vue-github/okeedesign-mobile-vue/src/components/calendar/index.tsx">
        <metrics statements="199" coveredstatements="142" conditionals="123" coveredconditionals="83" methods="35" coveredmethods="25"/>
        <line num="5" count="70" type="stmt"/>
        <line num="6" count="70" type="stmt"/>
        <line num="14" count="70" type="stmt"/>
        <line num="15" count="70" type="stmt"/>
        <line num="16" count="70" type="stmt"/>
        <line num="18" count="70" type="stmt"/>
        <line num="22" count="210" type="stmt"/>
        <line num="28" count="70" type="stmt"/>
        <line num="135" count="12" type="stmt"/>
        <line num="223" count="70" type="stmt"/>
        <line num="227" count="6" type="stmt"/>
        <line num="248" count="6" type="stmt"/>
        <line num="258" count="6" type="stmt"/>
        <line num="263" count="6" type="cond" truecount="2" falsecount="0"/>
        <line num="288" count="6" type="stmt"/>
        <line num="289" count="6" type="cond" truecount="1" falsecount="1"/>
        <line num="290" count="6" type="cond" truecount="1" falsecount="1"/>
        <line num="291" count="6" type="stmt"/>
        <line num="293" count="0" type="stmt"/>
        <line num="297" count="18" type="stmt"/>
        <line num="300" count="9" type="stmt"/>
        <line num="301" count="9" type="cond" truecount="5" falsecount="0"/>
        <line num="302" count="1" type="stmt"/>
        <line num="305" count="8" type="stmt"/>
        <line num="312" count="6" type="stmt"/>
        <line num="317" count="0" type="stmt"/>
        <line num="321" count="6" type="cond" truecount="2" falsecount="0"/>
        <line num="322" count="1" type="stmt"/>
        <line num="323" count="1" type="stmt"/>
        <line num="325" count="5" type="stmt"/>
        <line num="331" count="6" type="cond" truecount="2" falsecount="0"/>
        <line num="332" count="1" type="stmt"/>
        <line num="333" count="1" type="stmt"/>
        <line num="335" count="5" type="stmt"/>
        <line num="339" count="6" type="stmt"/>
        <line num="340" count="6" type="stmt"/>
        <line num="343" count="3" type="stmt"/>
        <line num="348" count="6" type="stmt"/>
        <line num="349" count="6" type="stmt"/>
        <line num="350" count="6" type="stmt"/>
        <line num="351" count="6" type="stmt"/>
        <line num="352" count="6" type="stmt"/>
        <line num="356" count="6" type="stmt"/>
        <line num="360" count="6" type="stmt"/>
        <line num="361" count="6" type="stmt"/>
        <line num="362" count="6" type="cond" truecount="2" falsecount="2"/>
        <line num="367" count="558" type="stmt"/>
        <line num="368" count="558" type="stmt"/>
        <line num="369" count="558" type="cond" truecount="3" falsecount="1"/>
        <line num="370" count="0" type="stmt"/>
        <line num="372" count="558" type="cond" truecount="4" falsecount="0"/>
        <line num="373" count="62" type="stmt"/>
        <line num="375" count="496" type="stmt"/>
        <line num="379" count="9" type="stmt"/>
        <line num="380" count="9" type="stmt"/>
        <line num="381" count="18" type="stmt"/>
        <line num="382" count="18" type="cond" truecount="3" falsecount="1"/>
        <line num="387" count="7" type="stmt"/>
        <line num="388" count="7" type="stmt"/>
        <line num="389" count="7" type="stmt"/>
        <line num="390" count="7" type="cond" truecount="3" falsecount="1"/>
        <line num="391" count="0" type="stmt"/>
        <line num="393" count="7" type="stmt"/>
        <line num="397" count="0" type="cond" truecount="0" falsecount="2"/>
        <line num="398" count="0" type="stmt"/>
        <line num="400" count="0" type="stmt"/>
        <line num="404" count="6" type="stmt"/>
        <line num="406" count="6" type="cond" truecount="1" falsecount="1"/>
        <line num="407" count="0" type="stmt"/>
        <line num="410" count="6" type="cond" truecount="3" falsecount="1"/>
        <line num="411" count="0" type="stmt"/>
        <line num="414" count="6" type="stmt"/>
        <line num="416" count="6" type="stmt"/>
        <line num="418" count="1" type="cond" truecount="1" falsecount="1"/>
        <line num="419" count="1" type="stmt"/>
        <line num="421" count="1" type="stmt"/>
        <line num="422" count="1" type="stmt"/>
        <line num="425" count="0" type="cond" truecount="0" falsecount="2"/>
        <line num="426" count="0" type="stmt"/>
        <line num="428" count="0" type="stmt"/>
        <line num="429" count="0" type="stmt"/>
        <line num="430" count="0" type="stmt"/>
        <line num="433" count="5" type="cond" truecount="1" falsecount="1"/>
        <line num="434" count="0" type="stmt"/>
        <line num="435" count="0" type="stmt"/>
        <line num="437" count="5" type="stmt"/>
        <line num="438" count="5" type="stmt"/>
        <line num="439" count="5" type="cond" truecount="2" falsecount="0"/>
        <line num="440" count="3" type="stmt"/>
        <line num="442" count="2" type="cond" truecount="2" falsecount="0"/>
        <line num="443" count="1" type="stmt"/>
        <line num="445" count="2" type="stmt"/>
        <line num="450" count="4" type="stmt"/>
        <line num="452" count="4" type="cond" truecount="1" falsecount="1"/>
        <line num="453" count="0" type="stmt"/>
        <line num="458" count="4" type="cond" truecount="2" falsecount="0"/>
        <line num="459" count="3" type="stmt"/>
        <line num="460" count="3" type="stmt"/>
        <line num="461" count="3" type="cond" truecount="1" falsecount="1"/>
        <line num="462" count="0" type="stmt"/>
        <line num="464" count="3" type="cond" truecount="2" falsecount="0"/>
        <line num="465" count="2" type="stmt"/>
        <line num="467" count="3" type="cond" truecount="1" falsecount="1"/>
        <line num="468" count="0" type="stmt"/>
        <line num="473" count="3" type="stmt"/>
        <line num="477" count="1" type="stmt"/>
        <line num="480" count="4" type="stmt"/>
        <line num="482" count="4" type="stmt"/>
        <line num="486" count="6" type="stmt"/>
        <line num="487" count="6" type="stmt"/>
        <line num="489" count="6" type="stmt"/>
        <line num="490" count="0" type="stmt"/>
        <line num="491" count="0" type="stmt"/>
        <line num="493" count="6" type="stmt"/>
        <line num="494" count="12" type="stmt"/>
        <line num="495" count="12" type="stmt"/>
        <line num="499" count="6" type="stmt"/>
        <line num="500" count="6" type="cond" truecount="2" falsecount="2"/>
        <line num="501" count="0" type="stmt"/>
        <line num="502" count="0" type="stmt"/>
        <line num="503" count="0" type="stmt"/>
        <line num="508" count="6" type="stmt"/>
        <line num="509" count="6" type="cond" truecount="2" falsecount="2"/>
        <line num="510" count="0" type="stmt"/>
        <line num="511" count="0" type="stmt"/>
        <line num="512" count="0" type="stmt"/>
        <line num="518" count="0" type="stmt"/>
        <line num="519" count="0" type="stmt"/>
        <line num="520" count="0" type="cond" truecount="0" falsecount="2"/>
        <line num="521" count="0" type="stmt"/>
        <line num="523" count="0" type="cond" truecount="0" falsecount="2"/>
        <line num="524" count="0" type="stmt"/>
        <line num="526" count="0" type="cond" truecount="0" falsecount="2"/>
        <line num="527" count="0" type="stmt"/>
        <line num="529" count="0" type="stmt"/>
        <line num="531" count="0" type="stmt"/>
        <line num="532" count="0" type="cond" truecount="0" falsecount="2"/>
        <line num="533" count="0" type="stmt"/>
        <line num="534" count="0" type="stmt"/>
        <line num="539" count="0" type="stmt"/>
        <line num="540" count="0" type="stmt"/>
        <line num="541" count="0" type="stmt"/>
        <line num="544" count="0" type="stmt"/>
        <line num="545" count="0" type="stmt"/>
        <line num="546" count="0" type="stmt"/>
        <line num="548" count="0" type="stmt"/>
        <line num="549" count="0" type="stmt"/>
        <line num="550" count="0" type="stmt"/>
        <line num="553" count="0" type="stmt"/>
        <line num="554" count="0" type="stmt"/>
        <line num="555" count="0" type="stmt"/>
        <line num="559" count="1" type="cond" truecount="1" falsecount="1"/>
        <line num="560" count="0" type="stmt"/>
        <line num="562" count="1" type="stmt"/>
        <line num="563" count="1" type="stmt"/>
        <line num="567" count="1" type="cond" truecount="1" falsecount="1"/>
        <line num="568" count="0" type="stmt"/>
        <line num="570" count="1" type="stmt"/>
        <line num="571" count="1" type="stmt"/>
        <line num="572" count="1" type="stmt"/>
        <line num="575" count="36" type="stmt"/>
        <line num="576" count="18" type="stmt"/>
        <line num="585" count="18" type="stmt"/>
        <line num="587" count="18" type="stmt"/>
        <line num="588" count="18" type="stmt"/>
        <line num="589" count="18" type="cond" truecount="1" falsecount="1"/>
        <line num="590" count="18" type="stmt"/>
        <line num="591" count="18" type="stmt"/>
        <line num="592" count="18" type="stmt"/>
        <line num="593" count="18" type="stmt"/>
        <line num="594" count="18" type="stmt"/>
        <line num="595" count="18" type="stmt"/>
        <line num="598" count="18" type="cond" truecount="2" falsecount="1"/>
        <line num="603" count="18" type="cond" truecount="2" falsecount="3"/>
        <line num="610" count="18" type="stmt"/>
        <line num="620" count="558" type="stmt"/>
        <line num="621" count="558" type="stmt"/>
        <line num="622" count="558" type="stmt"/>
        <line num="624" count="558" type="cond" truecount="3" falsecount="0"/>
        <line num="625" count="558" type="stmt"/>
        <line num="626" count="558" type="stmt"/>
        <line num="627" count="6" type="cond" truecount="1" falsecount="1"/>
        <line num="628" count="6" type="stmt"/>
        <line num="631" count="558" type="stmt"/>
        <line num="657" count="18" type="stmt"/>
        <line num="658" count="36" type="stmt"/>
        <line num="668" count="8" type="cond" truecount="2" falsecount="0"/>
        <line num="674" count="8" type="cond" truecount="2" falsecount="0"/>
        <line num="680" count="8" type="cond" truecount="2" falsecount="0"/>
        <line num="682" count="9" type="stmt"/>
        <line num="684" count="9" type="stmt"/>
        <line num="686" count="9" type="stmt"/>
        <line num="688" count="0" type="stmt"/>
        <line num="689" count="0" type="stmt"/>
        <line num="690" count="0" type="stmt"/>
        <line num="693" count="9" type="stmt"/>
        <line num="705" count="63" type="stmt"/>
        <line num="722" count="18" type="stmt"/>
        <line num="744" count="70" type="stmt"/>
      </file>
    </package>
    <package name="src.components.calendar.demo">
      <metrics statements="18" coveredstatements="3" conditionals="0" coveredconditionals="0" methods="8" coveredmethods="1"/>
      <file name="index.vue" path="/Users/bytedance/mobile-vue-github/okeedesign-mobile-vue/src/components/calendar/demo/index.vue">
        <metrics statements="18" coveredstatements="3" conditionals="0" coveredconditionals="0" methods="8" coveredmethods="1"/>
        <line num="111" count="1" type="stmt"/>
        <line num="162" count="1" type="stmt"/>
        <line num="163" count="1" type="stmt"/>
        <line num="185" count="0" type="stmt"/>
        <line num="190" count="0" type="stmt"/>
        <line num="193" count="0" type="stmt"/>
        <line num="196" count="0" type="stmt"/>
        <line num="197" count="0" type="stmt"/>
        <line num="198" count="0" type="stmt"/>
        <line num="201" count="0" type="stmt"/>
        <line num="202" count="0" type="stmt"/>
        <line num="203" count="0" type="stmt"/>
        <line num="206" count="0" type="stmt"/>
        <line num="207" count="0" type="stmt"/>
        <line num="208" count="0" type="stmt"/>
        <line num="211" count="0" type="stmt"/>
        <line num="212" count="0" type="stmt"/>
        <line num="213" count="0" type="stmt"/>
      </file>
    </package>
    <package name="src.components.cascader">
      <metrics statements="89" coveredstatements="79" conditionals="56" coveredconditionals="40" methods="26" coveredmethods="24"/>
      <file name="index.tsx" path="/Users/bytedance/mobile-vue-github/okeedesign-mobile-vue/src/components/cascader/index.tsx">
        <metrics statements="89" coveredstatements="79" conditionals="56" coveredconditionals="40" methods="26" coveredmethods="24"/>
        <line num="1" count="70" type="stmt"/>
        <line num="2" count="70" type="stmt"/>
        <line num="3" count="70" type="stmt"/>
        <line num="4" count="140" type="stmt"/>
        <line num="29" count="18" type="cond" truecount="3" falsecount="1"/>
        <line num="30" count="0" type="stmt"/>
        <line num="32" count="18" type="stmt"/>
        <line num="33" count="18" type="stmt"/>
        <line num="34" count="18" type="stmt"/>
        <line num="35" count="18" type="stmt"/>
        <line num="36" count="52" type="stmt"/>
        <line num="37" count="52" type="stmt"/>
        <line num="38" count="156" type="cond" truecount="2" falsecount="0"/>
        <line num="40" count="52" type="cond" truecount="2" falsecount="0"/>
        <line num="41" count="16" type="stmt"/>
        <line num="43" count="52" type="stmt"/>
        <line num="45" count="18" type="stmt"/>
        <line num="54" count="14" type="cond" truecount="3" falsecount="1"/>
        <line num="55" count="0" type="stmt"/>
        <line num="57" count="14" type="stmt"/>
        <line num="58" count="41" type="stmt"/>
        <line num="59" count="41" type="cond" truecount="4" falsecount="0"/>
        <line num="60" count="11" type="stmt"/>
        <line num="72" count="2" type="stmt"/>
        <line num="73" count="2" type="stmt"/>
        <line num="74" count="16" type="stmt"/>
        <line num="75" count="6" type="cond" truecount="1" falsecount="1"/>
        <line num="76" count="6" type="stmt"/>
        <line num="82" count="2" type="stmt"/>
        <line num="89" count="70" type="stmt"/>
        <line num="94" count="0" type="stmt"/>
        <line num="100" count="1" type="stmt"/>
        <line num="106" count="2" type="stmt"/>
        <line num="112" count="1" type="stmt"/>
        <line num="117" count="2" type="stmt"/>
        <line num="126" count="2" type="cond" truecount="1" falsecount="1"/>
        <line num="127" count="2" type="stmt"/>
        <line num="128" count="2" type="stmt"/>
        <line num="130" count="2" type="cond" truecount="1" falsecount="1"/>
        <line num="131" count="0" type="stmt"/>
        <line num="134" count="0" type="stmt"/>
        <line num="135" count="0" type="stmt"/>
        <line num="136" count="0" type="stmt"/>
        <line num="144" count="2" type="cond" truecount="2" falsecount="0"/>
        <line num="145" count="1" type="stmt"/>
        <line num="147" count="1" type="cond" truecount="1" falsecount="1"/>
        <line num="148" count="1" type="stmt"/>
        <line num="156" count="1" type="stmt"/>
        <line num="157" count="1" type="stmt"/>
        <line num="159" count="8" type="cond" truecount="2" falsecount="0"/>
        <line num="160" count="3" type="cond" truecount="1" falsecount="1"/>
        <line num="161" count="3" type="stmt"/>
        <line num="162" count="3" type="cond" truecount="4" falsecount="0"/>
        <line num="163" count="2" type="stmt"/>
        <line num="167" count="1" type="stmt"/>
        <line num="168" count="1" type="stmt"/>
        <line num="169" count="1" type="stmt"/>
        <line num="171" count="3" type="stmt"/>
        <line num="173" count="3" type="stmt"/>
        <line num="174" count="3" type="stmt"/>
        <line num="175" count="3" type="cond" truecount="2" falsecount="0"/>
        <line num="176" count="2" type="stmt"/>
        <line num="177" count="2" type="stmt"/>
        <line num="178" count="2" type="cond" truecount="1" falsecount="1"/>
        <line num="180" count="2" type="stmt"/>
        <line num="183" count="0" type="stmt"/>
        <line num="184" count="0" type="cond" truecount="0" falsecount="2"/>
        <line num="185" count="0" type="cond" truecount="0" falsecount="2"/>
        <line num="188" count="2" type="stmt"/>
        <line num="189" count="2" type="stmt"/>
        <line num="190" count="2" type="stmt"/>
        <line num="192" count="1" type="stmt"/>
        <line num="193" count="1" type="stmt"/>
        <line num="195" count="1" type="stmt"/>
        <line num="196" count="3" type="cond" truecount="1" falsecount="1"/>
        <line num="199" count="1" type="stmt"/>
        <line num="200" count="3" type="stmt"/>
        <line num="201" count="1" type="stmt"/>
        <line num="202" count="1" type="stmt"/>
        <line num="206" count="10" type="stmt"/>
        <line num="207" count="5" type="stmt"/>
        <line num="208" count="12" type="stmt"/>
        <line num="213" count="31" type="stmt"/>
        <line num="217" count="5" type="stmt"/>
        <line num="218" count="31" type="stmt"/>
        <line num="223" count="3" type="stmt"/>
        <line num="235" count="5" type="stmt"/>
        <line num="239" count="12" type="cond" truecount="3" falsecount="1"/>
        <line num="240" count="12" type="stmt"/>
      </file>
    </package>
    <package name="src.components.cascader.demo">
      <metrics statements="31" coveredstatements="10" conditionals="15" coveredconditionals="0" methods="13" coveredmethods="2"/>
      <file name="index.vue" path="/Users/bytedance/mobile-vue-github/okeedesign-mobile-vue/src/components/cascader/demo/index.vue">
        <metrics statements="31" coveredstatements="10" conditionals="15" coveredconditionals="0" methods="13" coveredmethods="2"/>
        <line num="45" count="1" type="stmt"/>
        <line num="46" count="1" type="stmt"/>
        <line num="147" count="1" type="stmt"/>
        <line num="248" count="1" type="stmt"/>
        <line num="265" count="1" type="stmt"/>
        <line num="316" count="1" type="stmt"/>
        <line num="341" count="1" type="stmt"/>
        <line num="354" count="1" type="stmt"/>
        <line num="356" count="1" type="stmt"/>
        <line num="357" count="0" type="stmt"/>
        <line num="358" count="0" type="stmt"/>
        <line num="362" count="1" type="stmt"/>
        <line num="363" count="0" type="stmt"/>
        <line num="364" count="0" type="stmt"/>
        <line num="365" count="0" type="cond" truecount="0" falsecount="5"/>
        <line num="366" count="0" type="stmt"/>
        <line num="368" count="0" type="stmt"/>
        <line num="369" count="0" type="stmt"/>
        <line num="376" count="0" type="stmt"/>
        <line num="377" count="0" type="stmt"/>
        <line num="378" count="0" type="stmt"/>
        <line num="382" count="0" type="stmt"/>
        <line num="383" count="0" type="stmt"/>
        <line num="384" count="0" type="cond" truecount="0" falsecount="5"/>
        <line num="385" count="0" type="stmt"/>
        <line num="386" count="0" type="stmt"/>
        <line num="392" count="0" type="stmt"/>
        <line num="393" count="0" type="stmt"/>
        <line num="394" count="0" type="cond" truecount="0" falsecount="5"/>
        <line num="395" count="0" type="stmt"/>
        <line num="396" count="0" type="stmt"/>
      </file>
    </package>
    <package name="src.components.cell">
      <metrics statements="24" coveredstatements="23" conditionals="32" coveredconditionals="31" methods="4" coveredmethods="3"/>
      <file name="index.tsx" path="/Users/bytedance/mobile-vue-github/okeedesign-mobile-vue/src/components/cell/index.tsx">
        <metrics statements="23" coveredstatements="22" conditionals="32" coveredconditionals="31" methods="4" coveredmethods="3"/>
        <line num="1" count="70" type="stmt"/>
        <line num="2" count="70" type="stmt"/>
        <line num="3" count="70" type="stmt"/>
        <line num="22" count="140" type="stmt"/>
        <line num="31" count="247" type="stmt"/>
        <line num="33" count="247" type="cond" truecount="2" falsecount="0"/>
        <line num="34" count="247" type="cond" truecount="2" falsecount="0"/>
        <line num="35" count="247" type="cond" truecount="2" falsecount="0"/>
        <line num="37" count="247" type="cond" truecount="2" falsecount="0"/>
        <line num="41" count="247" type="cond" truecount="2" falsecount="0"/>
        <line num="48" count="247" type="cond" truecount="2" falsecount="0"/>
        <line num="54" count="247" type="cond" truecount="2" falsecount="0"/>
        <line num="55" count="100" type="stmt"/>
        <line num="63" count="247" type="stmt"/>
        <line num="64" count="247" type="cond" truecount="4" falsecount="0"/>
        <line num="67" count="13" type="stmt"/>
        <line num="71" count="0" type="stmt"/>
        <line num="74" count="247" type="stmt"/>
        <line num="80" count="247" type="cond" truecount="2" falsecount="0"/>
        <line num="81" count="116" type="stmt"/>
        <line num="84" count="247" type="stmt"/>
        <line num="94" count="70" type="stmt"/>
        <line num="98" count="70" type="stmt"/>
      </file>
      <file name="shared.ts" path="/Users/bytedance/mobile-vue-github/okeedesign-mobile-vue/src/components/cell/shared.ts">
        <metrics statements="1" coveredstatements="1" conditionals="0" coveredconditionals="0" methods="0" coveredmethods="0"/>
        <line num="18" count="70" type="stmt"/>
      </file>
    </package>
    <package name="src.components.cell-group">
      <metrics statements="10" coveredstatements="9" conditionals="4" coveredconditionals="3" methods="1" coveredmethods="1"/>
      <file name="index.tsx" path="/Users/bytedance/mobile-vue-github/okeedesign-mobile-vue/src/components/cell-group/index.tsx">
        <metrics statements="10" coveredstatements="9" conditionals="4" coveredconditionals="3" methods="1" coveredmethods="1"/>
        <line num="1" count="70" type="stmt"/>
        <line num="2" count="70" type="stmt"/>
        <line num="11" count="140" type="stmt"/>
        <line num="20" count="5" type="stmt"/>
        <line num="21" count="5" type="stmt"/>
        <line num="30" count="5" type="cond" truecount="1" falsecount="1"/>
        <line num="31" count="0" type="stmt"/>
        <line num="39" count="5" type="stmt"/>
        <line num="42" count="70" type="stmt"/>
        <line num="50" count="70" type="stmt"/>
      </file>
    </package>
    <package name="src.components.cell.demo">
      <metrics statements="4" coveredstatements="3" conditionals="0" coveredconditionals="0" methods="3" coveredmethods="2"/>
      <file name="index.vue" path="/Users/bytedance/mobile-vue-github/okeedesign-mobile-vue/src/components/cell/demo/index.vue">
        <metrics statements="4" coveredstatements="3" conditionals="0" coveredconditionals="0" methods="3" coveredmethods="2"/>
        <line num="135" count="1" type="stmt"/>
        <line num="136" count="1" type="stmt"/>
        <line num="186" count="1" type="stmt"/>
        <line num="198" count="0" type="stmt"/>
      </file>
    </package>
    <package name="src.components.checkbox">
      <metrics statements="68" coveredstatements="52" conditionals="60" coveredconditionals="39" methods="7" coveredmethods="7"/>
      <file name="index.tsx" path="/Users/bytedance/mobile-vue-github/okeedesign-mobile-vue/src/components/checkbox/index.tsx">
        <metrics statements="68" coveredstatements="52" conditionals="60" coveredconditionals="39" methods="7" coveredmethods="7"/>
        <line num="1" count="70" type="stmt"/>
        <line num="2" count="70" type="stmt"/>
        <line num="3" count="70" type="stmt"/>
        <line num="4" count="70" type="stmt"/>
        <line num="28" count="140" type="stmt"/>
        <line num="30" count="70" type="stmt"/>
        <line num="31" count="70" type="stmt"/>
        <line num="33" count="70" type="stmt"/>
        <line num="37" count="19" type="stmt"/>
        <line num="50" count="2" type="stmt"/>
        <line num="56" count="2" type="stmt"/>
        <line num="67" count="27" type="cond" truecount="1" falsecount="1"/>
        <line num="71" count="0" type="cond" truecount="0" falsecount="2"/>
        <line num="72" count="0" type="stmt"/>
        <line num="74" count="0" type="stmt"/>
        <line num="78" count="19" type="cond" truecount="3" falsecount="0"/>
        <line num="82" count="27" type="cond" truecount="2" falsecount="0"/>
        <line num="83" count="2" type="cond" truecount="2" falsecount="0"/>
        <line num="85" count="25" type="cond" truecount="2" falsecount="0"/>
        <line num="89" count="19" type="stmt"/>
        <line num="90" count="19" type="stmt"/>
        <line num="94" count="19" type="cond" truecount="3" falsecount="0"/>
        <line num="98" count="19" type="cond" truecount="3" falsecount="0"/>
        <line num="104" count="2" type="cond" truecount="2" falsecount="2"/>
        <line num="105" count="0" type="stmt"/>
        <line num="113" count="19" type="cond" truecount="4" falsecount="0"/>
        <line num="118" count="2" type="cond" truecount="1" falsecount="1"/>
        <line num="119" count="0" type="stmt"/>
        <line num="121" count="2" type="cond" truecount="1" falsecount="1"/>
        <line num="122" count="2" type="stmt"/>
        <line num="124" count="0" type="stmt"/>
        <line num="126" count="2" type="stmt"/>
        <line num="129" count="2" type="stmt"/>
        <line num="130" count="2" type="stmt"/>
        <line num="131" count="2" type="stmt"/>
        <line num="132" count="2" type="cond" truecount="3" falsecount="2"/>
        <line num="133" count="0" type="stmt"/>
        <line num="136" count="2" type="stmt"/>
        <line num="137" count="2" type="stmt"/>
        <line num="138" count="8" type="cond" truecount="2" falsecount="0"/>
        <line num="139" count="6" type="cond" truecount="2" falsecount="0"/>
        <line num="140" count="3" type="stmt"/>
        <line num="142" count="2" type="cond" truecount="1" falsecount="1"/>
        <line num="143" count="2" type="stmt"/>
        <line num="146" count="2" type="stmt"/>
        <line num="150" count="0" type="cond" truecount="0" falsecount="2"/>
        <line num="151" count="0" type="stmt"/>
        <line num="152" count="0" type="cond" truecount="0" falsecount="2"/>
        <line num="153" count="0" type="stmt"/>
        <line num="158" count="4" type="cond" truecount="1" falsecount="1"/>
        <line num="159" count="0" type="stmt"/>
        <line num="160" count="4" type="cond" truecount="2" falsecount="0"/>
        <line num="161" count="2" type="stmt"/>
        <line num="165" count="27" type="stmt"/>
        <line num="166" count="27" type="cond" truecount="1" falsecount="1"/>
        <line num="167" count="0" type="stmt"/>
        <line num="169" count="27" type="stmt"/>
        <line num="172" count="0" type="stmt"/>
        <line num="173" count="0" type="cond" truecount="0" falsecount="2"/>
        <line num="181" count="27" type="stmt"/>
        <line num="182" count="27" type="stmt"/>
        <line num="183" count="27" type="cond" truecount="2" falsecount="0"/>
        <line num="184" count="27" type="stmt"/>
        <line num="186" count="27" type="cond" truecount="1" falsecount="1"/>
        <line num="187" count="0" type="stmt"/>
        <line num="189" count="27" type="stmt"/>
        <line num="192" count="27" type="stmt"/>
        <line num="204" count="27" type="stmt"/>
      </file>
    </package>
    <package name="src.components.checkbox-group">
      <metrics statements="13" coveredstatements="12" conditionals="0" coveredconditionals="0" methods="5" coveredmethods="4"/>
      <file name="index.tsx" path="/Users/bytedance/mobile-vue-github/okeedesign-mobile-vue/src/components/checkbox-group/index.tsx">
        <metrics statements="13" coveredstatements="12" conditionals="0" coveredconditionals="0" methods="5" coveredmethods="4"/>
        <line num="1" count="70" type="stmt"/>
        <line num="2" count="70" type="stmt"/>
        <line num="23" count="140" type="stmt"/>
        <line num="25" count="70" type="stmt"/>
        <line num="26" count="70" type="stmt"/>
        <line num="28" count="70" type="stmt"/>
        <line num="32" count="6" type="stmt"/>
        <line num="42" count="0" type="stmt"/>
        <line num="48" count="8" type="stmt"/>
        <line num="55" count="8" type="stmt"/>
        <line num="61" count="2" type="stmt"/>
        <line num="64" count="8" type="stmt"/>
        <line num="65" count="8" type="stmt"/>
      </file>
    </package>
    <package name="src.components.checkbox.demo">
      <metrics statements="6" coveredstatements="3" conditionals="0" coveredconditionals="0" methods="4" coveredmethods="1"/>
      <file name="index.vue" path="/Users/bytedance/mobile-vue-github/okeedesign-mobile-vue/src/components/checkbox/demo/index.vue">
        <metrics statements="6" coveredstatements="3" conditionals="0" coveredconditionals="0" methods="4" coveredmethods="1"/>
        <line num="52" count="1" type="stmt"/>
        <line num="53" count="1" type="stmt"/>
        <line num="86" count="1" type="stmt"/>
        <line num="103" count="0" type="stmt"/>
        <line num="106" count="0" type="stmt"/>
        <line num="109" count="0" type="stmt"/>
      </file>
    </package>
    <package name="src.components.checker">
      <metrics statements="27" coveredstatements="23" conditionals="10" coveredconditionals="7" methods="7" coveredmethods="7"/>
      <file name="index.tsx" path="/Users/bytedance/mobile-vue-github/okeedesign-mobile-vue/src/components/checker/index.tsx">
        <metrics statements="27" coveredstatements="23" conditionals="10" coveredconditionals="7" methods="7" coveredmethods="7"/>
        <line num="1" count="70" type="stmt"/>
        <line num="2" count="70" type="stmt"/>
        <line num="28" count="70" type="stmt"/>
        <line num="29" count="70" type="stmt"/>
        <line num="30" count="70" type="stmt"/>
        <line num="32" count="140" type="stmt"/>
        <line num="34" count="70" type="stmt"/>
        <line num="38" count="9" type="stmt"/>
        <line num="51" count="10" type="stmt"/>
        <line num="58" count="10" type="stmt"/>
        <line num="69" count="10" type="stmt"/>
        <line num="75" count="9" type="stmt"/>
        <line num="80" count="1" type="stmt"/>
        <line num="86" count="1" type="stmt"/>
        <line num="88" count="1" type="cond" truecount="1" falsecount="1"/>
        <line num="89" count="0" type="stmt"/>
        <line num="93" count="0" type="stmt"/>
        <line num="102" count="10" type="stmt"/>
        <line num="104" count="10" type="cond" truecount="2" falsecount="0"/>
        <line num="105" count="6" type="stmt"/>
        <line num="107" count="6" type="cond" truecount="1" falsecount="1"/>
        <line num="108" count="0" type="stmt"/>
        <line num="111" count="4" type="cond" truecount="2" falsecount="0"/>
        <line num="113" count="4" type="cond" truecount="1" falsecount="1"/>
        <line num="114" count="0" type="stmt"/>
        <line num="120" count="10" type="stmt"/>
        <line num="121" count="10" type="stmt"/>
      </file>
    </package>
    <package name="src.components.checker-item">
      <metrics statements="43" coveredstatements="38" conditionals="39" coveredconditionals="29" methods="5" coveredmethods="5"/>
      <file name="index.tsx" path="/Users/bytedance/mobile-vue-github/okeedesign-mobile-vue/src/components/checker-item/index.tsx">
        <metrics statements="43" coveredstatements="38" conditionals="39" coveredconditionals="29" methods="5" coveredmethods="5"/>
        <line num="1" count="70" type="stmt"/>
        <line num="2" count="70" type="stmt"/>
        <line num="3" count="70" type="stmt"/>
        <line num="4" count="70" type="stmt"/>
        <line num="21" count="140" type="stmt"/>
        <line num="23" count="70" type="stmt"/>
        <line num="46" count="27" type="stmt"/>
        <line num="48" count="27" type="cond" truecount="2" falsecount="0"/>
        <line num="51" count="30" type="stmt"/>
        <line num="53" count="30" type="cond" truecount="2" falsecount="0"/>
        <line num="56" count="27" type="stmt"/>
        <line num="57" count="27" type="stmt"/>
        <line num="61" count="2" type="stmt"/>
        <line num="62" count="2" type="stmt"/>
        <line num="64" count="2" type="stmt"/>
        <line num="65" count="6" type="cond" truecount="2" falsecount="0"/>
        <line num="66" count="4" type="cond" truecount="2" falsecount="0"/>
        <line num="67" count="2" type="stmt"/>
        <line num="69" count="2" type="cond" truecount="1" falsecount="1"/>
        <line num="70" count="2" type="stmt"/>
        <line num="74" count="2" type="stmt"/>
        <line num="78" count="1" type="cond" truecount="1" falsecount="1"/>
        <line num="79" count="1" type="stmt"/>
        <line num="80" count="1" type="stmt"/>
        <line num="85" count="2" type="cond" truecount="2" falsecount="0"/>
        <line num="86" count="1" type="stmt"/>
        <line num="88" count="1" type="cond" truecount="1" falsecount="1"/>
        <line num="90" count="1" type="stmt"/>
        <line num="91" count="1" type="stmt"/>
        <line num="93" count="1" type="cond" truecount="2" falsecount="2"/>
        <line num="94" count="0" type="stmt"/>
        <line num="100" count="0" type="cond" truecount="0" falsecount="2"/>
        <line num="101" count="0" type="stmt"/>
        <line num="103" count="0" type="cond" truecount="0" falsecount="2"/>
        <line num="105" count="0" type="stmt"/>
        <line num="109" count="30" type="stmt"/>
        <line num="110" count="30" type="stmt"/>
        <line num="111" count="30" type="stmt"/>
        <line num="112" count="30" type="cond" truecount="1" falsecount="1"/>
        <line num="114" count="30" type="stmt"/>
        <line num="115" count="30" type="stmt"/>
        <line num="128" count="30" type="cond" truecount="2" falsecount="0"/>
        <line num="130" count="30" type="stmt"/>
      </file>
    </package>
    <package name="src.components.checker.demo">
      <metrics statements="10" coveredstatements="3" conditionals="0" coveredconditionals="0" methods="7" coveredmethods="1"/>
      <file name="index.vue" path="/Users/bytedance/mobile-vue-github/okeedesign-mobile-vue/src/components/checker/demo/index.vue">
        <metrics statements="10" coveredstatements="3" conditionals="0" coveredconditionals="0" methods="7" coveredmethods="1"/>
        <line num="119" count="1" type="stmt"/>
        <line num="120" count="1" type="stmt"/>
        <line num="153" count="1" type="stmt"/>
        <line num="169" count="0" type="stmt"/>
        <line num="172" count="0" type="stmt"/>
        <line num="174" count="0" type="stmt"/>
        <line num="175" count="0" type="stmt"/>
        <line num="176" count="0" type="stmt"/>
        <line num="178" count="0" type="stmt"/>
        <line num="185" count="0" type="stmt"/>
      </file>
    </package>
    <package name="src.components.col">
      <metrics statements="8" coveredstatements="8" conditionals="6" coveredconditionals="6" methods="2" coveredmethods="2"/>
      <file name="index.tsx" path="/Users/bytedance/mobile-vue-github/okeedesign-mobile-vue/src/components/col/index.tsx">
        <metrics statements="8" coveredstatements="8" conditionals="6" coveredconditionals="6" methods="2" coveredmethods="2"/>
        <line num="1" count="70" type="stmt"/>
        <line num="3" count="140" type="stmt"/>
        <line num="10" count="70" type="stmt"/>
        <line num="18" count="63" type="cond" truecount="4" falsecount="0"/>
        <line num="21" count="63" type="cond" truecount="2" falsecount="0"/>
        <line num="25" count="63" type="stmt"/>
        <line num="26" count="63" type="stmt"/>
        <line num="27" count="63" type="stmt"/>
      </file>
    </package>
    <package name="src.components.col.demo">
      <metrics statements="2" coveredstatements="2" conditionals="0" coveredconditionals="0" methods="1" coveredmethods="1"/>
      <file name="index.vue" path="/Users/bytedance/mobile-vue-github/okeedesign-mobile-vue/src/components/col/demo/index.vue">
        <metrics statements="2" coveredstatements="2" conditionals="0" coveredconditionals="0" methods="1" coveredmethods="1"/>
        <line num="57" count="1" type="stmt"/>
        <line num="79" count="1" type="stmt"/>
      </file>
    </package>
    <package name="src.components.collapse">
      <metrics statements="12" coveredstatements="12" conditionals="4" coveredconditionals="4" methods="3" coveredmethods="3"/>
      <file name="index.tsx" path="/Users/bytedance/mobile-vue-github/okeedesign-mobile-vue/src/components/collapse/index.tsx">
        <metrics statements="12" coveredstatements="12" conditionals="4" coveredconditionals="4" methods="3" coveredmethods="3"/>
        <line num="1" count="70" type="stmt"/>
        <line num="2" count="70" type="stmt"/>
        <line num="19" count="140" type="stmt"/>
        <line num="21" count="70" type="stmt"/>
        <line num="35" count="8" type="cond" truecount="2" falsecount="0"/>
        <line num="36" count="5" type="stmt"/>
        <line num="38" count="2" type="stmt"/>
        <line num="40" count="8" type="stmt"/>
        <line num="41" count="8" type="stmt"/>
        <line num="45" count="14" type="stmt"/>
        <line num="46" count="14" type="stmt"/>
        <line num="47" count="14" type="stmt"/>
      </file>
    </package>
    <package name="src.components.collapse-item">
      <metrics statements="57" coveredstatements="50" conditionals="39" coveredconditionals="29" methods="10" coveredmethods="9"/>
      <file name="index.tsx" path="/Users/bytedance/mobile-vue-github/okeedesign-mobile-vue/src/components/collapse-item/index.tsx">
        <metrics statements="57" coveredstatements="50" conditionals="39" coveredconditionals="29" methods="10" coveredmethods="9"/>
        <line num="1" count="70" type="stmt"/>
        <line num="2" count="70" type="stmt"/>
        <line num="3" count="70" type="stmt"/>
        <line num="4" count="70" type="stmt"/>
        <line num="5" count="70" type="stmt"/>
        <line num="24" count="140" type="stmt"/>
        <line num="25" count="70" type="stmt"/>
        <line num="27" count="70" type="stmt"/>
        <line num="42" count="23" type="stmt"/>
        <line num="50" count="24" type="cond" truecount="2" falsecount="0"/>
        <line num="53" count="43" type="stmt"/>
        <line num="54" count="43" type="cond" truecount="1" falsecount="1"/>
        <line num="55" count="0" type="stmt"/>
        <line num="58" count="43" type="stmt"/>
        <line num="59" count="43" type="stmt"/>
        <line num="61" count="21" type="stmt"/>
        <line num="66" count="23" type="stmt"/>
        <line num="67" count="23" type="stmt"/>
        <line num="71" count="6" type="stmt"/>
        <line num="72" count="6" type="cond" truecount="1" falsecount="1"/>
        <line num="73" count="0" type="stmt"/>
        <line num="76" count="6" type="cond" truecount="2" falsecount="0"/>
        <line num="77" count="5" type="stmt"/>
        <line num="78" count="5" type="stmt"/>
        <line num="81" count="6" type="cond" truecount="2" falsecount="0"/>
        <line num="83" count="6" type="stmt"/>
        <line num="84" count="6" type="stmt"/>
        <line num="85" count="6" type="cond" truecount="4" falsecount="0"/>
        <line num="86" count="1" type="stmt"/>
        <line num="89" count="5" type="stmt"/>
        <line num="90" count="5" type="cond" truecount="1" falsecount="1"/>
        <line num="91" count="0" type="stmt"/>
        <line num="92" count="0" type="cond" truecount="0" falsecount="2"/>
        <line num="94" count="0" type="stmt"/>
        <line num="95" count="0" type="cond" truecount="0" falsecount="2"/>
        <line num="98" count="5" type="stmt"/>
        <line num="106" count="9" type="cond" truecount="2" falsecount="0"/>
        <line num="107" count="1" type="stmt"/>
        <line num="110" count="8" type="stmt"/>
        <line num="111" count="8" type="cond" truecount="3" falsecount="1"/>
        <line num="112" count="8" type="stmt"/>
        <line num="116" count="5" type="cond" truecount="1" falsecount="1"/>
        <line num="117" count="0" type="stmt"/>
        <line num="119" count="5" type="stmt"/>
        <line num="124" count="92" type="stmt"/>
        <line num="125" count="46" type="stmt"/>
        <line num="126" count="46" type="stmt"/>
        <line num="128" count="46" type="stmt"/>
        <line num="129" count="138" type="cond" truecount="2" falsecount="0"/>
        <line num="130" count="10" type="stmt"/>
        <line num="132" count="138" type="stmt"/>
        <line num="135" count="46" type="cond" truecount="2" falsecount="0"/>
        <line num="136" count="2" type="stmt"/>
        <line num="139" count="46" type="stmt"/>
        <line num="148" count="46" type="cond" truecount="2" falsecount="1"/>
        <line num="150" count="46" type="cond" truecount="2" falsecount="0"/>
        <line num="163" count="46" type="stmt"/>
      </file>
    </package>
    <package name="src.components.collapse.demo">
      <metrics statements="2" coveredstatements="2" conditionals="0" coveredconditionals="0" methods="1" coveredmethods="1"/>
      <file name="index.vue" path="/Users/bytedance/mobile-vue-github/okeedesign-mobile-vue/src/components/collapse/demo/index.vue">
        <metrics statements="2" coveredstatements="2" conditionals="0" coveredconditionals="0" methods="1" coveredmethods="1"/>
        <line num="55" count="1" type="stmt"/>
        <line num="83" count="1" type="stmt"/>
      </file>
    </package>
    <package name="src.components.datetime-picker">
      <metrics statements="106" coveredstatements="93" conditionals="38" coveredconditionals="31" methods="6" coveredmethods="6"/>
      <file name="index.tsx" path="/Users/bytedance/mobile-vue-github/okeedesign-mobile-vue/src/components/datetime-picker/index.tsx">
        <metrics statements="106" coveredstatements="93" conditionals="38" coveredconditionals="31" methods="6" coveredmethods="6"/>
        <line num="1" count="70" type="stmt"/>
        <line num="2" count="70" type="stmt"/>
        <line num="3" count="70" type="stmt"/>
        <line num="25" count="210" type="stmt"/>
        <line num="26" count="70" type="stmt"/>
        <line num="28" count="70" type="stmt"/>
        <line num="30" count="70" type="stmt"/>
        <line num="36" count="13" type="stmt"/>
        <line num="43" count="6" type="stmt"/>
        <line num="44" count="6" type="stmt"/>
        <line num="45" count="6" type="stmt"/>
        <line num="46" count="6" type="stmt"/>
        <line num="47" count="6" type="stmt"/>
        <line num="48" count="6" type="stmt"/>
        <line num="49" count="6" type="stmt"/>
        <line num="55" count="7" type="stmt"/>
        <line num="56" count="7" type="stmt"/>
        <line num="57" count="7" type="stmt"/>
        <line num="58" count="7" type="stmt"/>
        <line num="59" count="7" type="stmt"/>
        <line num="60" count="7" type="stmt"/>
        <line num="61" count="7" type="stmt"/>
        <line num="75" count="9" type="stmt"/>
        <line num="79" count="9" type="cond" truecount="2" falsecount="0"/>
        <line num="83" count="7" type="stmt"/>
        <line num="87" count="7" type="stmt"/>
        <line num="97" count="7" type="stmt"/>
        <line num="107" count="9" type="cond" truecount="2" falsecount="0"/>
        <line num="109" count="7" type="stmt"/>
        <line num="111" count="7" type="stmt"/>
        <line num="119" count="7" type="cond" truecount="2" falsecount="0"/>
        <line num="128" count="11" type="stmt"/>
        <line num="130" count="11" type="cond" truecount="2" falsecount="0"/>
        <line num="131" count="3" type="cond" truecount="1" falsecount="1"/>
        <line num="132" count="0" type="stmt"/>
        <line num="133" count="0" type="stmt"/>
        <line num="135" count="3" type="cond" truecount="2" falsecount="0"/>
        <line num="136" count="1" type="stmt"/>
        <line num="137" count="1" type="stmt"/>
        <line num="141" count="1" type="stmt"/>
        <line num="145" count="1" type="stmt"/>
        <line num="148" count="8" type="cond" truecount="1" falsecount="1"/>
        <line num="149" count="0" type="stmt"/>
        <line num="150" count="0" type="stmt"/>
        <line num="152" count="8" type="cond" truecount="2" falsecount="0"/>
        <line num="153" count="1" type="stmt"/>
        <line num="154" count="1" type="stmt"/>
        <line num="155" count="1" type="stmt"/>
        <line num="156" count="1" type="stmt"/>
        <line num="158" count="7" type="cond" truecount="1" falsecount="1"/>
        <line num="159" count="0" type="stmt"/>
        <line num="160" count="0" type="stmt"/>
        <line num="161" count="0" type="stmt"/>
        <line num="162" count="0" type="stmt"/>
        <line num="166" count="9" type="stmt"/>
        <line num="170" count="14" type="stmt"/>
        <line num="171" count="14" type="stmt"/>
        <line num="173" count="14" type="stmt"/>
        <line num="174" count="26" type="cond" truecount="2" falsecount="0"/>
        <line num="175" count="15" type="stmt"/>
        <line num="176" count="15" type="cond" truecount="2" falsecount="0"/>
        <line num="177" count="12" type="stmt"/>
        <line num="179" count="3" type="stmt"/>
        <line num="182" count="11" type="stmt"/>
        <line num="186" count="14" type="stmt"/>
        <line num="193" count="2" type="stmt"/>
        <line num="194" count="2" type="stmt"/>
        <line num="198" count="0" type="stmt"/>
        <line num="202" count="4" type="cond" truecount="2" falsecount="0"/>
        <line num="205" count="21" type="cond" truecount="1" falsecount="1"/>
        <line num="206" count="21" type="stmt"/>
        <line num="207" count="21" type="stmt"/>
        <line num="208" count="482" type="stmt"/>
        <line num="213" count="21" type="stmt"/>
        <line num="217" count="18" type="stmt"/>
        <line num="218" count="18" type="stmt"/>
        <line num="219" count="18" type="stmt"/>
        <line num="220" count="756" type="cond" truecount="2" falsecount="0"/>
        <line num="221" count="756" type="stmt"/>
        <line num="226" count="18" type="stmt"/>
        <line num="230" count="1" type="stmt"/>
        <line num="231" count="1" type="stmt"/>
        <line num="233" count="1" type="stmt"/>
        <line num="234" count="1" type="cond" truecount="1" falsecount="1"/>
        <line num="235" count="0" type="stmt"/>
        <line num="236" count="0" type="stmt"/>
        <line num="238" count="1" type="stmt"/>
        <line num="244" count="1" type="stmt"/>
        <line num="245" count="1" type="stmt"/>
        <line num="247" count="1" type="stmt"/>
        <line num="248" count="2" type="cond" truecount="2" falsecount="0"/>
        <line num="249" count="1" type="stmt"/>
        <line num="250" count="1" type="stmt"/>
        <line num="252" count="1" type="stmt"/>
        <line num="258" count="1" type="cond" truecount="1" falsecount="1"/>
        <line num="259" count="0" type="stmt"/>
        <line num="260" count="0" type="stmt"/>
        <line num="262" count="1" type="stmt"/>
        <line num="263" count="1" type="stmt"/>
        <line num="265" count="1" type="stmt"/>
        <line num="267" count="1" type="stmt"/>
        <line num="268" count="1" type="stmt"/>
        <line num="273" count="1" type="stmt"/>
        <line num="277" count="1" type="stmt"/>
        <line num="281" count="11" type="stmt"/>
        <line num="282" count="11" type="stmt"/>
      </file>
    </package>
    <package name="src.components.datetime-picker.demo">
      <metrics statements="4" coveredstatements="4" conditionals="0" coveredconditionals="0" methods="3" coveredmethods="3"/>
      <file name="index.vue" path="/Users/bytedance/mobile-vue-github/okeedesign-mobile-vue/src/components/datetime-picker/demo/index.vue">
        <metrics statements="4" coveredstatements="4" conditionals="0" coveredconditionals="0" methods="3" coveredmethods="3"/>
        <line num="36" count="1" type="stmt"/>
        <line num="64" count="1" type="stmt"/>
        <line num="77" count="1" type="stmt"/>
        <line num="81" count="2" type="stmt"/>
      </file>
    </package>
    <package name="src.components.dialog">
      <metrics statements="41" coveredstatements="38" conditionals="39" coveredconditionals="36" methods="8" coveredmethods="6"/>
      <file name="index.tsx" path="/Users/bytedance/mobile-vue-github/okeedesign-mobile-vue/src/components/dialog/index.tsx">
        <metrics statements="41" coveredstatements="38" conditionals="39" coveredconditionals="36" methods="8" coveredmethods="6"/>
        <line num="1" count="70" type="stmt"/>
        <line num="2" count="70" type="stmt"/>
        <line num="3" count="70" type="stmt"/>
        <line num="7" count="210" type="stmt"/>
        <line num="36" count="70" type="stmt"/>
        <line num="38" count="70" type="stmt"/>
        <line num="72" count="9" type="stmt"/>
        <line num="77" count="9" type="stmt"/>
        <line num="87" count="1" type="stmt"/>
        <line num="90" count="5" type="stmt"/>
        <line num="91" count="5" type="stmt"/>
        <line num="93" count="5" type="cond" truecount="2" falsecount="0"/>
        <line num="94" count="3" type="stmt"/>
        <line num="95" count="3" type="stmt"/>
        <line num="96" count="2" type="cond" truecount="2" falsecount="0"/>
        <line num="97" count="1" type="stmt"/>
        <line num="99" count="2" type="stmt"/>
        <line num="102" count="2" type="stmt"/>
        <line num="107" count="3" type="stmt"/>
        <line num="109" count="3" type="cond" truecount="2" falsecount="0"/>
        <line num="110" count="2" type="stmt"/>
        <line num="115" count="28" type="stmt"/>
        <line num="116" count="14" type="cond" truecount="2" falsecount="0"/>
        <line num="117" count="4" type="stmt"/>
        <line num="120" count="10" type="stmt"/>
        <line num="121" count="10" type="stmt"/>
        <line num="122" count="10" type="stmt"/>
        <line num="123" count="10" type="cond" truecount="2" falsecount="0"/>
        <line num="125" count="10" type="cond" truecount="2" falsecount="0"/>
        <line num="126" count="10" type="cond" truecount="2" falsecount="0"/>
        <line num="128" count="10" type="cond" truecount="2" falsecount="0"/>
        <line num="136" count="10" type="cond" truecount="2" falsecount="0"/>
        <line num="137" count="10" type="cond" truecount="2" falsecount="0"/>
        <line num="139" count="10" type="cond" truecount="2" falsecount="0"/>
        <line num="147" count="3" type="stmt"/>
        <line num="157" count="1" type="stmt"/>
        <line num="164" count="10" type="cond" truecount="2" falsecount="1"/>
        <line num="167" count="0" type="stmt"/>
        <line num="172" count="0" type="stmt"/>
        <line num="173" count="0" type="cond" truecount="0" falsecount="2"/>
        <line num="181" count="10" type="stmt"/>
      </file>
    </package>
    <package name="src.components.dropdown">
      <metrics statements="32" coveredstatements="30" conditionals="14" coveredconditionals="13" methods="8" coveredmethods="7"/>
      <file name="index.tsx" path="/Users/bytedance/mobile-vue-github/okeedesign-mobile-vue/src/components/dropdown/index.tsx">
        <metrics statements="32" coveredstatements="30" conditionals="14" coveredconditionals="13" methods="8" coveredmethods="7"/>
        <line num="1" count="70" type="stmt"/>
        <line num="2" count="70" type="stmt"/>
        <line num="3" count="70" type="stmt"/>
        <line num="7" count="140" type="stmt"/>
        <line num="9" count="70" type="stmt"/>
        <line num="10" count="70" type="stmt"/>
        <line num="14" count="70" type="stmt"/>
        <line num="30" count="70" type="stmt"/>
        <line num="56" count="19" type="stmt"/>
        <line num="74" count="16" type="stmt"/>
        <line num="81" count="7" type="stmt"/>
        <line num="82" count="7" type="stmt"/>
        <line num="84" count="7" type="cond" truecount="2" falsecount="0"/>
        <line num="85" count="6" type="stmt"/>
        <line num="87" count="1" type="stmt"/>
        <line num="92" count="8" type="stmt"/>
        <line num="93" count="16" type="cond" truecount="2" falsecount="0"/>
        <line num="94" count="8" type="stmt"/>
        <line num="95" count="8" type="cond" truecount="2" falsecount="0"/>
        <line num="96" count="1" type="stmt"/>
        <line num="102" count="0" type="stmt"/>
        <line num="103" count="0" type="stmt"/>
        <line num="108" count="92" type="stmt"/>
        <line num="109" count="46" type="stmt"/>
        <line num="110" count="46" type="stmt"/>
        <line num="111" count="46" type="stmt"/>
        <line num="112" count="57" type="cond" truecount="1" falsecount="1"/>
        <line num="113" count="57" type="stmt"/>
        <line num="128" count="57" type="stmt"/>
        <line num="132" count="9" type="cond" truecount="2" falsecount="0"/>
        <line num="133" count="8" type="stmt"/>
        <line num="141" count="46" type="stmt"/>
      </file>
    </package>
    <package name="src.components.dropdown-item">
      <metrics statements="47" coveredstatements="43" conditionals="22" coveredconditionals="21" methods="11" coveredmethods="9"/>
      <file name="index.tsx" path="/Users/bytedance/mobile-vue-github/okeedesign-mobile-vue/src/components/dropdown-item/index.tsx">
        <metrics statements="47" coveredstatements="43" conditionals="22" coveredconditionals="21" methods="11" coveredmethods="9"/>
        <line num="1" count="70" type="stmt"/>
        <line num="2" count="70" type="stmt"/>
        <line num="3" count="70" type="stmt"/>
        <line num="4" count="70" type="stmt"/>
        <line num="5" count="70" type="stmt"/>
        <line num="22" count="140" type="stmt"/>
        <line num="24" count="70" type="stmt"/>
        <line num="33" count="1" type="stmt"/>
        <line num="38" count="28" type="stmt"/>
        <line num="46" count="31" type="stmt"/>
        <line num="47" count="31" type="cond" truecount="2" falsecount="0"/>
        <line num="48" count="2" type="stmt"/>
        <line num="51" count="63" type="stmt"/>
        <line num="52" count="29" type="cond" truecount="2" falsecount="0"/>
        <line num="57" count="18" type="cond" truecount="2" falsecount="0"/>
        <line num="58" count="9" type="cond" truecount="1" falsecount="1"/>
        <line num="59" count="0" type="stmt"/>
        <line num="62" count="9" type="stmt"/>
        <line num="63" count="9" type="stmt"/>
        <line num="65" count="9" type="cond" truecount="2" falsecount="0"/>
        <line num="66" count="7" type="stmt"/>
        <line num="67" count="7" type="stmt"/>
        <line num="72" count="28" type="stmt"/>
        <line num="73" count="84" type="stmt"/>
        <line num="75" count="28" type="stmt"/>
        <line num="76" count="28" type="stmt"/>
        <line num="77" count="28" type="stmt"/>
        <line num="80" count="86" type="stmt"/>
        <line num="81" count="43" type="stmt"/>
        <line num="90" count="43" type="stmt"/>
        <line num="92" count="43" type="stmt"/>
        <line num="93" count="92" type="stmt"/>
        <line num="94" count="92" type="stmt"/>
        <line num="103" count="3" type="stmt"/>
        <line num="104" count="3" type="stmt"/>
        <line num="106" count="3" type="cond" truecount="2" falsecount="0"/>
        <line num="107" count="2" type="stmt"/>
        <line num="108" count="2" type="stmt"/>
        <line num="117" count="43" type="stmt"/>
        <line num="118" count="43" type="cond" truecount="2" falsecount="0"/>
        <line num="119" count="37" type="stmt"/>
        <line num="121" count="6" type="stmt"/>
        <line num="122" count="6" type="stmt"/>
        <line num="125" count="43" type="stmt"/>
        <line num="128" count="0" type="stmt"/>
        <line num="139" count="0" type="stmt"/>
        <line num="140" count="0" type="stmt"/>
      </file>
    </package>
    <package name="src.components.dropdown.demo">
      <metrics statements="6" coveredstatements="4" conditionals="0" coveredconditionals="0" methods="6" coveredmethods="4"/>
      <file name="index.vue" path="/Users/bytedance/mobile-vue-github/okeedesign-mobile-vue/src/components/dropdown/demo/index.vue">
        <metrics statements="6" coveredstatements="4" conditionals="0" coveredconditionals="0" methods="6" coveredmethods="4"/>
        <line num="65" count="1" type="stmt"/>
        <line num="107" count="1" type="stmt"/>
        <line num="122" count="1" type="stmt"/>
        <line num="129" count="1" type="stmt"/>
        <line num="138" count="0" type="stmt"/>
        <line num="141" count="0" type="stmt"/>
      </file>
    </package>
    <package name="src.components.field">
      <metrics statements="89" coveredstatements="52" conditionals="71" coveredconditionals="46" methods="11" coveredmethods="10"/>
      <file name="index.tsx" path="/Users/bytedance/mobile-vue-github/okeedesign-mobile-vue/src/components/field/index.tsx">
        <metrics statements="89" coveredstatements="52" conditionals="71" coveredconditionals="46" methods="11" coveredmethods="10"/>
        <line num="1" count="70" type="stmt"/>
        <line num="2" count="70" type="stmt"/>
        <line num="3" count="70" type="stmt"/>
        <line num="4" count="70" type="stmt"/>
        <line num="44" count="210" type="stmt"/>
        <line num="46" count="70" type="stmt"/>
        <line num="47" count="70" type="stmt"/>
        <line num="49" count="70" type="stmt"/>
        <line num="58" count="31" type="stmt"/>
        <line num="65" count="31" type="stmt"/>
        <line num="93" count="31" type="stmt"/>
        <line num="104" count="0" type="stmt"/>
        <line num="109" count="31" type="stmt"/>
        <line num="114" count="32" type="stmt"/>
        <line num="120" count="31" type="stmt"/>
        <line num="130" count="31" type="stmt"/>
        <line num="132" count="31" type="stmt"/>
        <line num="138" count="1" type="cond" truecount="1" falsecount="1"/>
        <line num="139" count="1" type="stmt"/>
        <line num="144" count="1" type="cond" truecount="1" falsecount="1"/>
        <line num="145" count="1" type="stmt"/>
        <line num="153" count="31" type="stmt"/>
        <line num="154" count="31" type="stmt"/>
        <line num="155" count="31" type="stmt"/>
        <line num="156" count="31" type="cond" truecount="2" falsecount="2"/>
        <line num="157" count="0" type="stmt"/>
        <line num="158" count="0" type="stmt"/>
        <line num="159" count="0" type="cond" truecount="0" falsecount="2"/>
        <line num="160" count="0" type="stmt"/>
        <line num="161" count="0" type="stmt"/>
        <line num="162" count="0" type="stmt"/>
        <line num="164" count="0" type="stmt"/>
        <line num="165" count="0" type="stmt"/>
        <line num="166" count="0" type="stmt"/>
        <line num="168" count="0" type="stmt"/>
        <line num="169" count="0" type="stmt"/>
        <line num="170" count="0" type="stmt"/>
        <line num="173" count="31" type="cond" truecount="3" falsecount="1"/>
        <line num="174" count="0" type="cond" truecount="0" falsecount="2"/>
        <line num="175" count="0" type="stmt"/>
        <line num="176" count="0" type="stmt"/>
        <line num="177" count="0" type="cond" truecount="0" falsecount="2"/>
        <line num="178" count="0" type="cond" truecount="0" falsecount="2"/>
        <line num="182" count="0" type="stmt"/>
        <line num="184" count="0" type="stmt"/>
        <line num="185" count="0" type="stmt"/>
        <line num="189" count="0" type="stmt"/>
        <line num="190" count="0" type="stmt"/>
        <line num="193" count="31" type="cond" truecount="2" falsecount="0"/>
        <line num="194" count="2" type="stmt"/>
        <line num="195" count="0" type="stmt"/>
        <line num="196" count="0" type="cond" truecount="0" falsecount="2"/>
        <line num="197" count="0" type="stmt"/>
        <line num="198" count="0" type="stmt"/>
        <line num="201" count="2" type="stmt"/>
        <line num="202" count="2" type="stmt"/>
        <line num="207" count="6" type="cond" truecount="1" falsecount="1"/>
        <line num="208" count="0" type="stmt"/>
        <line num="209" count="0" type="stmt"/>
        <line num="212" count="6" type="stmt"/>
        <line num="216" count="0" type="stmt"/>
        <line num="219" count="0" type="stmt"/>
        <line num="222" count="0" type="stmt"/>
        <line num="223" count="0" type="stmt"/>
        <line num="227" count="3" type="stmt"/>
        <line num="228" count="3" type="stmt"/>
        <line num="230" count="3" type="cond" truecount="1" falsecount="1"/>
        <line num="231" count="0" type="stmt"/>
        <line num="236" count="1" type="stmt"/>
        <line num="237" count="1" type="stmt"/>
        <line num="239" count="1" type="cond" truecount="1" falsecount="1"/>
        <line num="243" count="1" type="stmt"/>
        <line num="247" count="0" type="stmt"/>
        <line num="248" count="0" type="stmt"/>
        <line num="249" count="0" type="stmt"/>
        <line num="253" count="33" type="stmt"/>
        <line num="254" count="33" type="stmt"/>
        <line num="275" count="33" type="stmt"/>
        <line num="277" count="33" type="stmt"/>
        <line num="279" count="33" type="stmt"/>
        <line num="294" count="33" type="stmt"/>
        <line num="308" count="33" type="cond" truecount="4" falsecount="0"/>
        <line num="309" count="1" type="stmt"/>
        <line num="320" count="33" type="cond" truecount="2" falsecount="0"/>
        <line num="324" count="33" type="stmt"/>
        <line num="336" count="33" type="cond" truecount="1" falsecount="2"/>
        <line num="340" count="33" type="cond" truecount="4" falsecount="0"/>
        <line num="341" count="3" type="stmt"/>
        <line num="351" count="33" type="stmt"/>
      </file>
    </package>
    <package name="src.components.field.demo">
      <metrics statements="4" coveredstatements="3" conditionals="0" coveredconditionals="0" methods="2" coveredmethods="1"/>
      <file name="index.vue" path="/Users/bytedance/mobile-vue-github/okeedesign-mobile-vue/src/components/field/demo/index.vue">
[...]
        <line num="31" count="2203" type="stmt"/>
        <line num="32" count="6263" type="cond" truecount="2" falsecount="0"/>
        <line num="33" count="1081" type="stmt"/>
        <line num="38" count="2275" type="stmt"/>
        <line num="42" count="4550" type="stmt"/>
        <line num="43" count="6532" type="cond" truecount="4" falsecount="0"/>
        <line num="44" count="1097" type="stmt"/>
        <line num="45" count="1097" type="stmt"/>
        <line num="48" count="6532" type="stmt"/>
        <line num="50" count="6532" type="cond" truecount="2" falsecount="0"/>
        <line num="51" count="2538" type="stmt"/>
        <line num="53" count="3994" type="stmt"/>
        <line num="62" count="0" type="stmt"/>
        <line num="63" count="0" type="cond" truecount="0" falsecount="2"/>
        <line num="64" count="0" type="cond" truecount="0" falsecount="4"/>
        <line num="65" count="0" type="cond" truecount="0" falsecount="2"/>
        <line num="66" count="0" type="cond" truecount="0" falsecount="2"/>
        <line num="67" count="0" type="stmt"/>
        <line num="69" count="0" type="stmt"/>
        <line num="73" count="0" type="stmt"/>
      </file>
      <file name="component.ts" path="/Users/bytedance/mobile-vue-github/okeedesign-mobile-vue/src/utils/create/component.ts">
        <metrics statements="32" coveredstatements="29" conditionals="17" coveredconditionals="13" methods="11" coveredmethods="9"/>
        <line num="2" count="70" type="stmt"/>
        <line num="3" count="70" type="stmt"/>
        <line num="41" count="578" type="cond" truecount="1" falsecount="2"/>
        <line num="42" count="578" type="stmt"/>
        <line num="43" count="578" type="stmt"/>
        <line num="44" count="112" type="cond" truecount="1" falsecount="1"/>
        <line num="45" count="0" type="stmt"/>
        <line num="48" count="578" type="stmt"/>
        <line num="53" count="1050" type="stmt"/>
        <line num="57" count="578" type="stmt"/>
        <line num="66" count="70" type="stmt"/>
        <line num="68" count="0" type="stmt"/>
        <line num="71" count="70" type="stmt"/>
        <line num="77" count="3640" type="stmt"/>
        <line num="78" count="26600" type="cond" truecount="1" falsecount="1"/>
        <line num="79" count="0" type="stmt"/>
        <line num="80" count="26600" type="cond" truecount="2" falsecount="0"/>
        <line num="81" count="980" type="stmt"/>
        <line num="87" count="3570" type="stmt"/>
        <line num="88" count="3570" type="stmt"/>
        <line num="89" count="3570" type="stmt"/>
        <line num="93" count="4550" type="stmt"/>
        <line num="96" count="3920" type="cond" truecount="2" falsecount="0"/>
        <line num="97" count="1050" type="stmt"/>
        <line num="100" count="3920" type="cond" truecount="2" falsecount="0"/>
        <line num="101" count="2870" type="cond" truecount="2" falsecount="0"/>
        <line num="102" count="2870" type="stmt"/>
        <line num="105" count="3920" type="cond" truecount="2" falsecount="0"/>
        <line num="106" count="3640" type="stmt"/>
        <line num="109" count="3920" type="stmt"/>
        <line num="110" count="3920" type="stmt"/>
        <line num="112" count="3920" type="stmt"/>
      </file>
      <file name="i18n.ts" path="/Users/bytedance/mobile-vue-github/okeedesign-mobile-vue/src/utils/create/i18n.ts">
        <metrics statements="6" coveredstatements="6" conditionals="6" coveredconditionals="5" methods="2" coveredmethods="2"/>
        <line num="1" count="70" type="stmt"/>
        <line num="2" count="70" type="stmt"/>
        <line num="5" count="4550" type="cond" truecount="1" falsecount="1"/>
        <line num="6" count="4550" type="cond" truecount="2" falsecount="0"/>
        <line num="7" count="290" type="cond" truecount="2" falsecount="0"/>
        <line num="8" count="290" type="stmt"/>
      </file>
      <file name="index.ts" path="/Users/bytedance/mobile-vue-github/okeedesign-mobile-vue/src/utils/create/index.ts">
        <metrics statements="8" coveredstatements="8" conditionals="0" coveredconditionals="0" methods="2" coveredmethods="2"/>
        <line num="1" count="70" type="stmt"/>
        <line num="2" count="70" type="stmt"/>
        <line num="3" count="70" type="stmt"/>
        <line num="4" count="70" type="stmt"/>
        <line num="13" count="5416" type="stmt"/>
        <line num="17" count="4550" type="stmt"/>
        <line num="18" count="4550" type="stmt"/>
        <line num="19" count="4550" type="stmt"/>
      </file>
    </package>
    <package name="src.utils.dom">
      <metrics statements="70" coveredstatements="49" conditionals="56" coveredconditionals="32" methods="18" coveredmethods="11"/>
      <file name="event.ts" path="/Users/bytedance/mobile-vue-github/okeedesign-mobile-vue/src/utils/dom/event.ts">
        <metrics statements="19" coveredstatements="19" conditionals="16" coveredconditionals="11" methods="5" coveredmethods="5"/>
        <line num="1" count="70" type="stmt"/>
        <line num="4" count="70" type="stmt"/>
        <line num="6" count="70" type="cond" truecount="1" falsecount="1"/>
        <line num="7" count="70" type="stmt"/>
        <line num="8" count="70" type="stmt"/>
        <line num="9" count="70" type="stmt"/>
        <line num="11" count="70" type="stmt"/>
        <line num="14" count="70" type="stmt"/>
        <line num="15" count="70" type="stmt"/>
        <line num="25" count="265" type="cond" truecount="2" falsecount="0"/>
        <line num="27" count="265" type="cond" truecount="1" falsecount="1"/>
        <line num="28" count="265" type="cond" truecount="1" falsecount="1"/>
        <line num="33" count="35" type="cond" truecount="1" falsecount="1"/>
        <line num="34" count="35" type="stmt"/>
        <line num="39" count="65" type="stmt"/>
        <line num="43" count="76" type="cond" truecount="3" falsecount="1"/>
        <line num="44" count="76" type="stmt"/>
        <line num="47" count="76" type="cond" truecount="2" falsecount="0"/>
        <line num="48" count="61" type="stmt"/>
      </file>
      <file name="raf.ts" path="/Users/bytedance/mobile-vue-github/okeedesign-mobile-vue/src/utils/dom/raf.ts">
        <metrics statements="13" coveredstatements="5" conditionals="6" coveredconditionals="3" methods="5" coveredmethods="1"/>
        <line num="5" count="70" type="stmt"/>
        <line num="7" count="70" type="stmt"/>
        <line num="10" count="0" type="stmt"/>
        <line num="11" count="0" type="stmt"/>
        <line num="12" count="0" type="stmt"/>
        <line num="13" count="0" type="stmt"/>
        <line num="14" count="0" type="stmt"/>
        <line num="17" count="70" type="cond" truecount="1" falsecount="1"/>
        <line num="21" count="70" type="cond" truecount="1" falsecount="1"/>
        <line num="24" count="13" type="cond" truecount="1" falsecount="1"/>
        <line num="28" count="0" type="stmt"/>
        <line num="29" count="0" type="stmt"/>
        <line num="34" count="0" type="stmt"/>
      </file>
      <file name="reset-scroll.ts" path="/Users/bytedance/mobile-vue-github/okeedesign-mobile-vue/src/utils/dom/reset-scroll.ts">
        <metrics statements="2" coveredstatements="2" conditionals="0" coveredconditionals="0" methods="0" coveredmethods="0"/>
        <line num="6" count="70" type="stmt"/>
        <line num="8" count="70" type="stmt"/>
      </file>
      <file name="scroll.ts" path="/Users/bytedance/mobile-vue-github/okeedesign-mobile-vue/src/utils/dom/scroll.ts">
        <metrics statements="22" coveredstatements="12" conditionals="22" coveredconditionals="9" methods="6" coveredmethods="3"/>
        <line num="3" count="70" type="stmt"/>
        <line num="5" count="13" type="cond" truecount="2" falsecount="0"/>
        <line num="6" count="13" type="stmt"/>
        <line num="7" count="13" type="cond" truecount="4" falsecount="0"/>
        <line num="8" count="18" type="stmt"/>
        <line num="9" count="18" type="cond" truecount="1" falsecount="1"/>
        <line num="10" count="0" type="cond" truecount="0" falsecount="2"/>
        <line num="11" count="0" type="stmt"/>
        <line num="13" count="0" type="stmt"/>
        <line num="14" count="0" type="cond" truecount="0" falsecount="2"/>
        <line num="15" count="0" type="stmt"/>
        <line num="18" count="18" type="stmt"/>
        <line num="20" count="13" type="stmt"/>
        <line num="24" count="3" type="cond" truecount="1" falsecount="1"/>
        <line num="29" count="1" type="cond" truecount="1" falsecount="1"/>
        <line num="30" count="1" type="stmt"/>
        <line num="32" count="0" type="stmt"/>
        <line num="34" count="1" type="stmt"/>
        <line num="38" count="0" type="cond" truecount="0" falsecount="2"/>
        <line num="42" count="0" type="cond" truecount="0" falsecount="4"/>
        <line num="46" count="0" type="stmt"/>
        <line num="47" count="0" type="stmt"/>
      </file>
      <file name="unit.ts" path="/Users/bytedance/mobile-vue-github/okeedesign-mobile-vue/src/utils/dom/unit.ts">
        <metrics statements="14" coveredstatements="11" conditionals="12" coveredconditionals="9" methods="2" coveredmethods="2"/>
        <line num="5" count="70" type="stmt"/>
        <line num="6" count="498" type="cond" truecount="2" falsecount="0"/>
        <line num="7" count="249" type="cond" truecount="2" falsecount="0"/>
        <line num="8" count="99" type="stmt"/>
        <line num="11" count="150" type="cond" truecount="2" falsecount="0"/>
        <line num="12" count="34" type="stmt"/>
        <line num="14" count="116" type="cond" truecount="2" falsecount="0"/>
        <line num="15" count="116" type="stmt"/>
        <line num="16" count="116" type="stmt"/>
        <line num="21" count="32" type="cond" truecount="1" falsecount="1"/>
        <line num="22" count="32" type="stmt"/>
        <line num="24" count="0" type="stmt"/>
        <line num="25" count="0" type="stmt"/>
        <line num="26" count="0" type="cond" truecount="0" falsecount="2"/>
      </file>
    </package>
    <package name="src.utils.format">
      <metrics statements="52" coveredstatements="37" conditionals="45" coveredconditionals="28" methods="12" coveredmethods="11"/>
      <file name="date.ts" path="/Users/bytedance/mobile-vue-github/okeedesign-mobile-vue/src/utils/format/date.ts">
        <metrics statements="36" coveredstatements="25" conditionals="25" coveredconditionals="15" methods="6" coveredmethods="6"/>
        <line num="4" count="56" type="cond" truecount="1" falsecount="1"/>
        <line num="5" count="28" type="stmt"/>
        <line num="16" count="2" type="cond" truecount="1" falsecount="1"/>
        <line num="17" count="2" type="cond" truecount="1" falsecount="1"/>
        <line num="18" count="2" type="stmt"/>
        <line num="19" count="2" type="stmt"/>
        <line num="20" count="2" type="stmt"/>
        <line num="21" count="2" type="stmt"/>
        <line num="23" count="0" type="cond" truecount="0" falsecount="2"/>
        <line num="24" count="0" type="stmt"/>
        <line num="25" count="0" type="stmt"/>
        <line num="26" count="0" type="stmt"/>
        <line num="27" count="0" type="stmt"/>
        <line num="28" count="0" type="stmt"/>
        <line num="30" count="0" type="stmt"/>
        <line num="37" count="32" type="stmt"/>
        <line num="44" count="1485" type="cond" truecount="2" falsecount="2"/>
        <line num="45" count="0" type="stmt"/>
        <line num="47" count="1485" type="cond" truecount="3" falsecount="1"/>
        <line num="48" count="0" type="stmt"/>
        <line num="50" count="1485" type="stmt"/>
        <line num="58" count="2" type="stmt"/>
        <line num="67" count="19" type="stmt"/>
        <line num="68" count="19" type="stmt"/>
        <line num="70" count="19" type="stmt"/>
        <line num="72" count="19" type="cond" truecount="1" falsecount="1"/>
        <line num="73" count="0" type="stmt"/>
        <line num="75" count="19" type="cond" truecount="1" falsecount="1"/>
        <line num="76" count="0" type="stmt"/>
        <line num="79" count="19" type="stmt"/>
        <line num="80" count="19" type="stmt"/>
        <line num="81" count="541" type="stmt"/>
        <line num="82" count="541" type="stmt"/>
        <line num="83" count="541" type="stmt"/>
        <line num="86" count="19" type="stmt"/>
        <line num="101" count="70" type="stmt"/>
      </file>
      <file name="number.ts" path="/Users/bytedance/mobile-vue-github/okeedesign-mobile-vue/src/utils/format/number.ts">
        <metrics statements="1" coveredstatements="1" conditionals="0" coveredconditionals="0" methods="1" coveredmethods="1"/>
        <line num="5" count="79" type="stmt"/>
      </file>
      <file name="string.ts" path="/Users/bytedance/mobile-vue-github/okeedesign-mobile-vue/src/utils/format/string.ts">
        <metrics statements="15" coveredstatements="11" conditionals="20" coveredconditionals="13" methods="5" coveredmethods="4"/>
        <line num="5" count="70" type="stmt"/>
        <line num="7" count="14280" type="stmt"/>
        <line num="10" count="70" type="stmt"/>
        <line num="17" count="0" type="cond" truecount="0" falsecount="2"/>
        <line num="30" count="290" type="cond" truecount="4" falsecount="0"/>
        <line num="31" count="18" type="stmt"/>
        <line num="34" count="290" type="cond" truecount="3" falsecount="1"/>
        <line num="35" count="0" type="stmt"/>
        <line num="38" count="290" type="stmt"/>
        <line num="42" count="36" type="cond" truecount="2" falsecount="2"/>
        <line num="43" count="0" type="stmt"/>
        <line num="46" count="36" type="cond" truecount="1" falsecount="1"/>
        <line num="47" count="36" type="cond" truecount="3" falsecount="1"/>
        <line num="48" count="0" type="stmt"/>
        <line num="51" count="36" type="stmt"/>
      </file>
    </package>
    <package name="src.utils.json">
      <metrics statements="10" coveredstatements="2" conditionals="7" coveredconditionals="0" methods="3" coveredmethods="0"/>
      <file name="deep-assign.ts" path="/Users/bytedance/mobile-vue-github/okeedesign-mobile-vue/src/utils/json/deep-assign.ts">
        <metrics statements="10" coveredstatements="2" conditionals="7" coveredconditionals="0" methods="3" coveredmethods="0"/>
        <line num="1" count="70" type="stmt"/>
        <line num="4" count="70" type="stmt"/>
        <line num="7" count="0" type="stmt"/>
        <line num="8" count="0" type="cond" truecount="0" falsecount="2"/>
        <line num="9" count="0" type="cond" truecount="0" falsecount="5"/>
        <line num="10" count="0" type="stmt"/>
        <line num="12" count="0" type="stmt"/>
        <line num="18" count="0" type="stmt"/>
        <line num="19" count="0" type="stmt"/>
        <line num="21" count="0" type="stmt"/>
      </file>
    </package>
    <package name="tests">
      <metrics statements="59" coveredstatements="49" conditionals="40" coveredconditionals="32" methods="25" coveredmethods="21"/>
      <file name="demo.ts" path="/Users/bytedance/mobile-vue-github/okeedesign-mobile-vue/tests/demo.ts">
        <metrics statements="9" coveredstatements="9" conditionals="4" coveredconditionals="4" methods="5" coveredmethods="5"/>
        <line num="1" count="35" type="stmt"/>
        <line num="2" count="35" type="stmt"/>
        <line num="4" count="35" type="stmt"/>
        <line num="6" count="147" type="stmt"/>
        <line num="12" count="280" type="cond" truecount="4" falsecount="0"/>
        <line num="13" count="35" type="stmt"/>
        <line num="20" count="35" type="stmt"/>
        <line num="21" count="557" type="stmt"/>
        <line num="29" count="35" type="stmt"/>
      </file>
      <file name="dom.ts" path="/Users/bytedance/mobile-vue-github/okeedesign-mobile-vue/tests/dom.ts">
        <metrics statements="18" coveredstatements="14" conditionals="10" coveredconditionals="6" methods="11" coveredmethods="8"/>
        <line num="1" count="32" type="stmt"/>
        <line num="4" count="32" type="stmt"/>
        <line num="7" count="0" type="cond" truecount="0" falsecount="2"/>
        <line num="12" count="32" type="cond" truecount="2" falsecount="0"/>
        <line num="17" count="0" type="cond" truecount="0" falsecount="2"/>
        <line num="22" count="13" type="cond" truecount="2" falsecount="0"/>
        <line num="27" count="38" type="cond" truecount="2" falsecount="0"/>
        <line num="34" count="32" type="stmt"/>
        <line num="35" count="32" type="stmt"/>
        <line num="36" count="32" type="stmt"/>
        <line num="40" count="1" type="stmt"/>
        <line num="42" count="4" type="stmt"/>
        <line num="44" count="1" type="stmt"/>
        <line num="45" count="1" type="stmt"/>
        <line num="50" count="0" type="stmt"/>
        <line num="51" count="0" type="stmt"/>
        <line num="54" count="32" type="stmt"/>
        <line num="55" count="32" type="stmt"/>
      </file>
      <file name="event.ts" path="/Users/bytedance/mobile-vue-github/okeedesign-mobile-vue/tests/event.ts">
        <metrics statements="19" coveredstatements="16" conditionals="16" coveredconditionals="14" methods="3" coveredmethods="3"/>
        <line num="5" count="163" type="stmt"/>
        <line num="23" count="0" type="stmt"/>
        <line num="24" count="0" type="stmt"/>
        <line num="25" count="489" type="cond" truecount="2" falsecount="0"/>
        <line num="27" count="163" type="cond" truecount="2" falsecount="0"/>
        <line num="28" count="163" type="cond" truecount="2" falsecount="0"/>
        <line num="30" count="163" type="cond" truecount="3" falsecount="1"/>
        <line num="31" count="0" type="stmt"/>
        <line num="34" count="163" type="stmt"/>
        <line num="35" count="163" type="stmt"/>
        <line num="37" count="163" type="stmt"/>
        <line num="45" count="163" type="stmt"/>
        <line num="49" count="48" type="cond" truecount="1" falsecount="1"/>
        <line num="50" count="24" type="stmt"/>
        <line num="51" count="24" type="stmt"/>
        <line num="52" count="24" type="stmt"/>
        <line num="53" count="24" type="stmt"/>
        <line num="54" count="24" type="stmt"/>
        <line num="55" count="24" type="stmt"/>
      </file>
      <file name="index.ts" path="/Users/bytedance/mobile-vue-github/okeedesign-mobile-vue/tests/index.ts">
        <metrics statements="9" coveredstatements="9" conditionals="8" coveredconditionals="8" methods="5" coveredmethods="5"/>
        <line num="1" count="32" type="stmt"/>
        <line num="2" count="32" type="stmt"/>
        <line num="4" count="77" type="cond" truecount="2" falsecount="0"/>
        <line num="5" count="77" type="stmt"/>
        <line num="6" count="77" type="stmt"/>
        <line num="11" count="32" type="stmt"/>
        <line num="12" count="512" type="cond" truecount="2" falsecount="0"/>
        <line num="13" count="384" type="cond" truecount="2" falsecount="0"/>
        <line num="14" count="256" type="cond" truecount="2" falsecount="0"/>
      </file>
      <file name="options.ts" path="/Users/bytedance/mobile-vue-github/okeedesign-mobile-vue/tests/options.ts">
        <metrics statements="1" coveredstatements="1" conditionals="0" coveredconditionals="0" methods="0" coveredmethods="0"/>
        <line num="1" count="1" type="stmt"/>
      </file>
      <file name="utils.ts" path="/Users/bytedance/mobile-vue-github/okeedesign-mobile-vue/tests/utils.ts">
        <metrics statements="3" coveredstatements="0" conditionals="2" coveredconditionals="0" methods="1" coveredmethods="0"/>
        <line num="2" count="0" type="cond" truecount="0" falsecount="2"/>
        <line num="3" count="0" type="stmt"/>
        <line num="6" count="0" type="stmt"/>
      </file>
    </package>
  </project>
</coverage>
