{"/Users/bytedance/mobile-vue-github/okeedesign-mobile-vue/docs/site/components/DomSize.vue": {"path":"/Users/bytedance/mobile-vue-github/okeedesign-mobile-vue/docs/site/components/DomSize.vue","statementMap":{"0":{"start":{"line":25,"column":0},"end":{"line":25,"column":null}},"1":{"start":{"line":26,"column":0},"end":{"line":26,"column":null}},"2":{"start":{"line":27,"column":0},"end":{"line":27,"column":null}},"3":{"start":{"line":47,"column":0},"end":{"line":47,"column":null}},"4":{"start":{"line":55,"column":0},"end":{"line":55,"column":null}},"5":{"start":{"line":58,"column":0},"end":{"line":58,"column":null}}},"fnMap":{"0":{"name":"data","decl":{"start":{"line":46,"column":0},"end":{"line":46,"column":null}},"loc":{"start":{"line":46,"column":0},"end":{"line":52,"column":null}}},"1":{"name":"change","decl":{"start":{"line":54,"column":0},"end":{"line":54,"column":null}},"loc":{"start":{"line":54,"column":0},"end":{"line":56,"column":null}}},"2":{"name":"switchContnet","decl":{"start":{"line":57,"column":0},"end":{"line":57,"column":null}},"loc":{"start":{"line":57,"column":0},"end":{"line":59,"column":null}}},"3":{"name":"currentSize","decl":{"start":{"line":62,"column":0},"end":{"line":62,"column":null}},"loc":{"start":{"line":62,"column":0},"end":{"line":62,"column":null}}}},"branchMap":{},"s":{"0":9,"1":9,"2":9,"3":9,"4":0,"5":0},"f":{"0":9,"1":0,"2":0,"3":0},"b":{}}
,"/Users/bytedance/mobile-vue-github/okeedesign-mobile-vue/docs/site/components/DomeCell.vue": {"path":"/Users/bytedance/mobile-vue-github/okeedesign-mobile-vue/docs/site/components/DomeCell.vue","statementMap":{"0":{"start":{"line":24,"column":0},"end":{"line":24,"column":null}}},"fnMap":{"0":{"name":"_default","decl":{"start":{"line":20,"column":0},"end":{"line":20,"column":null}},"loc":{"start":{"line":20,"column":0},"end":{"line":20,"column":null}}},"1":{"name":"data","decl":{"start":{"line":23,"column":0},"end":{"line":23,"column":null}},"loc":{"start":{"line":23,"column":0},"end":{"line":25,"column":null}}}},"branchMap":{},"s":{"0":8},"f":{"0":0,"1":8},"b":{}}
,"/Users/bytedance/mobile-vue-github/okeedesign-mobile-vue/docs/site/components/step/Step.vue": {"path":"/Users/bytedance/mobile-vue-github/okeedesign-mobile-vue/docs/site/components/step/Step.vue","statementMap":{"0":{"start":{"line":52,"column":0},"end":{"line":52,"column":null}},"1":{"start":{"line":63,"column":0},"end":{"line":63,"column":null}},"2":{"start":{"line":64,"column":0},"end":{"line":64,"column":null}},"3":{"start":{"line":65,"column":0},"end":{"line":65,"column":null}},"4":{"start":{"line":66,"column":0},"end":{"line":66,"column":null}},"5":{"start":{"line":69,"column":0},"end":{"line":69,"column":null}},"6":{"start":{"line":70,"column":0},"end":{"line":70,"column":null}},"7":{"start":{"line":73,"column":0},"end":{"line":73,"column":null}},"8":{"start":{"line":75,"column":0},"end":{"line":79,"column":null}},"9":{"start":{"line":76,"column":0},"end":{"line":76,"column":null}},"10":{"start":{"line":78,"column":0},"end":{"line":78,"column":null}},"11":{"start":{"line":80,"column":0},"end":{"line":80,"column":null}},"12":{"start":{"line":83,"column":0},"end":{"line":83,"column":null}},"13":{"start":{"line":84,"column":0},"end":{"line":84,"column":null}},"14":{"start":{"line":86,"column":0},"end":{"line":90,"column":null}},"15":{"start":{"line":87,"column":0},"end":{"line":87,"column":null}},"16":{"start":{"line":88,"column":0},"end":{"line":90,"column":null}},"17":{"start":{"line":89,"column":0},"end":{"line":89,"column":null}},"18":{"start":{"line":92,"column":0},"end":{"line":96,"column":null}},"19":{"start":{"line":93,"column":0},"end":{"line":93,"column":null}},"20":{"start":{"line":94,"column":0},"end":{"line":96,"column":null}},"21":{"start":{"line":95,"column":0},"end":{"line":95,"column":null}},"22":{"start":{"line":98,"column":0},"end":{"line":98,"column":null}},"23":{"start":{"line":101,"column":0},"end":{"line":109,"column":null}},"24":{"start":{"line":103,"column":0},"end":{"line":107,"column":null}},"25":{"start":{"line":104,"column":0},"end":{"line":104,"column":null}},"26":{"start":{"line":106,"column":0},"end":{"line":106,"column":null}},"27":{"start":{"line":108,"column":0},"end":{"line":108,"column":null}},"28":{"start":{"line":112,"column":0},"end":{"line":112,"column":null}},"29":{"start":{"line":113,"column":0},"end":{"line":113,"column":null}},"30":{"start":{"line":114,"column":0},"end":{"line":114,"column":null}},"31":{"start":{"line":115,"column":0},"end":{"line":115,"column":null}},"32":{"start":{"line":117,"column":0},"end":{"line":122,"column":null}},"33":{"start":{"line":118,"column":0},"end":{"line":118,"column":null}},"34":{"start":{"line":119,"column":0},"end":{"line":119,"column":null}},"35":{"start":{"line":121,"column":0},"end":{"line":121,"column":null}},"36":{"start":{"line":123,"column":0},"end":{"line":123,"column":null}},"37":{"start":{"line":124,"column":0},"end":{"line":124,"column":null}},"38":{"start":{"line":125,"column":0},"end":{"line":125,"column":null}},"39":{"start":{"line":126,"column":0},"end":{"line":126,"column":null}},"40":{"start":{"line":127,"column":0},"end":{"line":127,"column":null}},"41":{"start":{"line":130,"column":0},"end":{"line":130,"column":null}},"42":{"start":{"line":133,"column":0},"end":{"line":133,"column":null}},"43":{"start":{"line":134,"column":0},"end":{"line":134,"column":null}},"44":{"start":{"line":135,"column":0},"end":{"line":135,"column":null}},"45":{"start":{"line":136,"column":0},"end":{"line":136,"column":null}},"46":{"start":{"line":141,"column":0},"end":{"line":141,"column":null}},"47":{"start":{"line":144,"column":0},"end":{"line":144,"column":null}},"48":{"start":{"line":147,"column":0},"end":{"line":147,"column":null}},"49":{"start":{"line":148,"column":0},"end":{"line":148,"column":null}},"50":{"start":{"line":151,"column":0},"end":{"line":151,"column":null}},"51":{"start":{"line":156,"column":0},"end":{"line":156,"column":null}},"52":{"start":{"line":158,"column":0},"end":{"line":158,"column":null}},"53":{"start":{"line":159,"column":0},"end":{"line":161,"column":null}},"54":{"start":{"line":160,"column":0},"end":{"line":160,"column":null}}},"fnMap":{"0":{"name":"data","decl":{"start":{"line":51,"column":0},"end":{"line":51,"column":null}},"loc":{"start":{"line":51,"column":0},"end":{"line":60,"column":null}}},"1":{"name":"skip","decl":{"start":{"line":62,"column":0},"end":{"line":62,"column":null}},"loc":{"start":{"line":62,"column":0},"end":{"line":67,"column":null}}},"2":{"name":"end","decl":{"start":{"line":68,"column":0},"end":{"line":68,"column":null}},"loc":{"start":{"line":68,"column":0},"end":{"line":71,"column":null}}},"3":{"name":"touchBtnStart","decl":{"start":{"line":72,"column":0},"end":{"line":72,"column":null}},"loc":{"start":{"line":72,"column":0},"end":{"line":81,"column":null}}},"4":{"name":"showPop","decl":{"start":{"line":82,"column":0},"end":{"line":82,"column":null}},"loc":{"start":{"line":82,"column":0},"end":{"line":99,"column":null}}},"5":{"name":"moveBtn","decl":{"start":{"line":100,"column":0},"end":{"line":100,"column":null}},"loc":{"start":{"line":100,"column":0},"end":{"line":110,"column":null}}},"6":{"name":"touchendBtn","decl":{"start":{"line":111,"column":0},"end":{"line":111,"column":null}},"loc":{"start":{"line":111,"column":0},"end":{"line":128,"column":null}}},"7":{"name":"mathRound","decl":{"start":{"line":129,"column":0},"end":{"line":129,"column":null}},"loc":{"start":{"line":129,"column":0},"end":{"line":131,"column":null}}},"8":{"name":"popoverFixed","decl":{"start":{"line":132,"column":0},"end":{"line":132,"column":null}},"loc":{"start":{"line":132,"column":0},"end":{"line":137,"column":null}}},"9":{"name":"step","decl":{"start":{"line":140,"column":0},"end":{"line":140,"column":null}},"loc":{"start":{"line":140,"column":0},"end":{"line":142,"column":null}}},"10":{"name":"leftWidth","decl":{"start":{"line":143,"column":0},"end":{"line":143,"column":null}},"loc":{"start":{"line":143,"column":0},"end":{"line":145,"column":null}}},"11":{"name":"active","decl":{"start":{"line":146,"column":0},"end":{"line":146,"column":null}},"loc":{"start":{"line":146,"column":0},"end":{"line":149,"column":null}}},"12":{"name":"oneStep","decl":{"start":{"line":150,"column":0},"end":{"line":150,"column":null}},"loc":{"start":{"line":150,"column":0},"end":{"line":152,"column":null}}},"13":{"name":"mounted","decl":{"start":{"line":154,"column":0},"end":{"line":154,"column":null}},"loc":{"start":{"line":154,"column":0},"end":{"line":154,"column":null}}},"14":{"name":"boolOpen","decl":{"start":{"line":156,"column":0},"end":{"line":156,"column":null}},"loc":{"start":{"line":156,"column":0},"end":{"line":162,"column":null}}},"15":{"name":"(anonymous_16)","decl":{"start":{"line":159,"column":0},"end":{"line":159,"column":null}},"loc":{"start":{"line":159,"column":0},"end":{"line":161,"column":null}}}},"branchMap":{"0":{"loc":{"start":{"line":63,"column":0},"end":{"line":63,"column":null}},"type":"if","locations":[{"start":{"line":63,"column":0},"end":{"line":63,"column":null}},{"start":{"line":63,"column":0},"end":{"line":63,"column":null}}]},"1":{"loc":{"start":{"line":75,"column":0},"end":{"line":79,"column":null}},"type":"if","locations":[{"start":{"line":75,"column":0},"end":{"line":79,"column":null}},{"start":{"line":75,"column":0},"end":{"line":79,"column":null}}]},"2":{"loc":{"start":{"line":86,"column":0},"end":{"line":90,"column":null}},"type":"if","locations":[{"start":{"line":86,"column":0},"end":{"line":90,"column":null}},{"start":{"line":86,"column":0},"end":{"line":90,"column":null}}]},"3":{"loc":{"start":{"line":88,"column":0},"end":{"line":90,"column":null}},"type":"if","locations":[{"start":{"line":88,"column":0},"end":{"line":90,"column":null}},{"start":{"line":88,"column":0},"end":{"line":90,"column":null}}]},"4":{"loc":{"start":{"line":92,"column":0},"end":{"line":96,"column":null}},"type":"if","locations":[{"start":{"line":92,"column":0},"end":{"line":96,"column":null}},{"start":{"line":92,"column":0},"end":{"line":96,"column":null}}]},"5":{"loc":{"start":{"line":94,"column":0},"end":{"line":96,"column":null}},"type":"if","locations":[{"start":{"line":94,"column":0},"end":{"line":96,"column":null}},{"start":{"line":94,"column":0},"end":{"line":96,"column":null}}]},"6":{"loc":{"start":{"line":101,"column":0},"end":{"line":109,"column":null}},"type":"if","locations":[{"start":{"line":101,"column":0},"end":{"line":109,"column":null}},{"start":{"line":101,"column":0},"end":{"line":109,"column":null}}]},"7":{"loc":{"start":{"line":103,"column":0},"end":{"line":107,"column":null}},"type":"if","locations":[{"start":{"line":103,"column":0},"end":{"line":107,"column":null}},{"start":{"line":103,"column":0},"end":{"line":107,"column":null}}]},"8":{"loc":{"start":{"line":117,"column":0},"end":{"line":122,"column":null}},"type":"if","locations":[{"start":{"line":117,"column":0},"end":{"line":122,"column":null}},{"start":{"line":117,"column":0},"end":{"line":122,"column":null}}]},"9":{"loc":{"start":{"line":119,"column":0},"end":{"line":119,"column":null}},"type":"cond-expr","locations":[{"start":{"line":119,"column":0},"end":{"line":119,"column":null}},{"start":{"line":119,"column":0},"end":{"line":119,"column":null}}]},"10":{"loc":{"start":{"line":121,"column":0},"end":{"line":121,"column":null}},"type":"cond-expr","locations":[{"start":{"line":121,"column":0},"end":{"line":121,"column":null}},{"start":{"line":121,"column":0},"end":{"line":121,"column":null}}]}},"s":{"0":9,"1":0,"2":0,"3":0,"4":0,"5":0,"6":0,"7":0,"8":0,"9":0,"10":0,"11":0,"12":0,"13":0,"14":0,"15":0,"16":0,"17":0,"18":0,"19":0,"20":0,"21":0,"22":0,"23":0,"24":0,"25":0,"26":0,"27":0,"28":0,"29":0,"30":0,"31":0,"32":0,"33":0,"34":0,"35":0,"36":0,"37":0,"38":0,"39":0,"40":0,"41":0,"42":0,"43":0,"44":0,"45":0,"46":9,"47":9,"48":9,"49":9,"50":0,"51":0,"52":0,"53":0,"54":0},"f":{"0":9,"1":0,"2":0,"3":0,"4":0,"5":0,"6":0,"7":0,"8":0,"9":9,"10":9,"11":9,"12":0,"13":9,"14":0,"15":0},"b":{"0":[0,0],"1":[0,0],"2":[0,0],"3":[0,0],"4":[0,0],"5":[0,0],"6":[0,0],"7":[0,0],"8":[0,0],"9":[0,0],"10":[0,0]}}
,"/Users/bytedance/mobile-vue-github/okeedesign-mobile-vue/src/index.ts": {"path":"/Users/bytedance/mobile-vue-github/okeedesign-mobile-vue/src/index.ts","statementMap":{"0":{"start":{"line":4,"column":0},"end":{"line":4,"column":null}},"1":{"start":{"line":5,"column":0},"end":{"line":5,"column":null}},"2":{"start":{"line":6,"column":0},"end":{"line":6,"column":null}},"3":{"start":{"line":7,"column":0},"end":{"line":7,"column":null}},"4":{"start":{"line":8,"column":0},"end":{"line":8,"column":null}},"5":{"start":{"line":9,"column":0},"end":{"line":9,"column":null}},"6":{"start":{"line":10,"column":0},"end":{"line":10,"column":null}},"7":{"start":{"line":11,"column":0},"end":{"line":11,"column":null}},"8":{"start":{"line":12,"column":0},"end":{"line":12,"column":null}},"9":{"start":{"line":13,"column":0},"end":{"line":13,"column":null}},"10":{"start":{"line":14,"column":0},"end":{"line":14,"column":null}},"11":{"start":{"line":15,"column":0},"end":{"line":15,"column":null}},"12":{"start":{"line":16,"column":0},"end":{"line":16,"column":null}},"13":{"start":{"line":17,"column":0},"end":{"line":17,"column":null}},"14":{"start":{"line":18,"column":0},"end":{"line":18,"column":null}},"15":{"start":{"line":19,"column":0},"end":{"line":19,"column":null}},"16":{"start":{"line":20,"column":0},"end":{"line":20,"column":null}},"17":{"start":{"line":21,"column":0},"end":{"line":21,"column":null}},"18":{"start":{"line":22,"column":0},"end":{"line":22,"column":null}},"19":{"start":{"line":23,"column":0},"end":{"line":23,"column":null}},"20":{"start":{"line":24,"column":0},"end":{"line":24,"column":null}},"21":{"start":{"line":25,"column":0},"end":{"line":25,"column":null}},"22":{"start":{"line":26,"column":0},"end":{"line":26,"column":null}},"23":{"start":{"line":27,"column":0},"end":{"line":27,"column":null}},"24":{"start":{"line":28,"column":0},"end":{"line":28,"column":null}},"25":{"start":{"line":29,"column":0},"end":{"line":29,"column":null}},"26":{"start":{"line":30,"column":0},"end":{"line":30,"column":null}},"27":{"start":{"line":31,"column":0},"end":{"line":31,"column":null}},"28":{"start":{"line":32,"column":0},"end":{"line":32,"column":null}},"29":{"start":{"line":33,"column":0},"end":{"line":33,"column":null}},"30":{"start":{"line":34,"column":0},"end":{"line":34,"column":null}},"31":{"start":{"line":35,"column":0},"end":{"line":35,"column":null}},"32":{"start":{"line":36,"column":0},"end":{"line":36,"column":null}},"33":{"start":{"line":37,"column":0},"end":{"line":37,"column":null}},"34":{"start":{"line":38,"column":0},"end":{"line":38,"column":null}},"35":{"start":{"line":39,"column":0},"end":{"line":39,"column":null}},"36":{"start":{"line":40,"column":0},"end":{"line":40,"column":null}},"37":{"start":{"line":41,"column":0},"end":{"line":41,"column":null}},"38":{"start":{"line":42,"column":0},"end":{"line":42,"column":null}},"39":{"start":{"line":43,"column":0},"end":{"line":43,"column":null}},"40":{"start":{"line":44,"column":0},"end":{"line":44,"column":null}},"41":{"start":{"line":45,"column":0},"end":{"line":45,"column":null}},"42":{"start":{"line":46,"column":0},"end":{"line":46,"column":null}},"43":{"start":{"line":47,"column":0},"end":{"line":47,"column":null}},"44":{"start":{"line":48,"column":0},"end":{"line":48,"column":null}},"45":{"start":{"line":49,"column":0},"end":{"line":49,"column":null}},"46":{"start":{"line":50,"column":0},"end":{"line":50,"column":null}},"47":{"start":{"line":51,"column":0},"end":{"line":51,"column":null}},"48":{"start":{"line":52,"column":0},"end":{"line":52,"column":null}},"49":{"start":{"line":53,"column":0},"end":{"line":53,"column":null}},"50":{"start":{"line":54,"column":0},"end":{"line":54,"column":null}},"51":{"start":{"line":55,"column":0},"end":{"line":55,"column":null}},"52":{"start":{"line":56,"column":0},"end":{"line":56,"column":null}},"53":{"start":{"line":57,"column":0},"end":{"line":57,"column":null}},"54":{"start":{"line":67,"column":16},"end":{"line":67,"column":null}},"55":{"start":{"line":68,"column":19},"end":{"line":68,"column":null}},"56":{"start":{"line":129,"column":50},"end":{"line":136,"column":null}},"57":{"start":{"line":130,"column":2},"end":{"line":132,"column":null}},"58":{"start":{"line":131,"column":4},"end":{"line":131,"column":11}},"59":{"start":{"line":133,"column":2},"end":{"line":133,"column":12}},"60":{"start":{"line":134,"column":4},"end":{"line":134,"column":7}},"61":{"start":{"line":138,"column":0},"end":{"line":140,"column":null}},"62":{"start":{"line":139,"column":2},"end":{"line":139,"column":9}},"63":{"start":{"line":201,"column":15},"end":{"line":201,"column":null}}},"fnMap":{"0":{"name":"install","decl":{"start":{"line":129,"column":6},"end":{"line":129,"column":13}},"loc":{"start":{"line":129,"column":67},"end":{"line":136,"column":null}}},"1":{"name":"(anonymous_1)","decl":{"start":{"line":133,"column":21},"end":{"line":133,"column":30}},"loc":{"start":{"line":133,"column":33},"end":{"line":135,"column":null}}}},"branchMap":{"0":{"loc":{"start":{"line":130,"column":2},"end":{"line":132,"column":null}},"type":"if","locations":[{"start":{"line":130,"column":2},"end":{"line":132,"column":null}},{"start":{"line":130,"column":2},"end":{"line":132,"column":null}}]},"1":{"loc":{"start":{"line":130,"column":6},"end":{"line":130,"column":13}},"type":"binary-expr","locations":[{"start":{"line":130,"column":6},"end":{"line":130,"column":13}},{"start":{"line":130,"column":17},"end":{"line":130,"column":31}}]},"2":{"loc":{"start":{"line":138,"column":0},"end":{"line":140,"column":null}},"type":"if","locations":[{"start":{"line":138,"column":0},"end":{"line":140,"column":null}},{"start":{"line":138,"column":0},"end":{"line":140,"column":null}}]},"3":{"loc":{"start":{"line":138,"column":4},"end":{"line":138,"column":37}},"type":"binary-expr","locations":[{"start":{"line":138,"column":4},"end":{"line":138,"column":37}},{"start":{"line":138,"column":37},"end":{"line":138,"column":49}}]}},"s":{"0":70,"1":70,"2":70,"3":70,"4":70,"5":70,"6":70,"7":70,"8":70,"9":70,"10":70,"11":70,"12":70,"13":70,"14":70,"15":70,"16":70,"17":70,"18":70,"19":70,"20":70,"21":70,"22":70,"23":70,"24":70,"25":70,"26":70,"27":70,"28":70,"29":70,"30":70,"31":70,"32":70,"33":70,"34":70,"35":70,"36":70,"37":70,"38":70,"39":70,"40":70,"41":70,"42":70,"43":70,"44":70,"45":70,"46":70,"47":70,"48":70,"49":70,"50":70,"51":70,"52":70,"53":70,"54":70,"55":70,"56":70,"57":70,"58":0,"59":70,"60":3780,"61":70,"62":0,"63":70},"f":{"0":70,"1":3780},"b":{"0":[0,70],"1":[70,0],"2":[0,70],"3":[70,70]}}
,"/Users/bytedance/mobile-vue-github/okeedesign-mobile-vue/src/brand/index.ts": {"path":"/Users/bytedance/mobile-vue-github/okeedesign-mobile-vue/src/brand/index.ts","statementMap":{"0":{"start":{"line":1,"column":15},"end":{"line":1,"column":null}},"1":{"start":{"line":4,"column":4},"end":{"line":4,"column":11}},"2":{"start":{"line":7,"column":4},"end":{"line":9,"column":null}},"3":{"start":{"line":8,"column":6},"end":{"line":8,"column":11}}},"fnMap":{"0":{"name":"createBrandName","decl":{"start":{"line":1,"column":15},"end":{"line":1,"column":null}},"loc":{"start":{"line":3,"column":17},"end":{"line":5,"column":null}}}},"branchMap":{"0":{"loc":{"start":{"line":7,"column":4},"end":{"line":9,"column":null}},"type":"if","locations":[{"start":{"line":7,"column":4},"end":{"line":9,"column":null}},{"start":{"line":7,"column":4},"end":{"line":9,"column":null}}]}},"s":{"0":70,"1":5416,"2":0,"3":0},"f":{"0":5416},"b":{"0":[0,0]}}
,"/Users/bytedance/mobile-vue-github/okeedesign-mobile-vue/src/components/action-sheet/index.tsx": {"path":"/Users/bytedance/mobile-vue-github/okeedesign-mobile-vue/src/components/action-sheet/index.tsx","statementMap":{"0":{"start":{"line":2,"column":0},"end":{"line":2,"column":null}},"1":{"start":{"line":3,"column":0},"end":{"line":3,"column":null}},"2":{"start":{"line":4,"column":0},"end":{"line":4,"column":null}},"3":{"start":{"line":5,"column":0},"end":{"line":5,"column":null}},"4":{"start":{"line":75,"column":31},"end":{"line":75,"column":47}},"5":{"start":{"line":75,"column":0},"end":{"line":75,"column":7}},"6":{"start":{"line":84,"column":20},"end":{"line":84,"column":null}},"7":{"start":{"line":95,"column":6},"end":{"line":86,"column":null}},"8":{"start":{"line":95,"column":6},"end":{"line":87,"column":null}},"9":{"start":{"line":95,"column":6},"end":{"line":88,"column":null}},"10":{"start":{"line":95,"column":6},"end":{"line":89,"column":null}},"11":{"start":{"line":95,"column":6},"end":{"line":90,"column":null}},"12":{"start":{"line":95,"column":6},"end":{"line":91,"column":null}},"13":{"start":{"line":95,"column":6},"end":{"line":92,"column":null}},"14":{"start":{"line":95,"column":6},"end":{"line":93,"column":null}},"15":{"start":{"line":85,"column":2},"end":{"line":85,"column":null}},"16":{"start":{"line":96,"column":22},"end":{"line":96,"column":null}},"17":{"start":{"line":97,"column":20},"end":{"line":97,"column":null}},"18":{"start":{"line":100,"column":4},"end":{"line":100,"column":9}},"19":{"start":{"line":101,"column":4},"end":{"line":101,"column":9}},"20":{"start":{"line":105,"column":4},"end":{"line":112,"column":null}},"21":{"start":{"line":106,"column":6},"end":{"line":106,"column":null}},"22":{"start":{"line":116,"column":4},"end":{"line":116,"column":null}},"23":{"start":{"line":128,"column":4},"end":{"line":130,"column":null}},"24":{"start":{"line":129,"column":6},"end":{"line":129,"column":25}},"25":{"start":{"line":134,"column":77},"end":{"line":134,"column":18}},"26":{"start":{"line":134,"column":77},"end":{"line":134,"column":27}},"27":{"start":{"line":134,"column":77},"end":{"line":134,"column":36}},"28":{"start":{"line":134,"column":77},"end":{"line":134,"column":46}},"29":{"start":{"line":134,"column":77},"end":{"line":134,"column":57}},"30":{"start":{"line":134,"column":77},"end":{"line":134,"column":67}},"31":{"start":{"line":134,"column":77},"end":{"line":134,"column":3}},"32":{"start":{"line":137,"column":6},"end":{"line":137,"column":11}},"33":{"start":{"line":139,"column":6},"end":{"line":141,"column":null}},"34":{"start":{"line":140,"column":8},"end":{"line":140,"column":null}},"35":{"start":{"line":143,"column":6},"end":{"line":145,"column":null}},"36":{"start":{"line":144,"column":8},"end":{"line":144,"column":16}},"37":{"start":{"line":147,"column":6},"end":{"line":147,"column":11}},"38":{"start":{"line":149,"column":6},"end":{"line":151,"column":null}},"39":{"start":{"line":150,"column":8},"end":{"line":150,"column":13}},"40":{"start":{"line":155,"column":6},"end":{"line":157,"column":null}},"41":{"start":{"line":156,"column":8},"end":{"line":156,"column":29}},"42":{"start":{"line":159,"column":6},"end":{"line":159,"column":null}},"43":{"start":{"line":167,"column":50},"end":{"line":167,"column":52}},"44":{"start":{"line":168,"column":26},"end":{"line":168,"column":83}},"45":{"start":{"line":170,"column":4},"end":{"line":170,"column":null}},"46":{"start":{"line":186,"column":4},"end":{"line":192,"column":null}},"47":{"start":{"line":187,"column":6},"end":{"line":187,"column":null}},"48":{"start":{"line":195,"column":2},"end":{"line":195,"column":null}},"49":{"start":{"line":214,"column":15},"end":{"line":214,"column":49}}},"fnMap":{"0":{"name":"ActionSheet","decl":{"start":{"line":77,"column":9},"end":{"line":77,"column":null}},"loc":{"start":{"line":82,"column":42},"end":{"line":212,"column":null}}},"1":{"name":"onCancel","decl":{"start":{"line":99,"column":11},"end":{"line":99,"column":19}},"loc":{"start":{"line":99,"column":19},"end":{"line":102,"column":null}}},"2":{"name":"Header","decl":{"start":{"line":104,"column":11},"end":{"line":104,"column":17}},"loc":{"start":{"line":104,"column":17},"end":{"line":113,"column":null}}},"3":{"name":"Close","decl":{"start":{"line":115,"column":11},"end":{"line":115,"column":16}},"loc":{"start":{"line":115,"column":16},"end":{"line":125,"column":null}}},"4":{"name":"Content","decl":{"start":{"line":127,"column":11},"end":{"line":127,"column":18}},"loc":{"start":{"line":127,"column":18},"end":{"line":131,"column":null}}},"5":{"name":"Option","decl":{"start":{"line":133,"column":11},"end":{"line":133,"column":18}},"loc":{"start":{"line":133,"column":54},"end":{"line":183,"column":null}}},"6":{"name":"onClickOption","decl":{"start":{"line":136,"column":13},"end":{"line":136,"column":27}},"loc":{"start":{"line":136,"column":44},"end":{"line":152,"column":null}}},"7":{"name":"OptionContent","decl":{"start":{"line":154,"column":13},"end":{"line":154,"column":26}},"loc":{"start":{"line":154,"column":26},"end":{"line":165,"column":null}}},"8":{"name":"CancelText","decl":{"start":{"line":185,"column":11},"end":{"line":185,"column":21}},"loc":{"start":{"line":185,"column":21},"end":{"line":193,"column":null}}}},"branchMap":{"0":{"loc":{"start":{"line":105,"column":4},"end":{"line":112,"column":null}},"type":"if","locations":[{"start":{"line":105,"column":4},"end":{"line":112,"column":null}},{"start":{"line":105,"column":4},"end":{"line":112,"column":null}}]},"1":{"loc":{"start":{"line":107,"column":36},"end":{"line":107,"column":43}},"type":"binary-expr","locations":[{"start":{"line":107,"column":36},"end":{"line":107,"column":43}},{"start":{"line":107,"column":50},"end":{"line":107,"column":19}}]},"2":{"loc":{"start":{"line":117,"column":6},"end":{"line":117,"column":null}},"type":"binary-expr","locations":[{"start":{"line":117,"column":6},"end":{"line":117,"column":null}},{"start":{"line":117,"column":6},"end":{"line":117,"column":7}}]},"3":{"loc":{"start":{"line":128,"column":4},"end":{"line":130,"column":null}},"type":"if","locations":[{"start":{"line":128,"column":4},"end":{"line":130,"column":null}},{"start":{"line":128,"column":4},"end":{"line":130,"column":null}}]},"4":{"loc":{"start":{"line":139,"column":6},"end":{"line":141,"column":null}},"type":"if","locations":[{"start":{"line":139,"column":6},"end":{"line":141,"column":null}},{"start":{"line":139,"column":6},"end":{"line":141,"column":null}}]},"5":{"loc":{"start":{"line":139,"column":10},"end":{"line":139,"column":18}},"type":"binary-expr","locations":[{"start":{"line":139,"column":10},"end":{"line":139,"column":18}},{"start":{"line":139,"column":22},"end":{"line":139,"column":31}}]},"6":{"loc":{"start":{"line":143,"column":6},"end":{"line":145,"column":null}},"type":"if","locations":[{"start":{"line":143,"column":6},"end":{"line":145,"column":null}},{"start":{"line":143,"column":6},"end":{"line":145,"column":null}}]},"7":{"loc":{"start":{"line":149,"column":6},"end":{"line":151,"column":null}},"type":"if","locations":[{"start":{"line":149,"column":6},"end":{"line":151,"column":null}},{"start":{"line":149,"column":6},"end":{"line":151,"column":null}}]},"8":{"loc":{"start":{"line":155,"column":6},"end":{"line":157,"column":null}},"type":"if","locations":[{"start":{"line":155,"column":6},"end":{"line":157,"column":null}},{"start":{"line":155,"column":6},"end":{"line":157,"column":null}}]},"9":{"loc":{"start":{"line":162,"column":11},"end":{"line":162,"column":37}},"type":"binary-expr","locations":[{"start":{"line":162,"column":11},"end":{"line":162,"column":37}},{"start":{"line":162,"column":11},"end":{"line":162,"column":12}}]},"10":{"loc":{"start":{"line":168,"column":26},"end":{"line":168,"column":37}},"type":"binary-expr","locations":[{"start":{"line":168,"column":26},"end":{"line":168,"column":37}},{"start":{"line":168,"column":37},"end":{"line":168,"column":43}},{"start":{"line":168,"column":60},"end":{"line":168,"column":69}},{"start":{"line":168,"column":73},"end":{"line":168,"column":83}}]},"11":{"loc":{"start":{"line":173,"column":34},"end":{"line":173,"column":41}},"type":"binary-expr","locations":[{"start":{"line":173,"column":34},"end":{"line":173,"column":41}},{"start":{"line":173,"column":45},"end":{"line":173,"column":null}}]},"12":{"loc":{"start":{"line":175,"column":10},"end":{"line":175,"column":17}},"type":"binary-expr","locations":[{"start":{"line":175,"column":10},"end":{"line":175,"column":17}},{"start":{"line":175,"column":24},"end":{"line":172,"column":14}}]},"13":{"loc":{"start":{"line":180,"column":9},"end":{"line":180,"column":21}},"type":"binary-expr","locations":[{"start":{"line":180,"column":9},"end":{"line":180,"column":21}},{"start":{"line":180,"column":21},"end":{"line":180,"column":37}}]},"14":{"loc":{"start":{"line":186,"column":4},"end":{"line":192,"column":null}},"type":"if","locations":[{"start":{"line":186,"column":4},"end":{"line":192,"column":null}},{"start":{"line":186,"column":4},"end":{"line":192,"column":null}}]},"15":{"loc":{"start":{"line":207,"column":7},"end":{"line":207,"column":20}},"type":"binary-expr","locations":[{"start":{"line":207,"column":7},"end":{"line":207,"column":20}},{"start":{"line":207,"column":20},"end":{"line":207,"column":42}},{"start":{"line":207,"column":42},"end":{"line":207,"column":49}}]}},"s":{"0":70,"1":70,"2":70,"3":70,"4":70,"5":140,"6":15,"7":15,"8":15,"9":15,"10":15,"11":15,"12":15,"13":15,"14":15,"15":15,"16":15,"17":15,"18":1,"19":1,"20":15,"21":1,"22":1,"23":15,"24":1,"25":31,"26":31,"27":31,"28":31,"29":31,"30":31,"31":31,"32":2,"33":2,"34":1,"35":1,"36":1,"37":1,"38":1,"39":0,"40":31,"41":2,"42":29,"43":31,"44":31,"45":31,"46":15,"47":2,"48":15,"49":70},"f":{"0":15,"1":1,"2":15,"3":1,"4":15,"5":31,"6":2,"7":31,"8":15},"b":{"0":[1,14],"1":[1,0],"2":[1,0],"3":[1,14],"4":[1,1],"5":[2,1],"6":[1,0],"7":[0,1],"8":[2,29],"9":[29,1],"10":[31,0,31,3],"11":[31,29],"12":[31,24],"13":[31,3],"14":[2,13],"15":[15,11,11]}}
,"/Users/bytedance/mobile-vue-github/okeedesign-mobile-vue/src/components/action-sheet/demo/index.vue": {"path":"/Users/bytedance/mobile-vue-github/okeedesign-mobile-vue/src/components/action-sheet/demo/index.vue","statementMap":{"0":{"start":{"line":88,"column":0},"end":{"line":88,"column":null}},"1":{"start":{"line":144,"column":0},"end":{"line":144,"column":null}},"2":{"start":{"line":161,"column":0},"end":{"line":165,"column":null}},"3":{"start":{"line":169,"column":0},"end":{"line":169,"column":null}},"4":{"start":{"line":173,"column":0},"end":{"line":177,"column":null}},"5":{"start":{"line":181,"column":0},"end":{"line":184,"column":null}},"6":{"start":{"line":189,"column":0},"end":{"line":191,"column":null}},"7":{"start":{"line":195,"column":0},"end":{"line":195,"column":null}},"8":{"start":{"line":201,"column":0},"end":{"line":201,"column":null}},"9":{"start":{"line":202,"column":0},"end":{"line":202,"column":null}},"10":{"start":{"line":203,"column":0},"end":{"line":203,"column":null}},"11":{"start":{"line":207,"column":0},"end":{"line":207,"column":null}},"12":{"start":{"line":210,"column":0},"end":{"line":210,"column":null}},"13":{"start":{"line":211,"column":0},"end":{"line":211,"column":null}},"14":{"start":{"line":212,"column":0},"end":{"line":212,"column":null}},"15":{"start":{"line":213,"column":0},"end":{"line":215,"column":null}},"16":{"start":{"line":214,"column":0},"end":{"line":214,"column":null}}},"fnMap":{"0":{"name":"data","decl":{"start":{"line":143,"column":0},"end":{"line":143,"column":null}},"loc":{"start":{"line":143,"column":0},"end":{"line":157,"column":null}}},"1":{"name":"simpleActions","decl":{"start":{"line":160,"column":0},"end":{"line":160,"column":null}},"loc":{"start":{"line":160,"column":0},"end":{"line":167,"column":null}}},"2":{"name":"titleActions","decl":{"start":{"line":168,"column":0},"end":{"line":168,"column":null}},"loc":{"start":{"line":168,"column":0},"end":{"line":170,"column":null}}},"3":{"name":"statusActions","decl":{"start":{"line":172,"column":0},"end":{"line":172,"column":null}},"loc":{"start":{"line":172,"column":0},"end":{"line":179,"column":null}}},"4":{"name":"describeActions","decl":{"start":{"line":180,"column":0},"end":{"line":180,"column":null}},"loc":{"start":{"line":180,"column":0},"end":{"line":186,"column":null}}},"5":{"name":"slotsActions","decl":{"start":{"line":188,"column":0},"end":{"line":188,"column":null}},"loc":{"start":{"line":188,"column":0},"end":{"line":193,"column":null}}},"6":{"name":"customActions","decl":{"start":{"line":194,"column":0},"end":{"line":194,"column":null}},"loc":{"start":{"line":194,"column":0},"end":{"line":196,"column":null}}},"7":{"name":"onSelect","decl":{"start":{"line":200,"column":0},"end":{"line":200,"column":null}},"loc":{"start":{"line":200,"column":0},"end":{"line":204,"column":null}}},"8":{"name":"onCancel","decl":{"start":{"line":206,"column":0},"end":{"line":206,"column":null}},"loc":{"start":{"line":206,"column":0},"end":{"line":208,"column":null}}},"9":{"name":"openShow2","decl":{"start":{"line":210,"column":0},"end":{"line":210,"column":null}},"loc":{"start":{"line":210,"column":0},"end":{"line":216,"column":null}}},"10":{"name":"(anonymous_11)","decl":{"start":{"line":213,"column":0},"end":{"line":213,"column":null}},"loc":{"start":{"line":213,"column":0},"end":{"line":215,"column":null}}}},"branchMap":{},"s":{"0":1,"1":1,"2":1,"3":1,"4":1,"5":1,"6":1,"7":1,"8":0,"9":0,"10":0,"11":0,"12":0,"13":0,"14":0,"15":0,"16":0},"f":{"0":1,"1":1,"2":1,"3":1,"4":1,"5":1,"6":1,"7":0,"8":0,"9":0,"10":0},"b":{}}
,"/Users/bytedance/mobile-vue-github/okeedesign-mobile-vue/src/components/badge/index.tsx": {"path":"/Users/bytedance/mobile-vue-github/okeedesign-mobile-vue/src/components/badge/index.tsx","statementMap":{"0":{"start":{"line":4,"column":0},"end":{"line":4,"column":null}},"1":{"start":{"line":5,"column":0},"end":{"line":5,"column":null}},"2":{"start":{"line":17,"column":31},"end":{"line":17,"column":47}},"3":{"start":{"line":17,"column":0},"end":{"line":17,"column":7}},"4":{"start":{"line":27,"column":4},"end":{"line":27,"column":9}},"5":{"start":{"line":30,"column":32},"end":{"line":30,"column":17}},"6":{"start":{"line":30,"column":32},"end":{"line":30,"column":22}},"7":{"start":{"line":30,"column":32},"end":{"line":30,"column":1}},"8":{"start":{"line":32,"column":30},"end":{"line":32,"column":null}},"9":{"start":{"line":34,"column":2},"end":{"line":36,"column":null}},"10":{"start":{"line":35,"column":4},"end":{"line":35,"column":8}},"11":{"start":{"line":38,"column":2},"end":{"line":38,"column":null}},"12":{"start":{"line":46,"column":0},"end":{"line":46,"column":5}},"13":{"start":{"line":61,"column":15},"end":{"line":61,"column":56}}},"fnMap":{"0":{"name":"Badge","decl":{"start":{"line":19,"column":9},"end":{"line":19,"column":null}},"loc":{"start":{"line":24,"column":32},"end":{"line":44,"column":null}}},"1":{"name":"onClick","decl":{"start":{"line":26,"column":11},"end":{"line":26,"column":19}},"loc":{"start":{"line":26,"column":31},"end":{"line":28,"column":null}}}},"branchMap":{"0":{"loc":{"start":{"line":34,"column":2},"end":{"line":36,"column":null}},"type":"if","locations":[{"start":{"line":34,"column":2},"end":{"line":36,"column":null}},{"start":{"line":34,"column":2},"end":{"line":36,"column":null}}]},"1":{"loc":{"start":{"line":35,"column":64},"end":{"line":35,"column":14}},"type":"cond-expr","locations":[{"start":{"line":35,"column":64},"end":{"line":35,"column":14}},{"start":{"line":35,"column":73},"end":{"line":35,"column":null}}]},"2":{"loc":{"start":{"line":35,"column":11},"end":{"line":35,"column":14}},"type":"binary-expr","locations":[{"start":{"line":35,"column":11},"end":{"line":35,"column":14}},{"start":{"line":35,"column":18},"end":{"line":35,"column":47}},{"start":{"line":35,"column":47},"end":{"line":35,"column":64}}]},"3":{"loc":{"start":{"line":40,"column":23},"end":{"line":40,"column":28}},"type":"cond-expr","locations":[{"start":{"line":40,"column":23},"end":{"line":40,"column":28}},{"start":{"line":40,"column":41},"end":{"line":40,"column":null}}]}},"s":{"0":70,"1":70,"2":70,"3":140,"4":1,"5":14,"6":14,"7":14,"8":14,"9":14,"10":13,"11":14,"12":70,"13":70},"f":{"0":14,"1":1},"b":{"0":[13,1],"1":[5,8],"2":[13,6,6],"3":[9,5]}}
,"/Users/bytedance/mobile-vue-github/okeedesign-mobile-vue/src/components/badge/demo/index.vue": {"path":"/Users/bytedance/mobile-vue-github/okeedesign-mobile-vue/src/components/badge/demo/index.vue","statementMap":{"0":{"start":{"line":63,"column":0},"end":{"line":63,"column":null}},"1":{"start":{"line":89,"column":0},"end":{"line":89,"column":null}},"2":{"start":{"line":96,"column":0},"end":{"line":96,"column":null}}},"fnMap":{"0":{"name":"data","decl":{"start":{"line":88,"column":0},"end":{"line":88,"column":null}},"loc":{"start":{"line":88,"column":0},"end":{"line":93,"column":null}}},"1":{"name":"goBack","decl":{"start":{"line":95,"column":0},"end":{"line":95,"column":null}},"loc":{"start":{"line":95,"column":0},"end":{"line":97,"column":null}}}},"branchMap":{},"s":{"0":1,"1":1,"2":0},"f":{"0":1,"1":0},"b":{}}
,"/Users/bytedance/mobile-vue-github/okeedesign-mobile-vue/src/components/button/index.tsx": {"path":"/Users/bytedance/mobile-vue-github/okeedesign-mobile-vue/src/components/button/index.tsx","statementMap":{"0":{"start":{"line":4,"column":0},"end":{"line":4,"column":null}},"1":{"start":{"line":5,"column":0},"end":{"line":5,"column":null}},"2":{"start":{"line":6,"column":0},"end":{"line":6,"column":null}},"3":{"start":{"line":29,"column":31},"end":{"line":29,"column":47}},"4":{"start":{"line":29,"column":0},"end":{"line":29,"column":7}},"5":{"start":{"line":38,"column":20},"end":{"line":38,"column":null}},"6":{"start":{"line":41,"column":4},"end":{"line":43,"column":null}},"7":{"start":{"line":42,"column":6},"end":{"line":42,"column":11}},"8":{"start":{"line":47,"column":4},"end":{"line":49,"column":null}},"9":{"start":{"line":48,"column":6},"end":{"line":48,"column":11}},"10":{"start":{"line":52,"column":75},"end":{"line":52,"column":16}},"11":{"start":{"line":52,"column":75},"end":{"line":52,"column":22}},"12":{"start":{"line":52,"column":75},"end":{"line":52,"column":29}},"13":{"start":{"line":52,"column":75},"end":{"line":52,"column":37}},"14":{"start":{"line":52,"column":75},"end":{"line":52,"column":43}},"15":{"start":{"line":52,"column":75},"end":{"line":52,"column":53}},"16":{"start":{"line":52,"column":75},"end":{"line":52,"column":63}},"17":{"start":{"line":52,"column":75},"end":{"line":52,"column":1}},"18":{"start":{"line":53,"column":18},"end":{"line":53,"column":1}},"19":{"start":{"line":55,"column":2},"end":{"line":55,"column":29}},"20":{"start":{"line":55,"column":24},"end":{"line":55,"column":29}},"21":{"start":{"line":57,"column":18},"end":{"line":57,"column":null}},"22":{"start":{"line":73,"column":18},"end":{"line":78,"column":null}},"23":{"start":{"line":74,"column":4},"end":{"line":76,"column":null}},"24":{"start":{"line":75,"column":6},"end":{"line":75,"column":29}},"25":{"start":{"line":77,"column":4},"end":{"line":77,"column":11}},"26":{"start":{"line":80,"column":2},"end":{"line":80,"column":null}},"27":{"start":{"line":88,"column":0},"end":{"line":88,"column":6}},"28":{"start":{"line":107,"column":15},"end":{"line":107,"column":58}}},"fnMap":{"0":{"name":"Button","decl":{"start":{"line":31,"column":9},"end":{"line":31,"column":null}},"loc":{"start":{"line":36,"column":33},"end":{"line":86,"column":null}}},"1":{"name":"onClick","decl":{"start":{"line":40,"column":11},"end":{"line":40,"column":19}},"loc":{"start":{"line":40,"column":31},"end":{"line":44,"column":null}}},"2":{"name":"onTouchstart","decl":{"start":{"line":46,"column":11},"end":{"line":46,"column":24}},"loc":{"start":{"line":46,"column":41},"end":{"line":50,"column":null}}},"3":{"name":"Content","decl":{"start":{"line":73,"column":8},"end":{"line":73,"column":15}},"loc":{"start":{"line":73,"column":23},"end":{"line":78,"column":null}}}},"branchMap":{"0":{"loc":{"start":{"line":41,"column":4},"end":{"line":43,"column":null}},"type":"if","locations":[{"start":{"line":41,"column":4},"end":{"line":43,"column":null}},{"start":{"line":41,"column":4},"end":{"line":43,"column":null}}]},"1":{"loc":{"start":{"line":47,"column":4},"end":{"line":49,"column":null}},"type":"if","locations":[{"start":{"line":47,"column":4},"end":{"line":49,"column":null}},{"start":{"line":47,"column":4},"end":{"line":49,"column":null}}]},"2":{"loc":{"start":{"line":55,"column":2},"end":{"line":55,"column":29}},"type":"if","locations":[{"start":{"line":55,"column":2},"end":{"line":55,"column":29}},{"start":{"line":55,"column":2},"end":{"line":55,"column":29}}]},"3":{"loc":{"start":{"line":55,"column":6},"end":{"line":55,"column":10}},"type":"binary-expr","locations":[{"start":{"line":55,"column":6},"end":{"line":55,"column":10}},{"start":{"line":55,"column":14},"end":{"line":55,"column":24}}]},"4":{"loc":{"start":{"line":74,"column":4},"end":{"line":76,"column":null}},"type":"if","locations":[{"start":{"line":74,"column":4},"end":{"line":76,"column":null}},{"start":{"line":74,"column":4},"end":{"line":76,"column":null}}]},"5":{"loc":{"start":{"line":83,"column":23},"end":{"line":83,"column":28}},"type":"cond-expr","locations":[{"start":{"line":83,"column":23},"end":{"line":83,"column":28}},{"start":{"line":83,"column":41},"end":{"line":83,"column":null}}]}},"s":{"0":70,"1":70,"2":70,"3":70,"4":140,"5":96,"6":11,"7":10,"8":0,"9":0,"10":96,"11":96,"12":96,"13":96,"14":96,"15":96,"16":96,"17":96,"18":96,"19":96,"20":9,"21":96,"22":96,"23":96,"24":5,"25":91,"26":96,"27":70,"28":70},"f":{"0":96,"1":11,"2":0,"3":96},"b":{"0":[10,1],"1":[0,0],"2":[9,87],"3":[96,90],"4":[5,91],"5":[10,86]}}
,"/Users/bytedance/mobile-vue-github/okeedesign-mobile-vue/src/components/button/demo/index.vue": {"path":"/Users/bytedance/mobile-vue-github/okeedesign-mobile-vue/src/components/button/demo/index.vue","statementMap":{"0":{"start":{"line":63,"column":0},"end":{"line":63,"column":null}},"1":{"start":{"line":64,"column":0},"end":{"line":64,"column":null}},"2":{"start":{"line":116,"column":0},"end":{"line":116,"column":null}},"3":{"start":{"line":123,"column":0},"end":{"line":123,"column":null}},"4":{"start":{"line":126,"column":0},"end":{"line":126,"column":null}}},"fnMap":{"0":{"name":"data","decl":{"start":{"line":115,"column":0},"end":{"line":115,"column":null}},"loc":{"start":{"line":115,"column":0},"end":{"line":120,"column":null}}},"1":{"name":"onClick","decl":{"start":{"line":122,"column":0},"end":{"line":122,"column":null}},"loc":{"start":{"line":122,"column":0},"end":{"line":124,"column":null}}},"2":{"name":"changeSize","decl":{"start":{"line":125,"column":0},"end":{"line":125,"column":null}},"loc":{"start":{"line":125,"column":0},"end":{"line":127,"column":null}}}},"branchMap":{},"s":{"0":1,"1":1,"2":1,"3":0,"4":0},"f":{"0":1,"1":0,"2":0},"b":{}}
,"/Users/bytedance/mobile-vue-github/okeedesign-mobile-vue/src/components/calendar/index.tsx": {"path":"/Users/bytedance/mobile-vue-github/okeedesign-mobile-vue/src/components/calendar/index.tsx","statementMap":{"0":{"start":{"line":5,"column":0},"end":{"line":5,"column":null}},"1":{"start":{"line":6,"column":0},"end":{"line":6,"column":null}},"2":{"start":{"line":14,"column":0},"end":{"line":14,"column":null}},"3":{"start":{"line":15,"column":0},"end":{"line":15,"column":null}},"4":{"start":{"line":16,"column":0},"end":{"line":16,"column":null}},"5":{"start":{"line":18,"column":0},"end":{"line":18,"column":null}},"6":{"start":{"line":22,"column":34},"end":{"line":22,"column":50}},"7":{"start":{"line":22,"column":0},"end":{"line":22,"column":7}},"8":{"start":{"line":28,"column":64},"end":{"line":28,"column":65}},"9":{"start":{"line":135,"column":2},"end":{"line":135,"column":9}},"10":{"start":{"line":223,"column":17},"end":{"line":223,"column":null}},"11":{"start":{"line":227,"column":4},"end":{"line":227,"column":11}},"12":{"start":{"line":248,"column":17},"end":{"line":248,"column":18}},"13":{"start":{"line":258,"column":15},"end":{"line":258,"column":21}},"14":{"start":{"line":263,"column":22},"end":{"line":263,"column":26}},"15":{"start":{"line":288,"column":33},"end":{"line":288,"column":5}},"16":{"start":{"line":289,"column":20},"end":{"line":289,"column":33}},"17":{"start":{"line":290,"column":6},"end":{"line":292,"column":null}},"18":{"start":{"line":291,"column":8},"end":{"line":291,"column":19}},"19":{"start":{"line":293,"column":6},"end":{"line":293,"column":17}},"20":{"start":{"line":300,"column":10},"end":{"line":298,"column":null}},"21":{"start":{"line":300,"column":10},"end":{"line":299,"column":19}},"22":{"start":{"line":297,"column":6},"end":{"line":297,"column":null}},"23":{"start":{"line":301,"column":6},"end":{"line":303,"column":null}},"24":{"start":{"line":302,"column":8},"end":{"line":302,"column":15}},"25":{"start":{"line":305,"column":6},"end":{"line":305,"column":13}},"26":{"start":{"line":312,"column":8},"end":{"line":312,"column":13}},"27":{"start":{"line":317,"column":6},"end":{"line":317,"column":11}},"28":{"start":{"line":321,"column":8},"end":{"line":324,"column":null}},"29":{"start":{"line":322,"column":10},"end":{"line":322,"column":15}},"30":{"start":{"line":323,"column":10},"end":{"line":323,"column":null}},"31":{"start":{"line":325,"column":8},"end":{"line":325,"column":13}},"32":{"start":{"line":331,"column":8},"end":{"line":334,"column":null}},"33":{"start":{"line":332,"column":10},"end":{"line":332,"column":15}},"34":{"start":{"line":333,"column":10},"end":{"line":333,"column":null}},"35":{"start":{"line":335,"column":8},"end":{"line":335,"column":13}},"36":{"start":{"line":339,"column":60},"end":{"line":339,"column":null}},"37":{"start":{"line":340,"column":6},"end":{"line":340,"column":11}},"38":{"start":{"line":340,"column":21},"end":{"line":340,"column":27}},"39":{"start":{"line":340,"column":31},"end":{"line":340,"column":37}},"40":{"start":{"line":343,"column":6},"end":{"line":343,"column":11}},"41":{"start":{"line":348,"column":22},"end":{"line":348,"column":3}},"42":{"start":{"line":349,"column":17},"end":{"line":349,"column":22}},"43":{"start":{"line":350,"column":18},"end":{"line":350,"column":23}},"44":{"start":{"line":351,"column":17},"end":{"line":351,"column":22}},"45":{"start":{"line":352,"column":4},"end":{"line":352,"column":9}},"46":{"start":{"line":356,"column":4},"end":{"line":356,"column":9}},"47":{"start":{"line":360,"column":4},"end":{"line":360,"column":9}},"48":{"start":{"line":361,"column":4},"end":{"line":361,"column":9}},"49":{"start":{"line":362,"column":4},"end":{"line":362,"column":9}},"50":{"start":{"line":367,"column":35},"end":{"line":367,"column":23}},"51":{"start":{"line":367,"column":35},"end":{"line":367,"column":5}},"52":{"start":{"line":368,"column":19},"end":{"line":368,"column":23}},"53":{"start":{"line":369,"column":6},"end":{"line":371,"column":null}},"54":{"start":{"line":370,"column":8},"end":{"line":370,"column":15}},"55":{"start":{"line":372,"column":6},"end":{"line":374,"column":null}},"56":{"start":{"line":373,"column":8},"end":{"line":373,"column":15}},"57":{"start":{"line":375,"column":6},"end":{"line":375,"column":13}},"58":{"start":{"line":379,"column":37},"end":{"line":379,"column":27}},"59":{"start":{"line":379,"column":37},"end":{"line":379,"column":5}},"60":{"start":{"line":380,"column":6},"end":{"line":380,"column":17}},"61":{"start":{"line":381,"column":24},"end":{"line":381,"column":39}},"62":{"start":{"line":382,"column":8},"end":{"line":382,"column":13}},"63":{"start":{"line":387,"column":6},"end":{"line":387,"column":11}},"64":{"start":{"line":388,"column":30},"end":{"line":388,"column":21}},"65":{"start":{"line":388,"column":30},"end":{"line":388,"column":5}},"66":{"start":{"line":389,"column":21},"end":{"line":389,"column":26}},"67":{"start":{"line":389,"column":32},"end":{"line":389,"column":36}},"68":{"start":{"line":390,"column":6},"end":{"line":392,"column":null}},"69":{"start":{"line":391,"column":8},"end":{"line":391,"column":16}},"70":{"start":{"line":393,"column":6},"end":{"line":393,"column":11}},"71":{"start":{"line":397,"column":6},"end":{"line":399,"column":null}},"72":{"start":{"line":398,"column":8},"end":{"line":398,"column":13}},"73":{"start":{"line":400,"column":6},"end":{"line":400,"column":11}},"74":{"start":{"line":404,"column":50},"end":{"line":404,"column":25}},"75":{"start":{"line":404,"column":50},"end":{"line":404,"column":31}},"76":{"start":{"line":404,"column":50},"end":{"line":404,"column":5}},"77":{"start":{"line":406,"column":6},"end":{"line":408,"column":null}},"78":{"start":{"line":407,"column":8},"end":{"line":407,"column":null}},"79":{"start":{"line":410,"column":6},"end":{"line":412,"column":null}},"80":{"start":{"line":410,"column":50},"end":{"line":410,"column":54}},"81":{"start":{"line":411,"column":8},"end":{"line":411,"column":null}},"82":{"start":{"line":414,"column":22},"end":{"line":414,"column":26}},"83":{"start":{"line":416,"column":6},"end":{"line":416,"column":14}},"84":{"start":{"line":418,"column":10},"end":{"line":420,"column":null}},"85":{"start":{"line":419,"column":12},"end":{"line":419,"column":17}},"86":{"start":{"line":421,"column":10},"end":{"line":421,"column":15}},"87":{"start":{"line":422,"column":10},"end":{"line":422,"column":null}},"88":{"start":{"line":425,"column":10},"end":{"line":427,"column":null}},"89":{"start":{"line":426,"column":12},"end":{"line":426,"column":17}},"90":{"start":{"line":428,"column":10},"end":{"line":428,"column":15}},"91":{"start":{"line":429,"column":10},"end":{"line":429,"column":15}},"92":{"start":{"line":430,"column":10},"end":{"line":430,"column":null}},"93":{"start":{"line":433,"column":10},"end":{"line":436,"column":null}},"94":{"start":{"line":434,"column":12},"end":{"line":434,"column":17}},"95":{"start":{"line":435,"column":12},"end":{"line":435,"column":null}},"96":{"start":{"line":437,"column":10},"end":{"line":437,"column":15}},"97":{"start":{"line":438,"column":10},"end":{"line":438,"column":15}},"98":{"start":{"line":439,"column":10},"end":{"line":441,"column":null}},"99":{"start":{"line":440,"column":12},"end":{"line":440,"column":null}},"100":{"start":{"line":442,"column":10},"end":{"line":444,"column":null}},"101":{"start":{"line":443,"column":12},"end":{"line":443,"column":17}},"102":{"start":{"line":445,"column":10},"end":{"line":445,"column":null}},"103":{"start":{"line":450,"column":69},"end":{"line":450,"column":20}},"104":{"start":{"line":450,"column":69},"end":{"line":450,"column":38}},"105":{"start":{"line":450,"column":69},"end":{"line":450,"column":48}},"106":{"start":{"line":450,"column":69},"end":{"line":450,"column":5}},"107":{"start":{"line":452,"column":6},"end":{"line":454,"column":null}},"108":{"start":{"line":453,"column":8},"end":{"line":453,"column":15}},"109":{"start":{"line":458,"column":6},"end":{"line":478,"column":null}},"110":{"start":{"line":459,"column":22},"end":{"line":459,"column":31}},"111":{"start":{"line":460,"column":18},"end":{"line":460,"column":27}},"112":{"start":{"line":461,"column":8},"end":{"line":475,"column":null}},"113":{"start":{"line":462,"column":10},"end":{"line":462,"column":21}},"114":{"start":{"line":464,"column":10},"end":{"line":466,"column":null}},"115":{"start":{"line":465,"column":12},"end":{"line":465,"column":15}},"116":{"start":{"line":467,"column":10},"end":{"line":474,"column":null}},"117":{"start":{"line":468,"column":12},"end":{"line":468,"column":23}},"118":{"start":{"line":473,"column":12},"end":{"line":473,"column":23}},"119":{"start":{"line":477,"column":8},"end":{"line":477,"column":19}},"120":{"start":{"line":477,"column":36},"end":{"line":477,"column":40}},"121":{"start":{"line":480,"column":6},"end":{"line":480,"column":11}},"122":{"start":{"line":482,"column":6},"end":{"line":482,"column":13}},"123":{"start":{"line":486,"column":44},"end":{"line":486,"column":27}},"124":{"start":{"line":486,"column":44},"end":{"line":486,"column":5}},"125":{"start":{"line":487,"column":26},"end":{"line":487,"column":null}},"126":{"start":{"line":489,"column":6},"end":{"line":489,"column":17}},"127":{"start":{"line":490,"column":8},"end":{"line":490,"column":13}},"128":{"start":{"line":491,"column":8},"end":{"line":491,"column":15}},"129":{"start":{"line":493,"column":6},"end":{"line":493,"column":17}},"130":{"start":{"line":494,"column":8},"end":{"line":494,"column":13}},"131":{"start":{"line":495,"column":8},"end":{"line":495,"column":15}},"132":{"start":{"line":499,"column":22},"end":{"line":499,"column":34}},"133":{"start":{"line":500,"column":8},"end":{"line":504,"column":null}},"134":{"start":{"line":501,"column":27},"end":{"line":501,"column":44}},"135":{"start":{"line":502,"column":10},"end":{"line":502,"column":21}},"136":{"start":{"line":503,"column":10},"end":{"line":503,"column":15}},"137":{"start":{"line":508,"column":21},"end":{"line":508,"column":33}},"138":{"start":{"line":509,"column":8},"end":{"line":513,"column":null}},"139":{"start":{"line":510,"column":27},"end":{"line":510,"column":44}},"140":{"start":{"line":511,"column":10},"end":{"line":511,"column":18}},"141":{"start":{"line":512,"column":10},"end":{"line":512,"column":21}},"142":{"start":{"line":518,"column":26},"end":{"line":518,"column":null}},"143":{"start":{"line":519,"column":6},"end":{"line":519,"column":11}},"144":{"start":{"line":520,"column":8},"end":{"line":522,"column":null}},"145":{"start":{"line":521,"column":10},"end":{"line":521,"column":17}},"146":{"start":{"line":523,"column":8},"end":{"line":525,"column":null}},"147":{"start":{"line":524,"column":10},"end":{"line":524,"column":17}},"148":{"start":{"line":526,"column":8},"end":{"line":528,"column":null}},"149":{"start":{"line":527,"column":10},"end":{"line":527,"column":17}},"150":{"start":{"line":529,"column":8},"end":{"line":529,"column":15}},"151":{"start":{"line":531,"column":27},"end":{"line":531,"column":32}},"152":{"start":{"line":531,"column":59},"end":{"line":531,"column":63}},"153":{"start":{"line":532,"column":6},"end":{"line":535,"column":null}},"154":{"start":{"line":533,"column":8},"end":{"line":533,"column":13}},"155":{"start":{"line":534,"column":8},"end":{"line":534,"column":13}},"156":{"start":{"line":539,"column":6},"end":{"line":539,"column":21}},"157":{"start":{"line":540,"column":6},"end":{"line":540,"column":11}},"158":{"start":{"line":541,"column":6},"end":{"line":541,"column":11}},"159":{"start":{"line":544,"column":45},"end":{"line":544,"column":null}},"160":{"start":{"line":545,"column":6},"end":{"line":545,"column":21}},"161":{"start":{"line":546,"column":6},"end":{"line":546,"column":11}},"162":{"start":{"line":548,"column":42},"end":{"line":548,"column":22}},"163":{"start":{"line":548,"column":42},"end":{"line":548,"column":5}},"164":{"start":{"line":549,"column":25},"end":{"line":549,"column":null}},"165":{"start":{"line":550,"column":6},"end":{"line":550,"column":10}},"166":{"start":{"line":550,"column":10},"end":{"line":550,"column":16}},"167":{"start":{"line":553,"column":44},"end":{"line":553,"column":null}},"168":{"start":{"line":554,"column":6},"end":{"line":554,"column":21}},"169":{"start":{"line":555,"column":6},"end":{"line":555,"column":10}},"170":{"start":{"line":555,"column":10},"end":{"line":555,"column":16}},"171":{"start":{"line":559,"column":6},"end":{"line":561,"column":null}},"172":{"start":{"line":560,"column":8},"end":{"line":560,"column":null}},"173":{"start":{"line":562,"column":6},"end":{"line":562,"column":11}},"174":{"start":{"line":563,"column":6},"end":{"line":563,"column":11}},"175":{"start":{"line":567,"column":6},"end":{"line":569,"column":null}},"176":{"start":{"line":568,"column":8},"end":{"line":568,"column":null}},"177":{"start":{"line":570,"column":6},"end":{"line":570,"column":11}},"178":{"start":{"line":571,"column":26},"end":{"line":571,"column":31}},"179":{"start":{"line":572,"column":6},"end":{"line":572,"column":11}},"180":{"start":{"line":575,"column":50},"end":{"line":575,"column":null}},"181":{"start":{"line":585,"column":10},"end":{"line":576,"column":null}},"182":{"start":{"line":576,"column":6},"end":{"line":578,"column":27}},"183":{"start":{"line":576,"column":6},"end":{"line":578,"column":34}},"184":{"start":{"line":576,"column":6},"end":{"line":578,"column":42}},"185":{"start":{"line":576,"column":6},"end":{"line":578,"column":null}},"186":{"start":{"line":585,"column":10},"end":{"line":580,"column":null}},"187":{"start":{"line":585,"column":10},"end":{"line":581,"column":null}},"188":{"start":{"line":585,"column":10},"end":{"line":582,"column":null}},"189":{"start":{"line":585,"column":10},"end":{"line":583,"column":null}},"190":{"start":{"line":585,"column":10},"end":{"line":584,"column":null}},"191":{"start":{"line":587,"column":26},"end":{"line":587,"column":null}},"192":{"start":{"line":588,"column":15},"end":{"line":588,"column":null}},"193":{"start":{"line":589,"column":18},"end":{"line":589,"column":19}},"194":{"start":{"line":590,"column":24},"end":{"line":590,"column":28}},"195":{"start":{"line":591,"column":23},"end":{"line":591,"column":32}},"196":{"start":{"line":592,"column":25},"end":{"line":592,"column":38}},"197":{"start":{"line":593,"column":23},"end":{"line":593,"column":27}},"198":{"start":{"line":594,"column":20},"end":{"line":594,"column":38}},"199":{"start":{"line":595,"column":26},"end":{"line":595,"column":36}},"200":{"start":{"line":598,"column":9},"end":{"line":601,"column":null}},"201":{"start":{"line":603,"column":9},"end":{"line":608,"column":null}},"202":{"start":{"line":610,"column":6},"end":{"line":610,"column":null}},"203":{"start":{"line":620,"column":27},"end":{"line":620,"column":31}},"204":{"start":{"line":621,"column":26},"end":{"line":621,"column":30}},"205":{"start":{"line":622,"column":31},"end":{"line":622,"column":35}},"206":{"start":{"line":622,"column":51},"end":{"line":622,"column":55}},"207":{"start":{"line":624,"column":16},"end":{"line":624,"column":53}},"208":{"start":{"line":624,"column":60},"end":{"line":624,"column":64}},"209":{"start":{"line":625,"column":31},"end":{"line":625,"column":35}},"210":{"start":{"line":626,"column":29},"end":{"line":630,"column":null}},"211":{"start":{"line":627,"column":16},"end":{"line":629,"column":null}},"212":{"start":{"line":628,"column":18},"end":{"line":628,"column":22}},"213":{"start":{"line":631,"column":14},"end":{"line":631,"column":null}},"214":{"start":{"line":657,"column":8},"end":{"line":657,"column":null}},"215":{"start":{"line":682,"column":8},"end":{"line":659,"column":null}},"216":{"start":{"line":682,"column":8},"end":{"line":660,"column":null}},"217":{"start":{"line":682,"column":8},"end":{"line":661,"column":null}},"218":{"start":{"line":682,"column":8},"end":{"line":662,"column":14}},"219":{"start":{"line":658,"column":4},"end":{"line":658,"column":null}},"220":{"start":{"line":682,"column":8},"end":{"line":663,"column":null}},"221":{"start":{"line":682,"column":8},"end":{"line":664,"column":null}},"222":{"start":{"line":682,"column":8},"end":{"line":665,"column":null}},"223":{"start":{"line":682,"column":8},"end":{"line":666,"column":null}},"224":{"start":{"line":682,"column":8},"end":{"line":667,"column":null}},"225":{"start":{"line":658,"column":4},"end":{"line":668,"column":21}},"226":{"start":{"line":668,"column":27},"end":{"line":668,"column":null}},"227":{"start":{"line":658,"column":4},"end":{"line":674,"column":22}},"228":{"start":{"line":674,"column":28},"end":{"line":674,"column":null}},"229":{"start":{"line":658,"column":4},"end":{"line":680,"column":22}},"230":{"start":{"line":680,"column":28},"end":{"line":680,"column":32}},"231":{"start":{"line":684,"column":20},"end":{"line":684,"column":null}},"232":{"start":{"line":686,"column":55},"end":{"line":686,"column":null}},"233":{"start":{"line":688,"column":24},"end":{"line":688,"column":28}},"234":{"start":{"line":689,"column":14},"end":{"line":689,"column":20}},"235":{"start":{"line":690,"column":15},"end":{"line":690,"column":21}},"236":{"start":{"line":693,"column":4},"end":{"line":693,"column":null}},"237":{"start":{"line":705,"column":31},"end":{"line":705,"column":null}},"238":{"start":{"line":722,"column":29},"end":{"line":722,"column":30}},"239":{"start":{"line":744,"column":15},"end":{"line":744,"column":62}}},"fnMap":{"0":{"name":"createMonthBlock","decl":{"start":{"line":134,"column":9},"end":{"line":134,"column":26}},"loc":{"start":{"line":134,"column":36},"end":{"line":141,"column":null}}},"1":{"name":"data","decl":{"start":{"line":223,"column":17},"end":{"line":223,"column":null}},"loc":{"start":{"line":226,"column":6},"end":{"line":233,"column":null}}},"2":{"name":"validator","decl":{"start":{"line":248,"column":17},"end":{"line":248,"column":18}},"loc":{"start":{"line":248,"column":17},"end":{"line":248,"column":18}}},"3":{"name":"_default","decl":{"start":{"line":258,"column":15},"end":{"line":258,"column":21}},"loc":{"start":{"line":258,"column":15},"end":{"line":258,"column":21}}},"4":{"name":"validator","decl":{"start":{"line":263,"column":17},"end":{"line":263,"column":22}},"loc":{"start":{"line":263,"column":22},"end":{"line":263,"column":26}}},"5":{"name":"daysOfWeek","decl":{"start":{"line":286,"column":12},"end":{"line":286,"column":null}},"loc":{"start":{"line":287,"column":14},"end":{"line":294,"column":null}}},"6":{"name":"handler","decl":{"start":{"line":310,"column":11},"end":{"line":310,"column":null}},"loc":{"start":{"line":311,"column":13},"end":{"line":313,"column":null}}},"7":{"name":"mode","decl":{"start":{"line":309,"column":9},"end":{"line":309,"column":null}},"loc":{"start":{"line":316,"column":8},"end":{"line":318,"column":null}}},"8":{"name":"handler","decl":{"start":{"line":319,"column":9},"end":{"line":319,"column":null}},"loc":{"start":{"line":320,"column":50},"end":{"line":326,"column":null}}},"9":{"name":"handler","decl":{"start":{"line":329,"column":9},"end":{"line":329,"column":null}},"loc":{"start":{"line":330,"column":50},"end":{"line":336,"column":null}}},"10":{"name":"(anonymous_12)","decl":{"start":{"line":340,"column":21},"end":{"line":340,"column":27}},"loc":{"start":{"line":340,"column":21},"end":{"line":340,"column":27}}},"11":{"name":"(anonymous_13)","decl":{"start":{"line":340,"column":31},"end":{"line":340,"column":37}},"loc":{"start":{"line":340,"column":31},"end":{"line":340,"column":37}}},"12":{"name":"detectDisabled","decl":{"start":{"line":365,"column":11},"end":{"line":365,"column":null}},"loc":{"start":{"line":366,"column":53},"end":{"line":376,"column":null}}},"13":{"name":"(anonymous_19)","decl":{"start":{"line":380,"column":26},"end":{"line":380,"column":31}},"loc":{"start":{"line":380,"column":34},"end":{"line":383,"column":null}}},"14":{"name":"(anonymous_21)","decl":{"start":{"line":389,"column":31},"end":{"line":389,"column":32}},"loc":{"start":{"line":389,"column":32},"end":{"line":389,"column":36}}},"15":{"name":"(anonymous_24)","decl":{"start":{"line":410,"column":49},"end":{"line":410,"column":50}},"loc":{"start":{"line":410,"column":50},"end":{"line":410,"column":54}}},"16":{"name":"(anonymous_26)","decl":{"start":{"line":477,"column":35},"end":{"line":477,"column":36}},"loc":{"start":{"line":477,"column":36},"end":{"line":477,"column":40}}},"17":{"name":"(anonymous_28)","decl":{"start":{"line":489,"column":61},"end":{"line":489,"column":62}},"loc":{"start":{"line":489,"column":79},"end":{"line":492,"column":9}}},"18":{"name":"(anonymous_29)","decl":{"start":{"line":493,"column":53},"end":{"line":493,"column":54}},"loc":{"start":{"line":493,"column":71},"end":{"line":496,"column":9}}},"19":{"name":"(anonymous_31)","decl":{"start":{"line":519,"column":49},"end":{"line":519,"column":54}},"loc":{"start":{"line":519,"column":57},"end":{"line":530,"column":null}}},"20":{"name":"(anonymous_32)","decl":{"start":{"line":531,"column":54},"end":{"line":531,"column":59}},"loc":{"start":{"line":531,"column":59},"end":{"line":531,"column":63}}},"21":{"name":"(anonymous_35)","decl":{"start":{"line":550,"column":10},"end":{"line":550,"column":16}},"loc":{"start":{"line":550,"column":10},"end":{"line":550,"column":16}}},"22":{"name":"(anonymous_37)","decl":{"start":{"line":555,"column":10},"end":{"line":555,"column":16}},"loc":{"start":{"line":555,"column":10},"end":{"line":555,"column":16}}},"23":{"name":"(anonymous_41)","decl":{"start":{"line":619,"column":23},"end":{"line":619,"column":27}},"loc":{"start":{"line":619,"column":30},"end":{"line":650,"column":null}}},"24":{"name":"(anonymous_42)","decl":{"start":{"line":622,"column":50},"end":{"line":622,"column":51}},"loc":{"start":{"line":622,"column":51},"end":{"line":622,"column":55}}},"25":{"name":"(anonymous_43)","decl":{"start":{"line":624,"column":59},"end":{"line":624,"column":60}},"loc":{"start":{"line":624,"column":60},"end":{"line":624,"column":64}}},"26":{"name":"select","decl":{"start":{"line":626,"column":20},"end":{"line":626,"column":26}},"loc":{"start":{"line":626,"column":34},"end":{"line":630,"column":null}}},"27":{"name":"(anonymous_46)","decl":{"start":{"line":668,"column":21},"end":{"line":668,"column":27}},"loc":{"start":{"line":668,"column":27},"end":{"line":668,"column":null}}},"28":{"name":"(anonymous_47)","decl":{"start":{"line":674,"column":22},"end":{"line":674,"column":28}},"loc":{"start":{"line":674,"column":28},"end":{"line":674,"column":null}}},"29":{"name":"(anonymous_48)","decl":{"start":{"line":680,"column":22},"end":{"line":680,"column":28}},"loc":{"start":{"line":680,"column":28},"end":{"line":680,"column":32}}},"30":{"name":"setSelected","decl":{"start":{"line":688,"column":19},"end":{"line":688,"column":24}},"loc":{"start":{"line":688,"column":24},"end":{"line":688,"column":28}}},"31":{"name":"cancel","decl":{"start":{"line":689,"column":14},"end":{"line":689,"column":20}},"loc":{"start":{"line":689,"column":14},"end":{"line":689,"column":20}}},"32":{"name":"confirm","decl":{"start":{"line":690,"column":15},"end":{"line":690,"column":21}},"loc":{"start":{"line":690,"column":15},"end":{"line":690,"column":21}}},"33":{"name":"(anonymous_52)","decl":{"start":{"line":705,"column":28},"end":{"line":705,"column":31}},"loc":{"start":{"line":705,"column":31},"end":{"line":705,"column":null}}},"34":{"name":"(anonymous_53)","decl":{"start":{"line":722,"column":29},"end":{"line":722,"column":30}},"loc":{"start":{"line":722,"column":29},"end":{"line":722,"column":30}}}},"branchMap":{"0":{"loc":{"start":{"line":263,"column":26},"end":{"line":263,"column":37}},"type":"binary-expr","locations":[{"start":{"line":263,"column":26},"end":{"line":263,"column":37}},{"start":{"line":263,"column":37},"end":{"line":263,"column":50}}]},"1":{"loc":{"start":{"line":289,"column":20},"end":{"line":289,"column":33}},"type":"cond-expr","locations":[{"start":{"line":289,"column":20},"end":{"line":289,"column":33}},{"start":{"line":289,"column":41},"end":{"line":289,"column":55}}]},"2":{"loc":{"start":{"line":290,"column":6},"end":{"line":292,"column":null}},"type":"if","locations":[{"start":{"line":290,"column":6},"end":{"line":292,"column":null}},{"start":{"line":290,"column":6},"end":{"line":292,"column":null}}]},"3":{"loc":{"start":{"line":301,"column":6},"end":{"line":303,"column":null}},"type":"if","locations":[{"start":{"line":301,"column":6},"end":{"line":303,"column":null}},{"start":{"line":301,"column":6},"end":{"line":303,"column":null}}]},"4":{"loc":{"start":{"line":301,"column":10},"end":{"line":301,"column":30}},"type":"binary-expr","locations":[{"start":{"line":301,"column":10},"end":{"line":301,"column":30}},{"start":{"line":301,"column":30},"end":{"line":301,"column":39}},{"start":{"line":301,"column":39},"end":{"line":301,"column":44}}]},"5":{"loc":{"start":{"line":321,"column":8},"end":{"line":324,"column":null}},"type":"if","locations":[{"start":{"line":321,"column":8},"end":{"line":324,"column":null}},{"start":{"line":321,"column":8},"end":{"line":324,"column":null}}]},"6":{"loc":{"start":{"line":331,"column":8},"end":{"line":334,"column":null}},"type":"if","locations":[{"start":{"line":331,"column":8},"end":{"line":334,"column":null}},{"start":{"line":331,"column":8},"end":{"line":334,"column":null}}]},"7":{"loc":{"start":{"line":362,"column":4},"end":{"line":362,"column":9}},"type":"cond-expr","locations":[{"start":{"line":362,"column":4},"end":{"line":362,"column":9}},{"start":{"line":362,"column":90},"end":{"line":362,"column":null}}]},"8":{"loc":{"start":{"line":362,"column":4},"end":{"line":362,"column":9}},"type":"cond-expr","locations":[{"start":{"line":362,"column":4},"end":{"line":362,"column":9}},{"start":{"line":362,"column":26},"end":{"line":362,"column":90}}]},"9":{"loc":{"start":{"line":369,"column":6},"end":{"line":371,"column":null}},"type":"if","locations":[{"start":{"line":369,"column":6},"end":{"line":371,"column":null}},{"start":{"line":369,"column":6},"end":{"line":371,"column":null}}]},"10":{"loc":{"start":{"line":369,"column":10},"end":{"line":369,"column":41}},"type":"binary-expr","locations":[{"start":{"line":369,"column":10},"end":{"line":369,"column":41}},{"start":{"line":369,"column":41},"end":{"line":369,"column":57}}]},"11":{"loc":{"start":{"line":372,"column":6},"end":{"line":374,"column":null}},"type":"if","locations":[{"start":{"line":372,"column":6},"end":{"line":374,"column":null}},{"start":{"line":372,"column":6},"end":{"line":374,"column":null}}]},"12":{"loc":{"start":{"line":372,"column":10},"end":{"line":372,"column":41}},"type":"binary-expr","locations":[{"start":{"line":372,"column":10},"end":{"line":372,"column":41}},{"start":{"line":372,"column":41},"end":{"line":372,"column":57}}]},"13":{"loc":{"start":{"line":382,"column":23},"end":{"line":382,"column":48}},"type":"binary-expr","locations":[{"start":{"line":382,"column":23},"end":{"line":382,"column":48}},{"start":{"line":382,"column":48},"end":{"line":382,"column":null}}]},"14":{"loc":{"start":{"line":382,"column":23},"end":{"line":382,"column":30}},"type":"cond-expr","locations":[{"start":{"line":382,"column":23},"end":{"line":382,"column":30}},{"start":{"line":382,"column":23},"end":{"line":382,"column":48}}]},"15":{"loc":{"start":{"line":390,"column":6},"end":{"line":392,"column":null}},"type":"if","locations":[{"start":{"line":390,"column":6},"end":{"line":392,"column":null}},{"start":{"line":390,"column":6},"end":{"line":392,"column":null}}]},"16":{"loc":{"start":{"line":390,"column":10},"end":{"line":390,"column":30}},"type":"binary-expr","locations":[{"start":{"line":390,"column":10},"end":{"line":390,"column":30}},{"start":{"line":390,"column":30},"end":{"line":390,"column":51}}]},"17":{"loc":{"start":{"line":397,"column":6},"end":{"line":399,"column":null}},"type":"if","locations":[{"start":{"line":397,"column":6},"end":{"line":399,"column":null}},{"start":{"line":397,"column":6},"end":{"line":399,"column":null}}]},"18":{"loc":{"start":{"line":406,"column":6},"end":{"line":408,"column":null}},"type":"if","locations":[{"start":{"line":406,"column":6},"end":{"line":408,"column":null}},{"start":{"line":406,"column":6},"end":{"line":408,"column":null}}]},"19":{"loc":{"start":{"line":410,"column":6},"end":{"line":412,"column":null}},"type":"if","locations":[{"start":{"line":410,"column":6},"end":{"line":412,"column":null}},{"start":{"line":410,"column":6},"end":{"line":412,"column":null}}]},"20":{"loc":{"start":{"line":410,"column":10},"end":{"line":410,"column":30}},"type":"binary-expr","locations":[{"start":{"line":410,"column":10},"end":{"line":410,"column":30}},{"start":{"line":410,"column":30},"end":{"line":410,"column":35}}]},"21":{"loc":{"start":{"line":417,"column":8},"end":{"line":422,"column":null}},"type":"switch","locations":[{"start":{"line":417,"column":8},"end":{"line":422,"column":null}},{"start":{"line":424,"column":8},"end":{"line":430,"column":null}},{"start":{"line":432,"column":8},"end":{"line":445,"column":null}}]},"22":{"loc":{"start":{"line":418,"column":10},"end":{"line":420,"column":null}},"type":"if","locations":[{"start":{"line":418,"column":10},"end":{"line":420,"column":null}},{"start":{"line":418,"column":10},"end":{"line":420,"column":null}}]},"23":{"loc":{"start":{"line":425,"column":10},"end":{"line":427,"column":null}},"type":"if","locations":[{"start":{"line":425,"column":10},"end":{"line":427,"column":null}},{"start":{"line":425,"column":10},"end":{"line":427,"column":null}}]},"24":{"loc":{"start":{"line":433,"column":10},"end":{"line":436,"column":null}},"type":"if","locations":[{"start":{"line":433,"column":10},"end":{"line":436,"column":null}},{"start":{"line":433,"column":10},"end":{"line":436,"column":null}}]},"25":{"loc":{"start":{"line":439,"column":10},"end":{"line":441,"column":null}},"type":"if","locations":[{"start":{"line":439,"column":10},"end":{"line":441,"column":null}},{"start":{"line":439,"column":10},"end":{"line":441,"column":null}}]},"26":{"loc":{"start":{"line":442,"column":10},"end":{"line":444,"column":null}},"type":"if","locations":[{"start":{"line":442,"column":10},"end":{"line":444,"column":null}},{"start":{"line":442,"column":10},"end":{"line":444,"column":null}}]},"27":{"loc":{"start":{"line":452,"column":6},"end":{"line":454,"column":null}},"type":"if","locations":[{"start":{"line":452,"column":6},"end":{"line":454,"column":null}},{"start":{"line":452,"column":6},"end":{"line":454,"column":null}}]},"28":{"loc":{"start":{"line":458,"column":6},"end":{"line":478,"column":null}},"type":"if","locations":[{"start":{"line":458,"column":6},"end":{"line":478,"column":null}},{"start":{"line":458,"column":6},"end":{"line":478,"column":null}}]},"29":{"loc":{"start":{"line":461,"column":8},"end":{"line":475,"column":null}},"type":"if","locations":[{"start":{"line":461,"column":8},"end":{"line":475,"column":null}},{"start":{"line":461,"column":8},"end":{"line":475,"column":null}}]},"30":{"loc":{"start":{"line":464,"column":10},"end":{"line":466,"column":null}},"type":"if","locations":[{"start":{"line":464,"column":10},"end":{"line":466,"column":null}},{"start":{"line":464,"column":10},"end":{"line":466,"column":null}}]},"31":{"loc":{"start":{"line":467,"column":10},"end":{"line":474,"column":null}},"type":"if","locations":[{"start":{"line":467,"column":10},"end":{"line":474,"column":null}},{"start":{"line":467,"column":10},"end":{"line":474,"column":null}}]},"32":{"loc":{"start":{"line":500,"column":8},"end":{"line":504,"column":null}},"type":"if","locations":[{"start":{"line":500,"column":8},"end":{"line":504,"column":null}},{"start":{"line":500,"column":8},"end":{"line":504,"column":null}}]},"33":{"loc":{"start":{"line":500,"column":12},"end":{"line":500,"column":32}},"type":"binary-expr","locations":[{"start":{"line":500,"column":12},"end":{"line":500,"column":32}},{"start":{"line":500,"column":32},"end":{"line":500,"column":54}}]},"34":{"loc":{"start":{"line":509,"column":8},"end":{"line":513,"column":null}},"type":"if","locations":[{"start":{"line":509,"column":8},"end":{"line":513,"column":null}},{"start":{"line":509,"column":8},"end":{"line":513,"column":null}}]},"35":{"loc":{"start":{"line":509,"column":12},"end":{"line":509,"column":31}},"type":"binary-expr","locations":[{"start":{"line":509,"column":12},"end":{"line":509,"column":31}},{"start":{"line":509,"column":31},"end":{"line":509,"column":75}}]},"36":{"loc":{"start":{"line":520,"column":8},"end":{"line":522,"column":null}},"type":"if","locations":[{"start":{"line":520,"column":8},"end":{"line":522,"column":null}},{"start":{"line":520,"column":8},"end":{"line":522,"column":null}}]},"37":{"loc":{"start":{"line":523,"column":8},"end":{"line":525,"column":null}},"type":"if","locations":[{"start":{"line":523,"column":8},"end":{"line":525,"column":null}},{"start":{"line":523,"column":8},"end":{"line":525,"column":null}}]},"38":{"loc":{"start":{"line":526,"column":8},"end":{"line":528,"column":null}},"type":"if","locations":[{"start":{"line":526,"column":8},"end":{"line":528,"column":null}},{"start":{"line":526,"column":8},"end":{"line":528,"column":null}}]},"39":{"loc":{"start":{"line":532,"column":6},"end":{"line":535,"column":null}},"type":"if","locations":[{"start":{"line":532,"column":6},"end":{"line":535,"column":null}},{"start":{"line":532,"column":6},"end":{"line":535,"column":null}}]},"40":{"loc":{"start":{"line":559,"column":6},"end":{"line":561,"column":null}},"type":"if","locations":[{"start":{"line":559,"column":6},"end":{"line":561,"column":null}},{"start":{"line":559,"column":6},"end":{"line":561,"column":null}}]},"41":{"loc":{"start":{"line":567,"column":6},"end":{"line":569,"column":null}},"type":"if","locations":[{"start":{"line":567,"column":6},"end":{"line":569,"column":null}},{"start":{"line":567,"column":6},"end":{"line":569,"column":null}}]},"42":{"loc":{"start":{"line":589,"column":18},"end":{"line":589,"column":20}},"type":"binary-expr","locations":[{"start":{"line":589,"column":18},"end":{"line":589,"column":20}},{"start":{"line":589,"column":66},"end":{"line":589,"column":19}}]},"43":{"loc":{"start":{"line":598,"column":9},"end":{"line":598,"column":23}},"type":"binary-expr","locations":[{"start":{"line":598,"column":9},"end":{"line":598,"column":23}},{"start":{"line":598,"column":23},"end":{"line":598,"column":null}},{"start":{"line":601,"column":8},"end":{"line":601,"column":null}}]},"44":{"loc":{"start":{"line":603,"column":9},"end":{"line":603,"column":null}},"type":"binary-expr","locations":[{"start":{"line":603,"column":9},"end":{"line":603,"column":null}},{"start":{"line":604,"column":10},"end":{"line":604,"column":null}},{"start":{"line":605,"column":10},"end":{"line":605,"column":34}},{"start":{"line":605,"column":34},"end":{"line":605,"column":null}},{"start":{"line":608,"column":8},"end":{"line":608,"column":null}}]},"45":{"loc":{"start":{"line":616,"column":13},"end":{"line":616,"column":null}},"type":"binary-expr","locations":[{"start":{"line":616,"column":13},"end":{"line":616,"column":null}},{"start":{"line":616,"column":13},"end":{"line":616,"column":24}}]},"46":{"loc":{"start":{"line":624,"column":16},"end":{"line":624,"column":27}},"type":"binary-expr","locations":[{"start":{"line":624,"column":16},"end":{"line":624,"column":27}},{"start":{"line":624,"column":31},"end":{"line":624,"column":44}},{"start":{"line":624,"column":44},"end":{"line":624,"column":53}}]},"47":{"loc":{"start":{"line":627,"column":16},"end":{"line":629,"column":null}},"type":"if","locations":[{"start":{"line":627,"column":16},"end":{"line":629,"column":null}},{"start":{"line":627,"column":16},"end":{"line":629,"column":null}}]},"48":{"loc":{"start":{"line":635,"column":28},"end":{"line":635,"column":41}},"type":"binary-expr","locations":[{"start":{"line":635,"column":28},"end":{"line":635,"column":41}},{"start":{"line":635,"column":41},"end":{"line":635,"column":null}}]},"49":{"loc":{"start":{"line":662,"column":14},"end":{"line":662,"column":16}},"type":"cond-expr","locations":[{"start":{"line":662,"column":14},"end":{"line":662,"column":16}},{"start":{"line":658,"column":4},"end":{"line":658,"column":null}}]},"50":{"loc":{"start":{"line":668,"column":21},"end":{"line":668,"column":null}},"type":"cond-expr","locations":[{"start":{"line":668,"column":21},"end":{"line":668,"column":null}},{"start":{"line":658,"column":4},"end":{"line":658,"column":null}}]},"51":{"loc":{"start":{"line":669,"column":11},"end":{"line":669,"column":25}},"type":"binary-expr","locations":[{"start":{"line":669,"column":11},"end":{"line":669,"column":25}},{"start":{"line":669,"column":29},"end":{"line":669,"column":null}},{"start":{"line":669,"column":10},"end":{"line":669,"column":11}}]},"52":{"loc":{"start":{"line":674,"column":22},"end":{"line":674,"column":null}},"type":"cond-expr","locations":[{"start":{"line":674,"column":22},"end":{"line":674,"column":null}},{"start":{"line":658,"column":4},"end":{"line":658,"column":null}}]},"53":{"loc":{"start":{"line":675,"column":11},"end":{"line":675,"column":25}},"type":"binary-expr","locations":[{"start":{"line":675,"column":11},"end":{"line":675,"column":25}},{"start":{"line":675,"column":29},"end":{"line":675,"column":null}},{"start":{"line":675,"column":10},"end":{"line":675,"column":11}}]},"54":{"loc":{"start":{"line":680,"column":22},"end":{"line":680,"column":32}},"type":"cond-expr","locations":[{"start":{"line":680,"column":22},"end":{"line":680,"colu
[...]
},"end":{"line":32,"column":null}},{"start":{"line":30,"column":2},"end":{"line":32,"column":null}}]},"2":{"loc":{"start":{"line":30,"column":6},"end":{"line":30,"column":30}},"type":"binary-expr","locations":[{"start":{"line":30,"column":6},"end":{"line":30,"column":30}},{"start":{"line":30,"column":30},"end":{"line":30,"column":62}}]},"3":{"loc":{"start":{"line":34,"column":2},"end":{"line":36,"column":null}},"type":"if","locations":[{"start":{"line":34,"column":2},"end":{"line":36,"column":null}},{"start":{"line":34,"column":2},"end":{"line":36,"column":null}}]},"4":{"loc":{"start":{"line":34,"column":6},"end":{"line":34,"column":18}},"type":"binary-expr","locations":[{"start":{"line":34,"column":6},"end":{"line":34,"column":18}},{"start":{"line":34,"column":18},"end":{"line":34,"column":43}}]},"5":{"loc":{"start":{"line":42,"column":4},"end":{"line":52,"column":null}},"type":"if","locations":[{"start":{"line":42,"column":4},"end":{"line":52,"column":null}},{"start":{"line":42,"column":4},"end":{"line":52,"column":null}}]},"6":{"loc":{"start":{"line":42,"column":8},"end":{"line":42,"column":34}},"type":"binary-expr","locations":[{"start":{"line":42,"column":8},"end":{"line":42,"column":34}},{"start":{"line":42,"column":34},"end":{"line":42,"column":69}}]},"7":{"loc":{"start":{"line":46,"column":66},"end":{"line":46,"column":74}},"type":"cond-expr","locations":[{"start":{"line":46,"column":66},"end":{"line":46,"column":74}},{"start":{"line":46,"column":79},"end":{"line":46,"column":null}}]},"8":{"loc":{"start":{"line":47,"column":6},"end":{"line":49,"column":null}},"type":"if","locations":[{"start":{"line":47,"column":6},"end":{"line":49,"column":null}},{"start":{"line":47,"column":6},"end":{"line":49,"column":null}}]},"9":{"loc":{"start":{"line":47,"column":10},"end":{"line":47,"column":29}},"type":"binary-expr","locations":[{"start":{"line":47,"column":10},"end":{"line":47,"column":29}},{"start":{"line":47,"column":29},"end":{"line":47,"column":51}}]}},"s":{"0":70,"1":8120,"2":14280,"3":70,"4":0,"5":290,"6":18,"7":290,"8":0,"9":290,"10":36,"11":0,"12":36,"13":36,"14":0,"15":36},"f":{"0":8120,"1":14280,"2":0,"3":290,"4":36},"b":{"0":[0,0],"1":[18,272],"2":[290,18],"3":[0,290],"4":[290,290],"5":[0,36],"6":[36,0],"7":[36,0],"8":[0,36],"9":[36,36]}}
,"/Users/bytedance/mobile-vue-github/okeedesign-mobile-vue/src/utils/json/deep-assign.ts": {"path":"/Users/bytedance/mobile-vue-github/okeedesign-mobile-vue/src/utils/json/deep-assign.ts","statementMap":{"0":{"start":{"line":1,"column":0},"end":{"line":1,"column":null}},"1":{"start":{"line":4,"column":27},"end":{"line":4,"column":-1}},"2":{"start":{"line":7,"column":14},"end":{"line":7,"column":19}},"3":{"start":{"line":8,"column":2},"end":{"line":14,"column":null}},"4":{"start":{"line":9,"column":4},"end":{"line":13,"column":null}},"5":{"start":{"line":10,"column":6},"end":{"line":10,"column":8}},"6":{"start":{"line":12,"column":6},"end":{"line":12,"column":8}},"7":{"start":{"line":18,"column":2},"end":{"line":18,"column":8}},"8":{"start":{"line":19,"column":4},"end":{"line":19,"column":13}},"9":{"start":{"line":21,"column":2},"end":{"line":21,"column":9}}},"fnMap":{"0":{"name":"assignKey","decl":{"start":{"line":6,"column":9},"end":{"line":6,"column":19}},"loc":{"start":{"line":6,"column":66},"end":{"line":15,"column":null}}},"1":{"name":"deepAssign","decl":{"start":{"line":17,"column":16},"end":{"line":17,"column":27}},"loc":{"start":{"line":17,"column":61},"end":{"line":22,"column":null}}},"2":{"name":"(anonymous_2)","decl":{"start":{"line":18,"column":28},"end":{"line":18,"column":31}},"loc":{"start":{"line":18,"column":34},"end":{"line":20,"column":null}}}},"branchMap":{"0":{"loc":{"start":{"line":8,"column":2},"end":{"line":14,"column":null}},"type":"if","locations":[{"start":{"line":8,"column":2},"end":{"line":14,"column":null}},{"start":{"line":8,"column":2},"end":{"line":14,"column":null}}]},"1":{"loc":{"start":{"line":9,"column":4},"end":{"line":13,"column":null}},"type":"if","locations":[{"start":{"line":9,"column":4},"end":{"line":13,"column":null}},{"start":{"line":9,"column":4},"end":{"line":13,"column":null}}]},"2":{"loc":{"start":{"line":9,"column":8},"end":{"line":9,"column":23}},"type":"binary-expr","locations":[{"start":{"line":9,"column":8},"end":{"line":9,"column":23}},{"start":{"line":9,"column":41},"end":{"line":9,"column":48}},{"start":{"line":9,"column":56},"end":{"line":9,"column":83}}]}},"s":{"0":70,"1":70,"2":0,"3":0,"4":0,"5":0,"6":0,"7":0,"8":0,"9":0},"f":{"0":0,"1":0,"2":0},"b":{"0":[0,0],"1":[0,0],"2":[0,0,0]}}
,"/Users/bytedance/mobile-vue-github/okeedesign-mobile-vue/tests/demo.ts": {"path":"/Users/bytedance/mobile-vue-github/okeedesign-mobile-vue/tests/demo.ts","statementMap":{"0":{"start":{"line":1,"column":0},"end":{"line":1,"column":null}},"1":{"start":{"line":2,"column":0},"end":{"line":2,"column":null}},"2":{"start":{"line":4,"column":23},"end":{"line":4,"column":null}},"3":{"start":{"line":6,"column":4},"end":{"line":6,"column":11}},"4":{"start":{"line":12,"column":2},"end":{"line":12,"column":6}},"5":{"start":{"line":12,"column":33},"end":{"line":12,"column":null}},"6":{"start":{"line":13,"column":10},"end":{"line":12,"column":null}},"7":{"start":{"line":20,"column":10},"end":{"line":20,"column":17}},"8":{"start":{"line":21,"column":12},"end":{"line":21,"column":19}},"9":{"start":{"line":29,"column":4},"end":{"line":29,"column":10}}},"fnMap":{"0":{"name":"render","decl":{"start":{"line":4,"column":23},"end":{"line":4,"column":null}},"loc":{"start":{"line":5,"column":10},"end":{"line":7,"column":null}}},"1":{"name":"snapshotDemo","decl":{"start":{"line":11,"column":16},"end":{"line":11,"column":29}},"loc":{"start":{"line":11,"column":38},"end":{"line":31,"column":null}}},"2":{"name":"_callee","decl":{"start":{"line":12,"column":33},"end":{"line":12,"column":null}},"loc":{"start":{"line":12,"column":33},"end":{"line":12,"column":null}}},"3":{"name":"t","decl":{"start":{"line":18,"column":16},"end":{"line":18,"column":null}},"loc":{"start":{"line":19,"column":9},"end":{"line":23,"column":null}}},"4":{"name":"(anonymous_5)","decl":{"start":{"line":20,"column":17},"end":{"line":20,"column":22}},"loc":{"start":{"line":20,"column":22},"end":{"line":22,"column":null}}}},"branchMap":{"0":{"loc":{"start":{"line":12,"column":33},"end":{"line":12,"column":null}},"type":"switch","locations":[{"start":{"line":12,"column":33},"end":{"line":12,"column":null}},{"start":{"line":12,"column":33},"end":{"line":29,"column":10}},{"start":{"line":12,"column":33},"end":{"line":12,"column":null}},{"start":{"line":12,"column":33},"end":{"line":12,"column":null}}]}},"s":{"0":35,"1":35,"2":35,"3":147,"4":35,"5":280,"6":35,"7":35,"8":557,"9":35},"f":{"0":147,"1":35,"2":105,"3":35,"4":557},"b":{"0":[35,35,35,35]}}
,"/Users/bytedance/mobile-vue-github/okeedesign-mobile-vue/tests/dom.ts": {"path":"/Users/bytedance/mobile-vue-github/okeedesign-mobile-vue/tests/dom.ts","statementMap":{"0":{"start":{"line":1,"column":0},"end":{"line":1,"column":null}},"1":{"start":{"line":4,"column":2},"end":{"line":4,"column":8}},"2":{"start":{"line":7,"column":8},"end":{"line":7,"column":15}},"3":{"start":{"line":12,"column":8},"end":{"line":12,"column":15}},"4":{"start":{"line":17,"column":8},"end":{"line":17,"column":15}},"5":{"start":{"line":22,"column":8},"end":{"line":22,"column":15}},"6":{"start":{"line":27,"column":8},"end":{"line":27,"column":15}},"7":{"start":{"line":34,"column":13},"end":{"line":34,"column":17}},"8":{"start":{"line":35,"column":2},"end":{"line":35,"column":9}},"9":{"start":{"line":36,"column":2},"end":{"line":36,"column":9}},"10":{"start":{"line":40,"column":23},"end":{"line":40,"column":null}},"11":{"start":{"line":42,"column":2},"end":{"line":42,"column":9}},"12":{"start":{"line":42,"column":57},"end":{"line":42,"column":63}},"13":{"start":{"line":44,"column":2},"end":{"line":44,"column":9}},"14":{"start":{"line":45,"column":4},"end":{"line":45,"column":11}},"15":{"start":{"line":50,"column":2},"end":{"line":50,"column":8}},"16":{"start":{"line":51,"column":2},"end":{"line":51,"column":10}},"17":{"start":{"line":54,"column":0},"end":{"line":54,"column":null}},"18":{"start":{"line":55,"column":0},"end":{"line":55,"column":null}}},"fnMap":{"0":{"name":"mockHTMLElementOffset","decl":{"start":{"line":3,"column":9},"end":{"line":3,"column":30}},"loc":{"start":{"line":3,"column":30},"end":{"line":31,"column":null}}},"1":{"name":"get","decl":{"start":{"line":5,"column":18},"end":{"line":5,"column":null}},"loc":{"start":{"line":6,"column":9},"end":{"line":8,"column":null}}},"2":{"name":"get","decl":{"start":{"line":10,"column":16},"end":{"line":10,"column":null}},"loc":{"start":{"line":11,"column":9},"end":{"line":13,"column":null}}},"3":{"name":"get","decl":{"start":{"line":15,"column":15},"end":{"line":15,"column":null}},"loc":{"start":{"line":16,"column":9},"end":{"line":18,"column":null}}},"4":{"name":"get","decl":{"start":{"line":20,"column":18},"end":{"line":20,"column":null}},"loc":{"start":{"line":21,"column":9},"end":{"line":23,"column":null}}},"5":{"name":"get","decl":{"start":{"line":25,"column":17},"end":{"line":25,"column":null}},"loc":{"start":{"line":26,"column":9},"end":{"line":28,"column":null}}},"6":{"name":"mockScrollIntoView","decl":{"start":{"line":33,"column":16},"end":{"line":33,"column":34}},"loc":{"start":{"line":33,"column":34},"end":{"line":37,"column":null}}},"7":{"name":"mockGetBoundingClientRect","decl":{"start":{"line":39,"column":16},"end":{"line":39,"column":42}},"loc":{"start":{"line":39,"column":46},"end":{"line":47,"column":null}}},"8":{"name":"(anonymous_8)","decl":{"start":{"line":42,"column":57},"end":{"line":42,"column":63}},"loc":{"start":{"line":42,"column":57},"end":{"line":42,"column":63}}},"9":{"name":"(anonymous_9)","decl":{"start":{"line":44,"column":9},"end":{"line":44,"column":null}},"loc":{"start":{"line":44,"column":9},"end":{"line":46,"column":null}}},"10":{"name":"mockScrollTop","decl":{"start":{"line":49,"column":16},"end":{"line":49,"column":30}},"loc":{"start":{"line":49,"column":43},"end":{"line":52,"column":null}}}},"branchMap":{"0":{"loc":{"start":{"line":7,"column":15},"end":{"line":7,"column":34}},"type":"binary-expr","locations":[{"start":{"line":7,"column":15},"end":{"line":7,"column":34}},{"start":{"line":7,"column":34},"end":{"line":7,"column":null}}]},"1":{"loc":{"start":{"line":12,"column":15},"end":{"line":12,"column":26}},"type":"binary-expr","locations":[{"start":{"line":12,"column":15},"end":{"line":12,"column":26}},{"start":{"line":12,"column":71},"end":{"line":12,"column":null}}]},"2":{"loc":{"start":{"line":17,"column":15},"end":{"line":17,"column":26}},"type":"binary-expr","locations":[{"start":{"line":17,"column":15},"end":{"line":17,"column":26}},{"start":{"line":17,"column":70},"end":{"line":17,"column":null}}]},"3":{"loc":{"start":{"line":22,"column":15},"end":{"line":22,"column":26}},"type":"binary-expr","locations":[{"start":{"line":22,"column":15},"end":{"line":22,"column":26}},{"start":{"line":22,"column":67},"end":{"line":22,"column":null}}]},"4":{"loc":{"start":{"line":27,"column":15},"end":{"line":27,"column":26}},"type":"binary-expr","locations":[{"start":{"line":27,"column":15},"end":{"line":27,"column":26}},{"start":{"line":27,"column":66},"end":{"line":27,"column":null}}]}},"s":{"0":32,"1":32,"2":0,"3":32,"4":0,"5":13,"6":38,"7":32,"8":32,"9":32,"10":1,"11":1,"12":4,"13":1,"14":1,"15":0,"16":0,"17":32,"18":32},"f":{"0":32,"1":0,"2":32,"3":0,"4":13,"5":38,"6":32,"7":1,"8":4,"9":1,"10":0},"b":{"0":[0,0],"1":[32,32],"2":[0,0],"3":[13,13],"4":[38,38]}}
,"/Users/bytedance/mobile-vue-github/okeedesign-mobile-vue/tests/event.ts": {"path":"/Users/bytedance/mobile-vue-github/okeedesign-mobile-vue/tests/event.ts","statementMap":{"0":{"start":{"line":5,"column":2},"end":{"line":5,"column":9}},"1":{"start":{"line":25,"column":19},"end":{"line":25,"column":null}},"2":{"start":{"line":23,"column":2},"end":{"line":25,"column":null}},"3":{"start":{"line":24,"column":2},"end":{"line":25,"column":null}},"4":{"start":{"line":25,"column":2},"end":{"line":25,"column":null}},"5":{"start":{"line":27,"column":13},"end":{"line":27,"column":null}},"6":{"start":{"line":28,"column":20},"end":{"line":28,"column":42}},"7":{"start":{"line":30,"column":2},"end":{"line":32,"column":null}},"8":{"start":{"line":31,"column":4},"end":{"line":31,"column":13}},"9":{"start":{"line":34,"column":16},"end":{"line":34,"column":24}},"10":{"start":{"line":35,"column":2},"end":{"line":35,"column":7}},"11":{"start":{"line":37,"column":2},"end":{"line":37,"column":16}},"12":{"start":{"line":45,"column":2},"end":{"line":45,"column":4}},"13":{"start":{"line":49,"column":72},"end":{"line":49,"column":null}},"14":{"start":{"line":49,"column":60},"end":{"line":49,"column":null}},"15":{"start":{"line":49,"column":67},"end":{"line":49,"column":null}},"16":{"start":{"line":50,"column":2},"end":{"line":50,"column":9}},"17":{"start":{"line":51,"column":2},"end":{"line":51,"column":9}},"18":{"start":{"line":52,"column":2},"end":{"line":52,"column":9}},"19":{"start":{"line":53,"column":2},"end":{"line":53,"column":9}},"20":{"start":{"line":54,"column":2},"end":{"line":54,"column":9}},"21":{"start":{"line":55,"column":2},"end":{"line":55,"column":9}}},"fnMap":{"0":{"name":"getTouch","decl":{"start":{"line":4,"column":9},"end":{"line":4,"column":18}},"loc":{"start":{"line":4,"column":64},"end":{"line":17,"column":null}}},"1":{"name":"trigger","decl":{"start":{"line":20,"column":16},"end":{"line":20,"column":null}},"loc":{"start":{"line":25,"column":19},"end":{"line":46,"column":null}}},"2":{"name":"triggerDrag","decl":{"start":{"line":49,"column":16},"end":{"line":49,"column":28}},"loc":{"start":{"line":49,"column":72},"end":{"line":56,"column":null}}}},"branchMap":{"0":{"loc":{"start":{"line":25,"column":19},"end":{"line":25,"column":null}},"type":"if","locations":[{"start":{"line":25,"column":19},"end":{"line":25,"column":null}},{"start":{"line":25,"column":19},"end":{"line":25,"column":null}}]},"1":{"loc":{"start":{"line":27,"column":36},"end":{"line":27,"column":54}},"type":"cond-expr","locations":[{"start":{"line":27,"column":36},"end":{"line":27,"column":54}},{"start":{"line":27,"column":54},"end":{"line":27,"column":null}}]},"2":{"loc":{"start":{"line":28,"column":20},"end":{"line":28,"column":41}},"type":"binary-expr","locations":[{"start":{"line":28,"column":20},"end":{"line":28,"column":41}},{"start":{"line":28,"column":41},"end":{"line":28,"column":42}}]},"3":{"loc":{"start":{"line":30,"column":2},"end":{"line":32,"column":null}},"type":"if","locations":[{"start":{"line":30,"column":2},"end":{"line":32,"column":null}},{"start":{"line":30,"column":2},"end":{"line":32,"column":null}}]},"4":{"loc":{"start":{"line":30,"column":6},"end":{"line":30,"column":19}},"type":"binary-expr","locations":[{"start":{"line":30,"column":6},"end":{"line":30,"column":19}},{"start":{"line":30,"column":19},"end":{"line":30,"column":30}}]},"5":{"loc":{"start":{"line":40,"column":40},"end":{"line":40,"column":45}},"type":"cond-expr","locations":[{"start":{"line":40,"column":40},"end":{"line":40,"column":45}},{"start":{"line":40,"column":45},"end":{"line":40,"column":null}}]},"6":{"loc":{"start":{"line":41,"column":46},"end":{"line":41,"column":50}},"type":"cond-expr","locations":[{"start":{"line":41,"column":46},"end":{"line":41,"column":50}},{"start":{"line":41,"column":50},"end":{"line":41,"column":null}}]},"7":{"loc":{"start":{"line":49,"column":72},"end":{"line":49,"column":null}},"type":"if","locations":[{"start":{"line":49,"column":72},"end":{"line":49,"column":null}},{"start":{"line":49,"column":72},"end":{"line":49,"column":null}}]}},"s":{"0":163,"1":489,"2":0,"3":0,"4":163,"5":163,"6":163,"7":163,"8":0,"9":163,"10":163,"11":163,"12":163,"13":48,"14":0,"15":0,"16":24,"17":24,"18":24,"19":24,"20":24,"21":24},"f":{"0":163,"1":163,"2":24},"b":{"0":[163,326],"1":[151,12],"2":[163,163],"3":[0,163],"4":[163,163],"5":[29,134],"6":[29,134],"7":[0,48]}}
,"/Users/bytedance/mobile-vue-github/okeedesign-mobile-vue/tests/index.ts": {"path":"/Users/bytedance/mobile-vue-github/okeedesign-mobile-vue/tests/index.ts","statementMap":{"0":{"start":{"line":1,"column":0},"end":{"line":1,"column":null}},"1":{"start":{"line":2,"column":0},"end":{"line":2,"column":null}},"2":{"start":{"line":12,"column":0},"end":{"line":12,"column":null}},"3":{"start":{"line":13,"column":0},"end":{"line":13,"column":null}},"4":{"start":{"line":14,"column":0},"end":{"line":14,"column":null}},"5":{"start":{"line":4,"column":39},"end":{"line":4,"column":null}},"6":{"start":{"line":4,"column":22},"end":{"line":4,"column":null}},"7":{"start":{"line":5,"column":2},"end":{"line":5,"column":9}},"8":{"start":{"line":6,"column":4},"end":{"line":6,"column":14}},"9":{"start":{"line":11,"column":0},"end":{"line":11,"column":4}}},"fnMap":{"0":{"name":"(anonymous_0)","decl":{"start":{"line":12,"column":0},"end":{"line":12,"column":null}},"loc":{"start":{"line":12,"column":0},"end":{"line":12,"column":null}}},"1":{"name":"(anonymous_1)","decl":{"start":{"line":13,"column":0},"end":{"line":13,"column":null}},"loc":{"start":{"line":13,"column":0},"end":{"line":13,"column":null}}},"2":{"name":"(anonymous_2)","decl":{"start":{"line":14,"column":0},"end":{"line":14,"column":null}},"loc":{"start":{"line":14,"column":0},"end":{"line":14,"column":null}}},"3":{"name":"later","decl":{"start":{"line":4,"column":16},"end":{"line":4,"column":22}},"loc":{"start":{"line":4,"column":39},"end":{"line":8,"column":null}}},"4":{"name":"(anonymous_4)","decl":{"start":{"line":5,"column":21},"end":{"line":5,"column":28}},"loc":{"start":{"line":5,"column":31},"end":{"line":7,"column":null}}}},"branchMap":{"0":{"loc":{"start":{"line":12,"column":0},"end":{"line":12,"column":null}},"type":"if","locations":[{"start":{"line":12,"column":0},"end":{"line":12,"column":null}},{"start":{"line":12,"column":0},"end":{"line":12,"column":null}}]},"1":{"loc":{"start":{"line":13,"column":0},"end":{"line":13,"column":null}},"type":"if","locations":[{"start":{"line":13,"column":0},"end":{"line":13,"column":null}},{"start":{"line":13,"column":0},"end":{"line":13,"column":null}}]},"2":{"loc":{"start":{"line":14,"column":0},"end":{"line":14,"column":null}},"type":"if","locations":[{"start":{"line":14,"column":0},"end":{"line":14,"column":null}},{"start":{"line":14,"column":0},"end":{"line":14,"column":null}}]},"3":{"loc":{"start":{"line":4,"column":39},"end":{"line":4,"column":null}},"type":"if","locations":[{"start":{"line":4,"column":39},"end":{"line":4,"column":null}},{"start":{"line":4,"column":39},"end":{"line":4,"column":null}}]}},"s":{"0":32,"1":32,"2":512,"3":384,"4":256,"5":77,"6":71,"7":77,"8":77,"9":32},"f":{"0":128,"1":96,"2":64,"3":77,"4":77},"b":{"0":[256,416],"1":[192,288],"2":[128,160],"3":[71,6]}}
,"/Users/bytedance/mobile-vue-github/okeedesign-mobile-vue/tests/options.ts": {"path":"/Users/bytedance/mobile-vue-github/okeedesign-mobile-vue/tests/options.ts","statementMap":{"0":{"start":{"line":1,"column":16},"end":{"line":1,"column":null}}},"fnMap":{},"branchMap":{},"s":{"0":1},"f":{},"b":{}}
,"/Users/bytedance/mobile-vue-github/okeedesign-mobile-vue/tests/utils.ts": {"path":"/Users/bytedance/mobile-vue-github/okeedesign-mobile-vue/tests/utils.ts","statementMap":{"0":{"start":{"line":2,"column":2},"end":{"line":4,"column":null}},"1":{"start":{"line":3,"column":4},"end":{"line":3,"column":14}},"2":{"start":{"line":6,"column":2},"end":{"line":6,"column":9}}},"fnMap":{"0":{"name":"formatDate","decl":{"start":{"line":1,"column":16},"end":{"line":1,"column":27}},"loc":{"start":{"line":1,"column":37},"end":{"line":7,"column":null}}}},"branchMap":{"0":{"loc":{"start":{"line":2,"column":2},"end":{"line":4,"column":null}},"type":"if","locations":[{"start":{"line":2,"column":2},"end":{"line":4,"column":null}},{"start":{"line":2,"column":2},"end":{"line":4,"column":null}}]}},"s":{"0":0,"1":0,"2":0},"f":{"0":0},"b":{"0":[0,0]}}
}
