TN:
SF:/Users/bytedance/mobile-vue-github/okeedesign-mobile-vue/src/components/action-sheet/index.tsx
FN:77,ActionSheet
FN:99,onCancel
FN:104,Header
FN:115,Close
FN:127,Content
FN:133,Option
FN:136,onClickOption
FN:154,OptionContent
FN:185,CancelText
FNF:9
FNH:9
FNDA:15,ActionSheet
FNDA:1,onCancel
FNDA:15,Header
FNDA:1,Close
FNDA:15,Content
FNDA:31,Option
FNDA:2,onClickOption
FNDA:31,OptionContent
FNDA:15,CancelText
DA:2,70
DA:3,70
DA:4,70
DA:5,70
DA:75,140
DA:84,15
DA:85,15
DA:95,15
DA:96,15
DA:97,15
DA:100,1
DA:101,1
DA:105,15
DA:106,1
DA:116,1
DA:128,15
DA:129,1
DA:134,31
DA:137,2
DA:139,2
DA:140,1
DA:143,1
DA:144,1
DA:147,1
DA:149,1
DA:150,0
DA:155,31
DA:156,2
DA:159,29
DA:167,31
DA:168,31
DA:170,31
DA:186,15
DA:187,2
DA:195,15
DA:214,70
LF:36
LH:35
BRDA:105,0,0,1
BRDA:105,0,1,14
BRDA:107,1,0,1
BRDA:107,1,1,0
BRDA:117,2,0,1
BRDA:117,2,1,0
BRDA:128,3,0,1
BRDA:128,3,1,14
BRDA:139,4,0,1
BRDA:139,4,1,1
BRDA:139,5,0,2
BRDA:139,5,1,1
BRDA:143,6,0,1
BRDA:143,6,1,0
BRDA:149,7,0,0
BRDA:149,7,1,1
BRDA:155,8,0,2
BRDA:155,8,1,29
BRDA:162,9,0,29
BRDA:162,9,1,1
BRDA:168,10,0,31
BRDA:168,10,1,0
BRDA:168,10,2,31
BRDA:168,10,3,3
BRDA:173,11,0,31
BRDA:173,11,1,29
BRDA:175,12,0,31
BRDA:175,12,1,24
BRDA:180,13,0,31
BRDA:180,13,1,3
BRDA:186,14,0,2
BRDA:186,14,1,13
BRDA:207,15,0,15
BRDA:207,15,1,11
BRDA:207,15,2,11
BRF:35
BRH:30
end_of_record
TN:
SF:/Users/bytedance/mobile-vue-github/okeedesign-mobile-vue/src/components/badge/index.tsx
FN:19,Badge
FN:26,onClick
FNF:2
FNH:2
FNDA:14,Badge
FNDA:1,onClick
DA:4,70
DA:5,70
DA:17,140
DA:27,1
DA:30,14
DA:32,14
DA:34,14
DA:35,13
DA:38,14
DA:46,70
DA:61,70
LF:11
LH:11
BRDA:34,0,0,13
BRDA:34,0,1,1
BRDA:35,1,0,5
BRDA:35,1,1,8
BRDA:35,2,0,13
BRDA:35,2,1,6
BRDA:35,2,2,6
BRDA:40,3,0,9
BRDA:40,3,1,5
BRF:9
BRH:9
end_of_record
TN:
SF:/Users/bytedance/mobile-vue-github/okeedesign-mobile-vue/src/components/button/index.tsx
FN:31,Button
FN:40,onClick
FN:46,onTouchstart
FN:73,Content
FNF:4
FNH:3
FNDA:96,Button
FNDA:11,onClick
FNDA:0,onTouchstart
FNDA:96,Content
DA:4,70
DA:5,70
DA:6,70
DA:29,140
DA:38,96
DA:41,11
DA:42,10
DA:47,0
DA:48,0
DA:52,96
DA:53,96
DA:55,96
DA:57,96
DA:73,96
DA:74,96
DA:75,5
DA:77,91
DA:80,96
DA:88,70
DA:107,70
LF:20
LH:18
BRDA:41,0,0,10
BRDA:41,0,1,1
BRDA:47,1,0,0
BRDA:47,1,1,0
BRDA:55,2,0,9
BRDA:55,2,1,87
BRDA:55,3,0,96
BRDA:55,3,1,90
BRDA:74,4,0,5
BRDA:74,4,1,91
BRDA:83,5,0,10
BRDA:83,5,1,86
BRF:12
BRH:10
end_of_record
TN:
SF:/Users/bytedance/mobile-vue-github/okeedesign-mobile-vue/src/components/calendar/index.tsx
FN:134,createMonthBlock
FN:223,data
FN:248,validator
FN:258,_default
FN:263,validator
FN:286,daysOfWeek
FN:310,handler
FN:309,mode
FN:319,handler
FN:329,handler
FN:340,(anonymous_12)
FN:340,(anonymous_13)
FN:365,detectDisabled
FN:380,(anonymous_19)
FN:389,(anonymous_21)
FN:410,(anonymous_24)
FN:477,(anonymous_26)
FN:489,(anonymous_28)
FN:493,(anonymous_29)
FN:519,(anonymous_31)
FN:531,(anonymous_32)
FN:550,(anonymous_35)
FN:555,(anonymous_37)
FN:619,(anonymous_41)
FN:622,(anonymous_42)
FN:624,(anonymous_43)
FN:626,select
FN:668,(anonymous_46)
FN:674,(anonymous_47)
FN:680,(anonymous_48)
FN:688,setSelected
FN:689,cancel
FN:690,confirm
FN:705,(anonymous_52)
FN:722,(anonymous_53)
FNF:35
FNH:25
FNDA:12,createMonthBlock
FNDA:27,data
FNDA:6,validator
FNDA:6,_default
FNDA:6,validator
FNDA:15,daysOfWeek
FNDA:6,handler
FNDA:9,mode
FNDA:6,handler
FNDA:6,handler
FNDA:6,(anonymous_12)
FNDA:3,(anonymous_13)
FNDA:610,detectDisabled
FNDA:18,(anonymous_19)
FNDA:0,(anonymous_21)
FNDA:0,(anonymous_24)
FNDA:1,(anonymous_26)
FNDA:0,(anonymous_28)
FNDA:12,(anonymous_29)
FNDA:0,(anonymous_31)
FNDA:0,(anonymous_32)
FNDA:0,(anonymous_35)
FNDA:0,(anonymous_37)
FNDA:558,(anonymous_41)
FNDA:247,(anonymous_42)
FNDA:120,(anonymous_43)
FNDA:6,select
FNDA:8,(anonymous_46)
FNDA:8,(anonymous_47)
FNDA:8,(anonymous_48)
FNDA:0,setSelected
FNDA:0,cancel
FNDA:0,confirm
FNDA:63,(anonymous_52)
FNDA:18,(anonymous_53)
DA:5,70
DA:6,70
DA:14,70
DA:15,70
DA:16,70
DA:18,70
DA:22,210
DA:28,70
DA:135,12
DA:223,70
DA:227,6
DA:248,6
DA:258,6
DA:263,6
DA:288,6
DA:289,6
DA:290,6
DA:291,6
DA:293,0
DA:297,18
DA:300,9
DA:301,9
DA:302,1
DA:305,8
DA:312,6
DA:317,0
DA:321,6
DA:322,1
DA:323,1
DA:325,5
DA:331,6
DA:332,1
DA:333,1
DA:335,5
DA:339,6
DA:340,6
DA:343,3
DA:348,6
DA:349,6
DA:350,6
DA:351,6
DA:352,6
DA:356,6
DA:360,6
DA:361,6
DA:362,6
DA:367,558
DA:368,558
DA:369,558
DA:370,0
DA:372,558
DA:373,62
DA:375,496
DA:379,9
DA:380,9
DA:381,18
DA:382,18
DA:387,7
DA:388,7
DA:389,7
DA:390,7
DA:391,0
DA:393,7
DA:397,0
DA:398,0
DA:400,0
DA:404,6
DA:406,6
DA:407,0
DA:410,6
DA:411,0
DA:414,6
DA:416,6
DA:418,1
DA:419,1
DA:421,1
DA:422,1
DA:425,0
DA:426,0
DA:428,0
DA:429,0
DA:430,0
DA:433,5
DA:434,0
DA:435,0
DA:437,5
DA:438,5
DA:439,5
DA:440,3
DA:442,2
DA:443,1
DA:445,2
DA:450,4
DA:452,4
DA:453,0
DA:458,4
DA:459,3
DA:460,3
DA:461,3
DA:462,0
DA:464,3
DA:465,2
DA:467,3
DA:468,0
DA:473,3
DA:477,1
DA:480,4
DA:482,4
DA:486,6
DA:487,6
DA:489,6
DA:490,0
DA:491,0
DA:493,6
DA:494,12
DA:495,12
DA:499,6
DA:500,6
DA:501,0
DA:502,0
DA:503,0
DA:508,6
DA:509,6
DA:510,0
DA:511,0
DA:512,0
DA:518,0
DA:519,0
DA:520,0
DA:521,0
DA:523,0
DA:524,0
DA:526,0
DA:527,0
DA:529,0
DA:531,0
DA:532,0
DA:533,0
DA:534,0
DA:539,0
DA:540,0
DA:541,0
DA:544,0
DA:545,0
DA:546,0
DA:548,0
DA:549,0
DA:550,0
DA:553,0
DA:554,0
DA:555,0
DA:559,1
DA:560,0
DA:562,1
DA:563,1
DA:567,1
DA:568,0
DA:570,1
DA:571,1
DA:572,1
DA:575,36
DA:576,18
DA:585,18
DA:587,18
DA:588,18
DA:589,18
DA:590,18
DA:591,18
DA:592,18
DA:593,18
DA:594,18
DA:595,18
DA:598,18
DA:603,18
DA:610,18
DA:620,558
DA:621,558
DA:622,558
DA:624,558
DA:625,558
DA:626,558
DA:627,6
DA:628,6
DA:631,558
DA:657,18
DA:658,36
DA:668,8
DA:674,8
DA:680,8
DA:682,9
DA:684,9
DA:686,9
DA:688,0
DA:689,0
DA:690,0
DA:693,9
DA:705,63
DA:722,18
DA:744,70
LF:199
LH:142
BRDA:263,0,0,6
BRDA:263,0,1,6
BRDA:289,1,0,0
BRDA:289,1,1,6
BRDA:290,2,0,6
BRDA:290,2,1,0
BRDA:301,3,0,1
BRDA:301,3,1,8
BRDA:301,4,0,9
BRDA:301,4,1,6
BRDA:301,4,2,2
BRDA:321,5,0,1
BRDA:321,5,1,5
BRDA:331,6,0,1
BRDA:331,6,1,5
BRDA:362,7,0,6
BRDA:362,7,1,0
BRDA:362,8,0,0
BRDA:362,8,1,6
BRDA:369,9,0,0
BRDA:369,9,1,558
BRDA:369,10,0,558
BRDA:369,10,1,62
BRDA:372,11,0,62
BRDA:372,11,1,496
BRDA:372,12,0,558
BRDA:372,12,1,62
BRDA:382,13,0,18
BRDA:382,13,1,18
BRDA:382,14,0,0
BRDA:382,14,1,18
BRDA:390,15,0,0
BRDA:390,15,1,7
BRDA:390,16,0,7
BRDA:390,16,1,5
BRDA:397,17,0,0
BRDA:397,17,1,0
BRDA:406,18,0,0
BRDA:406,18,1,6
BRDA:410,19,0,0
BRDA:410,19,1,6
BRDA:410,20,0,6
BRDA:410,20,1,1
BRDA:417,21,0,1
BRDA:417,21,1,0
BRDA:417,21,2,5
BRDA:418,22,0,1
BRDA:418,22,1,0
BRDA:425,23,0,0
BRDA:425,23,1,0
BRDA:433,24,0,0
BRDA:433,24,1,5
BRDA:439,25,0,3
BRDA:439,25,1,2
BRDA:442,26,0,1
BRDA:442,26,1,1
BRDA:452,27,0,0
BRDA:452,27,1,4
BRDA:458,28,0,3
BRDA:458,28,1,1
BRDA:461,29,0,0
BRDA:461,29,1,3
BRDA:464,30,0,2
BRDA:464,30,1,1
BRDA:467,31,0,0
BRDA:467,31,1,3
BRDA:500,32,0,0
BRDA:500,32,1,6
BRDA:500,33,0,6
BRDA:500,33,1,0
BRDA:509,34,0,0
BRDA:509,34,1,6
BRDA:509,35,0,6
BRDA:509,35,1,0
BRDA:520,36,0,0
BRDA:520,36,1,0
BRDA:523,37,0,0
BRDA:523,37,1,0
BRDA:526,38,0,0
BRDA:526,38,1,0
BRDA:532,39,0,0
BRDA:532,39,1,0
BRDA:559,40,0,0
BRDA:559,40,1,1
BRDA:567,41,0,0
BRDA:567,41,1,1
BRDA:589,42,0,18
BRDA:589,42,1,0
BRDA:598,43,0,18
BRDA:598,43,1,0
BRDA:598,43,2,18
BRDA:603,44,0,18
BRDA:603,44,1,0
BRDA:603,44,2,0
BRDA:603,44,3,0
BRDA:603,44,4,18
BRDA:616,45,0,18
BRDA:616,45,1,9
BRDA:624,46,0,558
BRDA:624,46,1,372
BRDA:624,46,2,369
BRDA:627,47,0,6
BRDA:627,47,1,0
BRDA:635,48,0,558
BRDA:635,48,1,477
BRDA:662,49,0,9
BRDA:662,49,1,0
BRDA:668,50,0,8
BRDA:668,50,1,1
BRDA:669,51,0,8
BRDA:669,51,1,5
BRDA:669,51,2,3
BRDA:674,52,0,8
BRDA:674,52,1,1
BRDA:675,53,0,8
BRDA:675,53,1,5
BRDA:675,53,2,3
BRDA:680,54,0,8
BRDA:680,54,1,1
BRDA:696,55,0,9
BRDA:696,55,1,9
BRDA:706,56,0,63
BRDA:706,56,1,54
BRF:123
BRH:83
end_of_record
TN:
SF:/Users/bytedance/mobile-vue-github/okeedesign-mobile-vue/src/components/cascader/index.tsx
FN:28,deepCloneArray
FN:35,(anonymous_1)
FN:37,(anonymous_2)
FN:53,setActiveFalse
FN:57,(anonymous_4)
FN:71,getSelectedCascader
FN:73,(anonymous_6)
FN:74,(anonymous_7)
FN:91,_default
FN:97,_default
FN:103,_default
FN:109,_default
FN:89,data
FN:124,handler
FN:142,handler
FN:155,showSelectedItem
FN:157,(anonymous_16)
FN:159,(anonymous_17)
FN:183,(anonymous_19)
FN:195,(anonymous_20)
FN:200,(anonymous_21)
FN:207,CascaderMenu
FN:213,(anonymous_24)
FN:217,CascaderMenuItem
FN:222,click
FN:238,(anonymous_27)
FNF:26
FNH:24
FNDA:18,deepCloneArray
FNDA:52,(anonymous_1)
FNDA:156,(anonymous_2)
FNDA:14,setActiveFalse
FNDA:41,(anonymous_4)
FNDA:2,getSelectedCascader
FNDA:6,(anonymous_6)
FNDA:16,(anonymous_7)
FNDA:0,_default
FNDA:1,_default
FNDA:2,_default
FNDA:1,_default
FNDA:7,data
FNDA:2,handler
FNDA:2,handler
FNDA:4,showSelectedItem
FNDA:3,(anonymous_16)
FNDA:8,(anonymous_17)
FNDA:0,(anonymous_19)
FNDA:3,(anonymous_20)
FNDA:3,(anonymous_21)
FNDA:12,CascaderMenu
FNDA:31,(anonymous_24)
FNDA:31,CascaderMenuItem
FNDA:3,click
FNDA:12,(anonymous_27)
DA:1,70
DA:2,70
DA:3,70
DA:4,140
DA:29,18
DA:30,0
DA:32,18
DA:33,18
DA:34,18
DA:35,18
DA:36,52
DA:37,52
DA:38,156
DA:40,52
DA:41,16
DA:43,52
DA:45,18
DA:54,14
DA:55,0
DA:57,14
DA:58,41
DA:59,41
DA:60,11
DA:72,2
DA:73,2
DA:74,16
DA:75,6
DA:76,6
DA:82,2
DA:89,70
DA:94,0
DA:100,1
DA:106,2
DA:112,1
DA:117,2
DA:126,2
DA:127,2
DA:128,2
DA:130,2
DA:131,0
DA:134,0
DA:135,0
DA:136,0
DA:144,2
DA:145,1
DA:147,1
DA:148,1
DA:156,1
DA:157,1
DA:159,8
DA:160,3
DA:161,3
DA:162,3
DA:163,2
DA:167,1
DA:168,1
DA:169,1
DA:171,3
DA:173,3
DA:174,3
DA:175,3
DA:176,2
DA:177,2
DA:178,2
DA:180,2
DA:183,0
DA:184,0
DA:185,0
DA:188,2
DA:189,2
DA:190,2
DA:192,1
DA:193,1
DA:195,1
DA:196,3
DA:199,1
DA:200,3
DA:201,1
DA:202,1
DA:206,10
DA:207,5
DA:208,12
DA:213,31
DA:217,5
DA:218,31
DA:223,3
DA:235,5
DA:239,12
DA:240,12
LF:89
LH:79
BRDA:29,0,0,0
BRDA:29,0,1,18
BRDA:29,1,0,18
BRDA:29,1,1,18
BRDA:38,2,0,104
BRDA:38,2,1,52
BRDA:40,3,0,16
BRDA:40,3,1,36
BRDA:54,4,0,0
BRDA:54,4,1,14
BRDA:54,5,0,14
BRDA:54,5,1,14
BRDA:59,6,0,11
BRDA:59,6,1,30
BRDA:59,7,0,41
BRDA:59,7,1,11
BRDA:75,8,0,6
BRDA:75,8,1,0
BRDA:126,9,0,2
BRDA:126,9,1,0
BRDA:130,10,0,0
BRDA:130,10,1,2
BRDA:144,11,0,1
BRDA:144,11,1,1
BRDA:147,12,0,1
BRDA:147,12,1,0
BRDA:159,13,0,3
BRDA:159,13,1,3
BRDA:160,14,0,3
BRDA:160,14,1,0
BRDA:162,15,0,2
BRDA:162,15,1,1
BRDA:162,16,0,3
BRDA:162,16,1,2
BRDA:175,17,0,2
BRDA:175,17,1,1
BRDA:178,18,0,2
BRDA:178,18,1,0
BRDA:184,19,0,0
BRDA:184,19,1,0
BRDA:185,20,0,0
BRDA:185,20,1,0
BRDA:196,21,0,0
BRDA:196,21,1,3
BRDA:210,22,0,12
BRDA:210,22,1,12
BRDA:211,23,0,12
BRDA:211,23,1,0
BRDA:211,23,2,0
BRDA:227,24,0,31
BRDA:227,24,1,9
BRDA:227,24,2,2
BRDA:239,25,0,12
BRDA:239,25,1,0
BRDA:239,26,0,12
BRDA:239,26,1,12
BRF:56
BRH:40
end_of_record
TN:
SF:/Users/bytedance/mobile-vue-github/okeedesign-mobile-vue/src/components/cell/index.tsx
FN:24,Cell
FN:54,ArrowDirection
FN:66,onClick
FN:70,onTouchstart
FNF:4
FNH:3
FNDA:247,Cell
FNDA:100,ArrowDirection
FNDA:13,onClick
FNDA:0,onTouchstart
DA:1,70
DA:2,70
DA:3,70
DA:22,140
DA:31,247
DA:33,247
DA:34,247
DA:35,247
DA:37,247
DA:41,247
DA:48,247
DA:54,247
DA:55,100
DA:63,247
DA:64,247
DA:67,13
DA:71,0
DA:74,247
DA:80,247
DA:81,116
DA:84,247
DA:94,70
DA:98,70
LF:23
LH:22
BRDA:33,0,0,247
BRDA:33,0,1,236
BRDA:34,1,0,247
BRDA:34,1,1,179
BRDA:35,2,0,247
BRDA:35,2,1,246
BRDA:37,3,0,247
BRDA:37,3,1,3
BRDA:38,4,0,1
BRDA:38,4,1,2
BRDA:41,5,0,247
BRDA:41,5,1,237
BRDA:43,6,0,11
BRDA:43,6,1,226
BRDA:48,7,0,247
BRDA:48,7,1,87
BRDA:49,8,0,87
BRDA:49,8,1,81
BRDA:50,9,0,68
BRDA:50,9,1,19
BRDA:54,10,0,99
BRDA:54,10,1,1
BRDA:64,11,0,13
BRDA:64,11,1,234
BRDA:64,12,0,234
BRDA:64,12,1,100
BRDA:77,13,0,247
BRDA:77,13,1,143
BRDA:80,14,0,116
BRDA:80,14,1,131
BRDA:89,15,0,247
BRDA:89,15,1,0
BRF:32
BRH:31
end_of_record
TN:
SF:/Users/bytedance/mobile-vue-github/okeedesign-mobile-vue/src/components/cell/shared.ts
FNF:0
FNH:0
DA:18,70
LF:1
LH:1
BRF:0
BRH:0
end_of_record
TN:
SF:/Users/bytedance/mobile-vue-github/okeedesign-mobile-vue/src/components/cell-group/index.tsx
FN:13,CellGroup
FNF:1
FNH:1
FNDA:5,CellGroup
DA:1,70
DA:2,70
DA:11,140
DA:20,5
DA:21,5
DA:30,5
DA:31,0
DA:39,5
DA:42,70
DA:50,70
LF:10
LH:9
BRDA:26,0,0,5
BRDA:26,0,1,4
BRDA:30,1,0,0
BRDA:30,1,1,5
BRF:4
BRH:3
end_of_record
TN:
SF:/Users/bytedance/mobile-vue-github/okeedesign-mobile-vue/src/components/checkbox/index.tsx
FN:33,data
FN:49,validator
FN:55,validator
FN:65,checked
FN:102,checked
FN:116,onChange
FN:137,(anonymous_14)
FNF:7
FNH:7
FNDA:65,data
FNDA:2,validator
FNDA:2,validator
FNDA:130,checked
FNDA:2,checked
FNDA:35,onChange
FNDA:8,(anonymous_14)
DA:1,70
DA:2,70
DA:3,70
DA:4,70
DA:28,140
DA:30,70
DA:31,70
DA:33,70
DA:37,19
DA:50,2
DA:56,2
DA:67,27
DA:71,0
DA:72,0
DA:74,0
DA:78,19
DA:82,27
DA:83,2
DA:85,25
DA:89,19
DA:90,19
DA:94,19
DA:98,19
DA:104,2
DA:105,0
DA:113,19
DA:118,2
DA:119,0
DA:121,2
DA:122,2
DA:124,0
DA:126,2
DA:129,2
DA:130,2
DA:131,2
DA:132,2
DA:133,0
DA:136,2
DA:137,2
DA:138,8
DA:139,6
DA:140,3
DA:142,2
DA:143,2
DA:146,2
DA:150,0
DA:151,0
DA:152,0
DA:153,0
DA:158,4
DA:159,0
DA:160,4
DA:161,2
DA:165,27
DA:166,27
DA:167,0
DA:169,27
DA:172,0
DA:173,0
DA:181,27
DA:182,27
DA:183,27
DA:184,27
DA:186,27
DA:187,0
DA:189,27
DA:192,27
DA:204,27
LF:68
LH:52
BRDA:67,0,0,27
BRDA:67,0,1,0
BRDA:71,1,0,0
BRDA:71,1,1,0
BRDA:78,2,0,19
BRDA:78,2,1,19
BRDA:78,2,2,19
BRDA:82,3,0,2
BRDA:82,3,1,25
BRDA:83,4,0,1
BRDA:83,4,1,1
BRDA:85,5,0,9
BRDA:85,5,1,16
BRDA:94,6,0,19
BRDA:94,6,1,17
BRDA:94,6,2,17
BRDA:98,7,0,19
BRDA:98,7,1,17
BRDA:98,7,2,17
BRDA:104,8,0,0
BRDA:104,8,1,2
BRDA:104,9,0,2
BRDA:104,9,1,0
BRDA:106,10,0,0
BRDA:106,10,1,0
BRDA:113,11,0,5
BRDA:113,11,1,14
BRDA:113,12,0,19
BRDA:113,12,1,5
BRDA:118,13,0,0
BRDA:118,13,1,2
BRDA:121,14,0,2
BRDA:121,14,1,0
BRDA:132,15,0,0
BRDA:132,15,1,2
BRDA:132,16,0,2
BRDA:132,16,1,2
BRDA:132,16,2,0
BRDA:138,17,0,6
BRDA:138,17,1,2
BRDA:139,18,0,3
BRDA:139,18,1,3
BRDA:142,19,0,2
BRDA:142,19,1,0
BRDA:150,20,0,0
BRDA:150,20,1,0
BRDA:152,21,0,0
BRDA:152,21,1,0
BRDA:158,22,0,0
BRDA:158,22,1,4
BRDA:160,23,0,2
BRDA:160,23,1,2
BRDA:166,24,0,0
BRDA:166,24,1,27
BRDA:173,25,0,0
BRDA:173,25,1,0
BRDA:183,26,0,27
BRDA:183,26,1,27
BRDA:186,27,0,0
BRDA:186,27,1,27
BRF:60
BRH:39
end_of_record
TN:
SF:/Users/bytedance/mobile-vue-github/okeedesign-mobile-vue/src/components/checkbox-group/index.tsx
FN:28,data
FN:42,_default
FN:47,validator
FN:54,validator
FN:59,value
FNF:5
FNH:4
FNDA:14,data
FNDA:0,_default
FNDA:8,validator
FNDA:8,validator
FNDA:2,value
DA:1,70
DA:2,70
DA:23,140
DA:25,70
DA:26,70
DA:28,70
DA:32,6
DA:42,0
DA:48,8
DA:55,8
DA:61,2
DA:64,8
DA:65,8
LF:13
LH:12
BRF:0
BRH:0
end_of_record
TN:
SF:/Users/bytedance/mobile-vue-github/okeedesign-mobile-vue/src/components/checker/index.tsx
FN:34,data
FN:50,validator
FN:57,validator
FN:68,validator
FN:78,isRadio
FN:84,value
FN:97,checkInputType
FNF:7
FNH:7
FNDA:28,data
FNDA:10,validator
FNDA:10,validator
FNDA:10,validator
FNDA:1,isRadio
FNDA:1,value
FNDA:10,checkInputType
DA:1,70
DA:2,70
DA:28,70
DA:29,70
DA:30,70
DA:32,140
DA:34,70
DA:38,9
DA:51,10
DA:58,10
DA:69,10
DA:75,9
DA:80,1
DA:86,1
DA:88,1
DA:89,0
DA:93,0
DA:102,10
DA:104,10
DA:105,6
DA:107,6
DA:108,0
DA:111,4
DA:113,4
DA:114,0
DA:120,10
DA:121,10
LF:27
LH:23
BRDA:88,0,0,0
BRDA:88,0,1,1
BRDA:104,1,0,6
BRDA:104,1,1,4
BRDA:107,2,0,0
BRDA:107,2,1,6
BRDA:111,3,0,4
BRDA:111,3,1,4
BRDA:113,4,0,0
BRDA:113,4,1,4
BRF:10
BRH:7
end_of_record
TN:
SF:/Users/bytedance/mobile-vue-github/okeedesign-mobile-vue/src/components/checker-item/index.tsx
FN:44,isCheckbox
FN:55,inputId
FN:60,getCheckboxValue
FN:64,(anonymous_4)
FN:23,render
FNF:5
FNH:5
FNDA:57,isCheckbox
FNDA:27,inputId
FNDA:5,getCheckboxValue
FNDA:6,(anonymous_4)
FNDA:30,render
DA:1,70
DA:2,70
DA:3,70
DA:4,70
DA:21,140
DA:23,70
DA:46,27
DA:48,27
DA:51,30
DA:53,30
DA:56,27
DA:57,27
DA:61,2
DA:62,2
DA:64,2
DA:65,6
DA:66,4
DA:67,2
DA:69,2
DA:70,2
DA:74,2
DA:78,1
DA:79,1
DA:80,1
DA:85,2
DA:86,1
DA:88,1
DA:90,1
DA:91,1
DA:93,1
DA:94,0
DA:100,0
DA:101,0
DA:103,0
DA:105,0
DA:109,30
DA:110,30
DA:111,30
DA:112,30
DA:114,30
DA:115,30
DA:128,30
DA:130,30
LF:43
LH:38
BRDA:48,0,0,27
BRDA:48,0,1,27
BRDA:53,1,0,18
BRDA:53,1,1,12
BRDA:65,2,0,4
BRDA:65,2,1,2
BRDA:66,3,0,2
BRDA:66,3,1,2
BRDA:69,4,0,2
BRDA:69,4,1,0
BRDA:78,5,0,1
BRDA:78,5,1,0
BRDA:85,6,0,1
BRDA:85,6,1,1
BRDA:88,7,0,0
BRDA:88,7,1,1
BRDA:93,8,0,0
BRDA:93,8,1,1
BRDA:93,9,0,1
BRDA:93,9,1,0
BRDA:100,10,0,0
BRDA:100,10,1,0
BRDA:103,11,0,0
BRDA:103,11,1,0
BRDA:112,12,0,0
BRDA:112,12,1,30
BRDA:128,13,0,30
BRDA:128,13,1,25
BRDA:132,14,0,30
BRDA:132,14,1,12
BRDA:141,15,0,30
BRDA:141,15,1,18
BRDA:152,16,0,30
BRDA:152,16,1,18
BRDA:152,16,2,9
BRDA:152,16,3,9
BRDA:152,16,4,7
BRDA:159,17,0,30
BRDA:159,17,1,2
BRF:39
BRH:29
end_of_record
TN:
SF:/Users/bytedance/mobile-vue-github/okeedesign-mobile-vue/src/components/col/index.tsx
FN:16,gap
FN:10,render
FNF:2
FNH:2
FNDA:126,gap
FNDA:63,render
DA:1,70
DA:3,140
DA:10,70
DA:18,63
DA:21,63
DA:25,63
DA:26,63
DA:27,63
LF:8
LH:8
BRDA:18,0,0,40
BRDA:18,0,1,23
BRDA:18,1,0,63
BRDA:18,1,1,63
BRDA:21,2,0,40
BRDA:21,2,1,23
BRF:6
BRH:6
end_of_record
TN:
SF:/Users/bytedance/mobile-vue-github/okeedesign-mobile-vue/src/components/collapse/index.tsx
FN:33,_switch
FN:38,(anonymous_1)
FN:21,render
FNF:3
FNH:3
FNDA:8,_switch
FNDA:2,(anonymous_1)
FNDA:14,render
DA:1,70
DA:2,70
DA:19,140
DA:21,70
DA:35,8
DA:36,5
DA:38,2
DA:40,8
DA:41,8
DA:45,14
DA:46,14
DA:47,14
LF:12
LH:12
BRDA:35,0,0,5
BRDA:35,0,1,3
BRDA:37,1,0,4
BRDA:37,1,1,1
BRF:4
BRH:4
end_of_record
TN:
SF:/Users/bytedance/mobile-vue-github/okeedesign-mobile-vue/src/components/collapse-item/index.tsx
FN:27,data
FN:48,currentName
FN:61,(anonymous_3)
FN:70,expanded
FN:83,(anonymous_6)
FN:94,(anonymous_7)
FN:104,onClick
FN:128,(anonymous_11)
FN:130,(anonymous_12)
FN:136,(anonymous_13)
FNF:10
FNH:9
FNDA:92,data
FNDA:67,currentName
FNDA:21,(anonymous_3)
FNDA:6,expanded
FNDA:6,(anonymous_6)
FNDA:0,(anonymous_7)
FNDA:14,onClick
FNDA:138,(anonymous_11)
FNDA:10,(anonymous_12)
FNDA:2,(anonymous_13)
DA:1,70
DA:2,70
DA:3,70
DA:4,70
DA:5,70
DA:24,140
DA:25,70
DA:27,70
DA:42,23
DA:50,24
DA:53,43
DA:54,43
DA:55,0
DA:58,43
DA:59,43
DA:61,21
DA:66,23
DA:67,23
DA:71,6
DA:72,6
DA:73,0
DA:76,6
DA:77,5
DA:78,5
DA:81,6
DA:83,6
DA:84,6
DA:85,6
DA:86,1
DA:89,5
DA:90,5
DA:91,0
DA:92,0
DA:94,0
DA:95,0
DA:98,5
DA:106,9
DA:107,1
DA:110,8
DA:111,8
DA:112,8
DA:116,5
DA:117,0
DA:119,5
DA:124,92
DA:125,46
DA:126,46
DA:128,46
DA:129,138
DA:130,10
DA:132,138
DA:135,46
DA:136,2
DA:139,46
DA:148,46
DA:150,46
DA:163,46
LF:57
LH:50
BRDA:50,0,0,3
BRDA:50,0,1,21
BRDA:54,1,0,0
BRDA:54,1,1,43
BRDA:60,2,0,13
BRDA:60,2,1,30
BRDA:72,3,0,0
BRDA:72,3,1,6
BRDA:76,4,0,5
BRDA:76,4,1,1
BRDA:81,5,0,5
BRDA:81,5,1,1
BRDA:85,6,0,1
BRDA:85,6,1,5
BRDA:85,7,0,6
BRDA:85,7,1,5
BRDA:90,8,0,0
BRDA:90,8,1,5
BRDA:92,9,0,0
BRDA:92,9,1,0
BRDA:95,10,0,0
BRDA:95,10,1,0
BRDA:106,11,0,1
BRDA:106,11,1,8
BRDA:111,12,0,0
BRDA:111,12,1,8
BRDA:111,13,0,8
BRDA:111,13,1,3
BRDA:116,14,0,0
BRDA:116,14,1,5
BRDA:129,15,0,10
BRDA:129,15,1,128
BRDA:135,16,0,2
BRDA:135,16,1,44
BRDA:148,17,0,46
BRDA:148,17,1,22
BRDA:148,17,2,0
BRDA:150,18,0,46
BRDA:150,18,1,13
BRF:39
BRH:29
end_of_record
TN:
SF:/Users/bytedance/mobile-vue-github/okeedesign-mobile-vue/src/components/datetime-picker/index.tsx
FN:35,validator
FN:40,_default
FN:52,_default
FN:73,isTime
FN:123,checkValue
FN:30,render
FNF:6
FNH:6
FNDA:13,validator
FNDA:6,_default
FNDA:7,_default
FNDA:48,isTime
FNDA:75,checkValue
FNDA:11,render
DA:1,70
DA:2,70
DA:3,70
DA:25,210
DA:26,70
DA:28,70
DA:30,70
DA:36,13
DA:43,6
DA:44,6
DA:45,6
DA:46,6
DA:47,6
DA:48,6
DA:49,6
DA:55,7
DA:56,7
DA:57,7
DA:58,7
DA:59,7
DA:60,7
DA:61,7
DA:75,9
DA:79,9
DA:83,7
DA:87,7
DA:97,7
DA:107,9
DA:109,7
DA:111,7
DA:119,7
DA:128,11
DA:130,11
DA:131,3
DA:132,0
DA:133,0
DA:135,3
DA:136,1
DA:137,1
DA:141,1
DA:145,1
DA:148,8
DA:149,0
DA:150,0
DA:152,8
DA:153,1
DA:154,1
DA:155,1
DA:156,1
DA:158,7
DA:159,0
DA:160,0
DA:161,0
DA:162,0
DA:166,9
DA:170,14
DA:171,14
DA:173,14
DA:174,26
DA:175,15
DA:176,15
DA:177,12
DA:179,3
DA:182,11
DA:186,14
DA:193,2
DA:194,2
DA:198,0
DA:202,4
DA:205,21
DA:206,21
DA:207,21
DA:208,482
DA:213,21
DA:217,18
DA:218,18
DA:219,18
DA:220,756
DA:221,756
DA:226,18
DA:230,1
DA:231,1
DA:233,1
DA:234,1
DA:235,0
DA:236,0
DA:238,1
DA:244,1
DA:245,1
DA:247,1
DA:248,2
DA:249,1
DA:250,1
DA:252,1
DA:258,1
DA:259,0
DA:260,0
DA:262,1
DA:263,1
DA:265,1
DA:267,1
DA:268,1
DA:273,1
DA:277,1
DA:281,11
DA:282,11
LF:106
LH:93
BRDA:79,0,0,2
BRDA:79,0,1,7
BRDA:107,1,0,2
BRDA:107,1,1,7
BRDA:119,2,0,5
BRDA:119,2,1,2
BRDA:130,3,0,3
BRDA:130,3,1,8
BRDA:131,4,0,0
BRDA:131,4,1,3
BRDA:135,5,0,1
BRDA:135,5,1,2
BRDA:148,6,0,0
BRDA:148,6,1,8
BRDA:152,7,0,1
BRDA:152,7,1,7
BRDA:158,8,0,0
BRDA:158,8,1,7
BRDA:174,9,0,15
BRDA:174,9,1,11
BRDA:176,10,0,12
BRDA:176,10,1,3
BRDA:202,11,0,0
BRDA:202,11,1,4
BRDA:205,12,0,0
BRDA:205,12,1,21
BRDA:220,13,0,180
BRDA:220,13,1,576
BRDA:234,14,0,0
BRDA:234,14,1,1
BRDA:248,15,0,1
BRDA:248,15,1,1
BRDA:258,16,0,0
BRDA:258,16,1,1
BRDA:283,17,0,11
BRDA:283,17,1,9
BRDA:286,18,0,9
BRDA:286,18,1,0
BRF:38
BRH:30
end_of_record
TN:
SF:/Users/bytedance/mobile-vue-github/okeedesign-mobile-vue/src/components/dialog/index.tsx
FN:72,_default
FN:38,data
FN:85,onClickOverlay
FN:95,(anonymous_4)
FN:146,click
FN:156,click
FN:166,(anonymous_9)
FN:171,click
FNF:8
FNH:6
FNDA:9,_default
FNDA:23,data
FNDA:9,onClickOverlay
FNDA:2,(anonymous_4)
FNDA:3,click
FNDA:1,click
FNDA:0,(anonymous_9)
FNDA:0,click
DA:1,70
DA:2,70
DA:3,70
DA:7,210
DA:36,70
DA:38,70
DA:72,9
DA:77,9
DA:87,1
DA:90,5
DA:91,5
DA:93,5
DA:94,3
DA:95,3
DA:96,2
DA:97,1
DA:99,2
DA:102,2
DA:107,3
DA:109,3
DA:110,2
DA:115,28
DA:116,14
DA:117,4
DA:120,10
DA:121,10
DA:122,10
DA:123,10
DA:125,10
DA:126,10
DA:128,10
DA:136,10
DA:137,10
DA:139,10
DA:147,3
DA:157,1
DA:164,10
DA:167,0
DA:172,0
DA:173,0
DA:181,10
LF:41
LH:38
BRDA:93,0,0,3
BRDA:93,0,1,2
BRDA:96,1,0,1
BRDA:96,1,1,1
BRDA:109,2,0,2
BRDA:109,2,1,1
BRDA:116,3,0,4
BRDA:116,3,1,10
BRDA:123,4,0,10
BRDA:123,4,1,9
BRDA:125,5,0,10
BRDA:125,5,1,9
BRDA:126,6,0,10
BRDA:126,6,1,6
BRDA:128,7,0,10
BRDA:128,7,1,3
BRDA:130,8,0,3
BRDA:130,8,1,2
BRDA:136,9,0,10
BRDA:136,9,1,3
BRDA:137,10,0,10
BRDA:137,10,1,7
BRDA:139,11,0,10
BRDA:139,11,1,10
BRDA:141,12,0,10
BRDA:141,12,1,7
BRDA:145,13,0,7
BRDA:145,13,1,7
BRDA:151,14,0,10
BRDA:151,14,1,10
BRDA:155,15,0,10
BRDA:155,15,1,10
BRDA:164,16,0,10
BRDA:164,16,1,10
BRDA:164,16,2,0
BRDA:173,17,0,0
BRDA:173,17,1,0
BRDA:186,18,0,10
BRDA:186,18,1,5
BRF:39
BRH:36
end_of_record
TN:
SF:/Users/bytedance/mobile-vue-github/okeedesign-mobile-vue/src/components/dropdown/index.tsx
FN:55,validator
FN:30,data
FN:79,updateOffset
FN:92,(anonymous_4)
FN:102,(anonymous_6)
FN:111,Title
FN:128,(anonymous_9)
FN:131,click
FNF:8
FNH:7
FNDA:19,validator
FNDA:62,data
FNDA:15,updateOffset
FNDA:16,(anonymous_4)
FNDA:0,(anonymous_6)
FNDA:57,Title
FNDA:57,(anonymous_9)
FNDA:9,click
DA:1,70
DA:2,70
DA:3,70
DA:7,140
DA:9,70
DA:10,70
DA:14,70
DA:30,70
DA:56,19
DA:74,16
DA:81,7
DA:82,7
DA:84,7
DA:85,6
DA:87,1
DA:92,8
DA:93,16
DA:94,8
DA:95,8
DA:96,1
DA:102,0
DA:103,0
DA:108,92
DA:109,46
DA:110,46
DA:111,46
DA:112,57
DA:113,57
DA:128,57
DA:132,9
DA:133,8
DA:141,46
LF:32
LH:30
BRDA:84,0,0,6
BRDA:84,0,1,1
BRDA:93,1,0,8
BRDA:93,1,1,8
BRDA:95,2,0,1
BRDA:95,2,1,7
BRDA:112,3,0,0
BRDA:112,3,1,57
BRDA:114,4,0,1
BRDA:114,4,1,56
BRDA:122,5,0,7
BRDA:122,5,1,49
BRDA:132,6,0,8
BRDA:132,6,1,1
BRF:14
BRH:13
end_of_record
TN:
SF:/Users/bytedance/mobile-vue-github/okeedesign-mobile-vue/src/components/dropdown-item/index.tsx
FN:33,_default
FN:24,data
FN:45,displayTitle
FN:51,(anonymous_3)
FN:56,toggle
FN:73,createEmitter
FN:73,(anonymous_7)
FN:92,(anonymous_9)
FN:102,click
FN:138,closed
FN:125,callback
FNF:11
FNH:9
FNDA:1,_default
FNDA:99,data
FNDA:31,displayTitle
FNDA:63,(anonymous_3)
FNDA:9,toggle
FNDA:84,createEmitter
FNDA:11,(anonymous_7)
FNDA:92,(anonymous_9)
FNDA:3,click
FNDA:0,closed
FNDA:0,callback
DA:1,70
DA:2,70
DA:3,70
DA:4,70
DA:5,70
DA:22,140
DA:24,70
DA:33,1
DA:38,28
DA:46,31
DA:47,31
DA:48,2
DA:51,63
DA:52,29
DA:57,18
DA:58,9
DA:59,0
DA:62,9
DA:63,9
DA:65,9
DA:66,7
DA:67,7
DA:72,28
DA:73,84
DA:75,28
DA:76,28
DA:77,28
DA:80,86
DA:81,43
DA:90,43
DA:92,43
DA:93,92
DA:94,92
DA:103,3
DA:104,3
DA:106,3
DA:107,2
DA:108,2
DA:117,43
DA:118,43
DA:119,37
DA:121,6
DA:122,6
DA:125,43
DA:128,0
DA:139,0
DA:140,0
LF:47
LH:43
BRDA:47,0,0,2
BRDA:47,0,1,29
BRDA:52,1,0,26
BRDA:52,1,1,3
BRDA:57,2,0,16
BRDA:57,2,1,2
BRDA:58,3,0,0
BRDA:58,3,1,9
BRDA:65,4,0,7
BRDA:65,4,1,2
BRDA:100,5,0,40
BRDA:100,5,1,52
BRDA:106,6,0,2
BRDA:106,6,1,1
BRDA:112,7,0,92
BRDA:112,7,1,40
BRDA:118,8,0,37
BRDA:118,8,1,6
BRDA:131,9,0,37
BRDA:131,9,1,6
BRDA:132,10,0,42
BRDA:132,10,1,1
BRF:22
BRH:21
end_of_record
TN:
SF:/Users/bytedance/mobile-vue-github/okeedesign-mobile-vue/src/components/field/index.tsx
FN:57,validator
FN:64,validator
FN:49,data
FN:102,value
FN:112,showClear
FN:136,focus
FN:307,renderLabel
FN:319,renderInput
FN:323,renderClear
FN:335,renderUnit
FN:339,renderWordLimit
FNF:11
FNH:10
FNDA:31,validator
FNDA:31,validator
FNDA:95,data
FNDA:0,value
FNDA:63,showClear
FNDA:44,focus
FNDA:33,renderLabel
FNDA:33,renderInput
FNDA:33,renderClear
FNDA:33,renderUnit
FNDA:33,renderWordLimit
DA:1,70
DA:2,70
DA:3,70
DA:4,70
DA:44,210
DA:46,70
DA:47,70
DA:49,70
DA:58,31
DA:65,31
DA:93,31
DA:104,0
DA:109,31
DA:114,32
DA:120,31
DA:130,31
DA:132,31
DA:138,1
DA:139,1
DA:144,1
DA:145,1
DA:153,31
DA:154,31
DA:155,31
DA:156,31
DA:157,0
DA:158,0
DA:159,0
DA:160,0
DA:161,0
DA:162,0
DA:164,0
DA:165,0
DA:166,0
DA:168,0
DA:169,0
DA:170,0
DA:173,31
DA:174,0
DA:175,0
DA:176,0
DA:177,0
DA:178,0
DA:182,0
DA:184,0
DA:185,0
DA:189,0
DA:190,0
DA:193,31
DA:194,2
DA:195,0
DA:196,0
DA:197,0
DA:198,0
DA:201,2
DA:202,2
DA:207,6
DA:208,0
DA:209,0
DA:212,6
DA:216,0
DA:219,0
DA:222,0
DA:223,0
DA:227,3
DA:228,3
DA:230,3
DA:231,0
DA:236,1
DA:237,1
DA:239,1
DA:243,1
DA:247,0
DA:248,0
DA:249,0
DA:253,33
DA:254,33
DA:275,33
DA:277,33
DA:279,33
DA:294,33
DA:308,33
DA:309,1
DA:320,33
DA:324,33
DA:336,33
DA:340,33
DA:341,3
DA:351,33
LF:89
LH:52
BRDA:115,0,0,32
BRDA:115,0,1,11
BRDA:115,0,2,1
BRDA:115,0,3,1
BRDA:115,0,4,1
BRDA:138,1,0,1
BRDA:138,1,1,0
BRDA:144,2,0,1
BRDA:144,2,1,0
BRDA:156,3,0,0
BRDA:156,3,1,31
BRDA:156,4,0,31
BRDA:156,4,1,0
BRDA:159,5,0,0
BRDA:159,5,1,0
BRDA:173,6,0,0
BRDA:173,6,1,31
BRDA:173,7,0,31
BRDA:173,7,1,2
BRDA:174,8,0,0
BRDA:174,8,1,0
BRDA:177,9,0,0
BRDA:177,9,1,0
BRDA:178,10,0,0
BRDA:178,10,1,0
BRDA:193,11,0,2
BRDA:193,11,1,29
BRDA:196,12,0,0
BRDA:196,12,1,0
BRDA:207,13,0,0
BRDA:207,13,1,6
BRDA:230,14,0,0
BRDA:230,14,1,3
BRDA:239,15,0,1
BRDA:239,15,1,0
BRDA:274,16,0,32
BRDA:274,16,1,1
BRDA:289,17,0,33
BRDA:289,17,1,4
BRDA:295,18,0,33
BRDA:295,18,1,29
BRDA:300,19,0,33
BRDA:300,19,1,0
BRDA:308,20,0,1
BRDA:308,20,1,32
BRDA:308,21,0,33
BRDA:308,21,1,32
BRDA:311,22,0,1
BRDA:311,22,1,1
BRDA:311,22,2,1
BRDA:313,23,0,1
BRDA:313,23,1,0
BRDA:313,24,0,1
BRDA:313,24,1,0
BRDA:320,25,0,4
BRDA:320,25,1,29
BRDA:325,26,0,33
BRDA:325,26,1,1
BRDA:336,27,0,33
BRDA:336,27,1,0
BRDA:336,27,2,0
BRDA:340,28,0,3
BRDA:340,28,1,30
BRDA:340,29,0,33
BRDA:340,29,1,33
BRDA:342,30,0,3
BRDA:342,30,1,2
BRDA:344,31,0,0
BRDA:344,31,1,3
BRDA:360,32,0,33
BRDA:360,32,1,0
BRF:71
BRH:46
end_of_record
TN:
SF:/Users/bytedance/mobile-vue-github/okeedesign-mobile-vue/src/components/header/index.tsx
FN:39,validator
FN:55,onLeftClick
FN:32,render
FNF:3
FNH:3
FNDA:48,validator
FNDA:3,onLeftClick
FNDA:48,render
DA:1,70
DA:2,70
DA:28,140
DA:30,70
DA:32,70
DA:40,48
DA:57,2
DA:60,1
DA:63,48
DA:64,48
DA:65,48
DA:68,48
DA:80,48
DA:82,48
DA:83,48
DA:85,48
DA:86,48
DA:87,36
DA:90,48
DA:91,48
DA:92,48
DA:93,47
DA:96,48
DA:111,48
DA:113,48
DA:133,48
LF:26
LH:26
BRDA:68,0,0,48
BRDA:68,0,1,44
BRDA:68,0,2,43
BRDA:73,1,0,42
BRDA:73,1,1,1
BRDA:82,2,0,48
BRDA:82,2,1,10
BRDA:83,3,0,48
BRDA:83,3,1,42
BRDA:86,4,0,36
BRDA:86,4,1,12
BRDA:92,5,0,47
BRDA:92,5,1,1
BRDA:111,6,0,0
BRDA:111,6,1,48
BRDA:115,7,0,47
BRDA:115,7,1,1
BRDA:123,8,0,5
BRDA:123,8,1,43
BRDA:133,9,0,36
BRDA:133,9,1,12
BRF:21
BRH:20
end_of_record
TN:
SF:/Users/bytedance/mobile-vue-github/okeedesign-mobile-vue/src/components/header-tab/index.tsx
FN:30,active
FN:18,created
FN:36,(anonymous_2)
FN:42,onClick
FNF:4
FNH:3
FNDA:2,active
FNDA:4,created
FNDA:2,(anonymous_2)
FNDA:0,onClick
DA:1,70
DA:2,70
DA:16,140
DA:18,70
DA:32,2
DA:35,2
DA:36,2
DA:37,2
DA:38,0
DA:44,0
DA:47,0
DA:48,0
DA:51,2
DA:52,2
DA:53,2
DA:54,2
LF:16
LH:12
BRDA:37,0,0,0
BRDA:37,0,1,2
BRDA:53,1,0,2
BRDA:53,1,1,1
BRF:4
BRH:3
end_of_record
TN:
SF:/Users/bytedance/mobile-vue-github/okeedesign-mobile-vue/src/components/header-tabs/index.tsx
FN:16,data
FN:30,value
FN:35,(anonymous_2)
FN:41,(anonymous_4)
FN:43,(anonymous_5)
FNF:5
FNH:1
FNDA:3,data
FNDA:0,value
FNDA:0,(anonymous_2)
FNDA:0,(anonymous_4)
FNDA:0,(anonymous_5)
DA:1,70
DA:2,70
DA:14,140
DA:16,70
DA:25,1
DA:32,0
DA:33,0
DA:35,0
DA:39,1
DA:40,1
DA:41,1
DA:42,0
DA:43,0
DA:44,0
DA:45,0
DA:52,1
DA:53,1
DA:55,1
LF:18
LH:11
BRF:0
BRH:0
end_of_record
TN:
SF:/Users/bytedance/mobile-vue-github/okeedesign-mobile-vue/src/components/icon/index.tsx
FN:19,Icon
FNF:1
FNH:1
FNDA:96,Icon
DA:1,70
DA:2,70
DA:17,140
DA:26,96
DA:27,96
DA:28,0
DA:42,96
DA:43,22
DA:55,74
DA:69,70
DA:75,70
LF:11
LH:10
BRDA:26,0,0,96
BRDA:26,0,1,0
BRDA:27,1,0,0
BRDA:27,1,1,96
BRDA:42,2,0,22
BRDA:42,2,1,74
BRDA:42,3,0,96
BRDA:42,3,1,95
BRF:8
BRH:6
end_of_record
TN:
SF:/Users/bytedance/mobile-vue-github/okeedesign-mobile-vue/src/components/image-preview/index.tsx
FN:235,(anonymous_0)
FN:232,data
FN:265,validator
FN:266,(anonymous_3)
FN:304,validator
FN:320,_default
FN:330,value
FN:358,createEmitter
FN:358,(anonymous_10)
FN:363,(anonymous_11)
FN:369,handlePopstate
FN:378,(anonymous_13)
FN:407,(anonymous_15)
FN:437,(anonymous_17)
FN:481,(anonymous_18)
FN:493,(anonymous_20)
FN:500,(anonymous_22)
FN:514,(anonymous_24)
FN:529,(anonymous_26)
FN:536,(anonymous_28)
FN:543,(anonymous_30)
FN:555,(anonymous_31)
FN:556,(anonymous_32)
FN:573,(anonymous_34)
FN:587,(anonymous_35)
FN:588,(anonymous_36)
FN:748,(anonymous_42)
FN:753,(anonymous_43)
FN:755,(anonymous_44)
FN:779,(anonymous_45)
FN:829,install
FN:835,invokeImagePreview
FN:842,handler
FN:857,data
FN:872,input
FN:878,(anonymous_52)
FNF:36
FNH:17
FNDA:3,(anonymous_0)
FNDA:11,data
FNDA:4,validator
FNDA:16,(anonymous_3)
FNDA:4,validator
FNDA:3,_default
FNDA:1,value
FNDA:12,createEmitter
FNDA:1,(anonymous_10)
FNDA:0,(anonymous_11)
FNDA:15,handlePopstate
FNDA:0,(anonymous_13)
FNDA:1,(anonymous_15)
FNDA:0,(anonymous_17)
FNDA:4,(anonymous_18)
FNDA:0,(anonymous_20)
FNDA:0,(anonymous_22)
FNDA:0,(anonymous_24)
FNDA:0,(anonymous_26)
FNDA:0,(anonymous_28)
FNDA:0,(anonymous_30)
FNDA:0,(anonymous_31)
FNDA:0,(anonymous_32)
FNDA:1,(anonymous_34)
FNDA:0,(anonymous_35)
FNDA:0,(anonymous_36)
FNDA:0,(anonymous_42)
FNDA:3,(anonymous_43)
FNDA:12,(anonymous_44)
FNDA:12,(anonymous_45)
FNDA:70,install
FNDA:0,invokeImagePreview
FNDA:0,handler
FNDA:0,data
FNDA:0,input
FNDA:0,(anonymous_52)
DA:6,70
DA:8,70
DA:9,70
DA:10,70
DA:12,70
DA:14,70
DA:16,70
DA:20,70
DA:21,70
DA:23,140
DA:57,70
DA:232,70
DA:236,3
DA:241,3
DA:266,16
DA:304,4
DA:323,3
DA:332,1
DA:333,1
DA:335,0
DA:339,0
DA:343,3
DA:344,3
DA:346,3
DA:348,3
DA:349,3
DA:350,3
DA:351,3
DA:353,3
DA:354,3
DA:356,3
DA:358,15
DA:359,3
DA:360,3
DA:361,3
DA:362,3
DA:363,3
DA:364,0
DA:365,0
DA:370,3
DA:371,3
DA:372,0
DA:375,3
DA:376,3
DA:377,3
DA:378,3
DA:379,0
DA:384,1
DA:385,1
DA:388,1
DA:389,1
DA:390,1
DA:391,1
DA:392,1
DA:393,1
DA:394,1
DA:395,1
DA:396,1
DA:398,1
DA:399,1
DA:400,1
DA:401,1
DA:402,1
DA:403,1
DA:404,1
DA:405,1
DA:407,1
DA:408,1
DA:412,4
DA:432,4
DA:434,4
DA:435,0
DA:436,0
DA:437,0
DA:438,0
DA:439,0
DA:441,0
DA:444,4
DA:445,4
DA:446,4
DA:447,4
DA:448,4
DA:449,4
DA:450,4
DA:452,4
DA:454,0
DA:455,0
DA:456,0
DA:457,0
DA:460,4
DA:462,4
DA:463,0
DA:464,0
DA:466,4
DA:467,4
DA:469,4
DA:473,4
DA:476,4
DA:477,0
DA:478,0
DA:481,4
DA:482,4
DA:483,4
DA:484,4
DA:485,4
DA:486,4
DA:487,4
DA:492,0
DA:493,0
DA:494,0
DA:495,0
DA:499,0
DA:500,0
DA:501,0
DA:502,0
DA:503,0
DA:504,0
DA:505,0
DA:506,0
DA:507,0
DA:508,0
DA:509,0
DA:513,0
DA:514,0
DA:515,0
DA:516,0
DA:517,0
DA:518,0
DA:519,0
DA:523,0
DA:524,0
DA:529,0
DA:530,0
DA:531,0
DA:535,0
DA:536,0
DA:537,0
DA:541,0
DA:542,0
DA:543,0
DA:544,0
DA:546,0
DA:547,0
DA:548,0
DA:550,0
DA:552,0
DA:554,0
DA:555,0
DA:557,0
DA:558,0
DA:564,1
DA:571,1
DA:573,1
DA:574,1
DA:575,1
DA:577,1
DA:578,1
DA:579,1
DA:581,1
DA:582,1
DA:584,1
DA:586,1
DA:587,0
DA:589,0
DA:590,0
DA:591,0
DA:592,0
DA:599,0
DA:600,0
DA:602,0
DA:603,0
DA:604,0
DA:605,0
DA:606,0
DA:608,0
DA:609,0
DA:610,0
DA:612,0
DA:616,1
DA:617,1
DA:618,1
DA:619,0
DA:625,1
DA:626,1
DA:627,1
DA:632,4
DA:633,4
DA:634,4
DA:635,0
DA:641,4
DA:642,4
DA:643,4
DA:648,1
DA:657,1
DA:660,1
DA:661,1
DA:662,0
DA:672,1
DA:673,0
DA:679,1
DA:684,1
DA:685,1
DA:687,0
DA:691,0
DA:692,0
DA:694,0
DA:698,5
DA:699,5
DA:700,2
DA:703,3
DA:721,3
DA:722,3
DA:724,3
DA:725,3
DA:726,3
DA:728,3
DA:733,3
DA:737,3
DA:746,6
DA:748,0
DA:753,3
DA:755,12
DA:761,3
DA:763,3
DA:779,12
DA:806,70
DA:812,70
DA:830,70
DA:831,0
DA:833,70
DA:838,0
DA:839,0
DA:842,0
DA:843,0
DA:855,0
DA:857,0
DA:860,0
DA:862,0
DA:863,0
DA:872,0
DA:878,0
DA:884,0
DA:886,0
DA:888,0
DA:891,70
DA:892,70
DA:896,70
DA:902,70
DA:904,70
LF:249
LH:146
BRDA:236,0,0,3
BRDA:236,0,1,3
BRDA:266,1,0,4
BRDA:266,1,1,4
BRDA:304,2,0,4
BRDA:304,2,1,4
BRDA:332,3,0,1
BRDA:332,3,1,0
BRDA:371,4,0,0
BRDA:371,4,1,3
BRDA:375,5,0,3
BRDA:375,5,1,0
BRDA:377,6,0,3
BRDA:377,6,1,0
BRDA:391,7,0,1
BRDA:391,7,1,1
BRDA:391,7,2,1
BRDA:392,8,0,1
BRDA:392,8,1,1
BRDA:392,8,2,1
BRDA:393,9,0,0
BRDA:393,9,1,1
BRDA:395,10,0,0
BRDA:395,10,1,1
BRDA:434,11,0,0
BRDA:434,11,1,4
BRDA:444,12,0,4
BRDA:444,12,1,0
BRDA:453,13,0,0
BRDA:453,13,1,4
BRDA:453,13,2,4
BRDA:462,14,0,0
BRDA:462,14,1,4
BRDA:473,15,0,4
BRDA:473,15,1,0
BRDA:473,15,2,0
BRDA:473,15,3,0
BRDA:473,15,4,0
BRDA:476,16,0,0
BRDA:476,16,1,4
BRDA:476,17,0,4
BRDA:476,17,1,4
BRDA:550,18,0,0
BRDA:550,18,1,0
BRDA:582,19,0,0
BRDA:582,19,1,1
BRDA:599,20,0,0
BRDA:599,20,1,0
BRDA:605,21,0,0
BRDA:605,21,1,0
BRDA:605,22,0,0
BRDA:605,22,1,0
BRDA:608,23,0,0
BRDA:608,23,1,0
BRDA:608,24,0,0
BRDA:608,24,1,0
BRDA:618,25,0,0
BRDA:618,25,1,1
BRDA:618,26,0,1
BRDA:618,26,1,1
BRDA:625,27,0,1
BRDA:625,27,1,0
BRDA:634,28,0,0
BRDA:634,28,1,4
BRDA:634,29,0,4
BRDA:634,29,1,4
BRDA:641,30,0,4
BRDA:641,30,1,0
BRDA:641,31,0,4
BRDA:641,31,1,4
BRDA:661,32,0,0
BRDA:661,32,1,1
BRDA:661,33,0,1
BRDA:661,33,1,1
BRDA:672,34,0,0
BRDA:672,34,1,1
BRDA:679,35,0,1
BRDA:679,35,1,0
BRDA:680,36,0,1
BRDA:680,36,1,1
BRDA:680,36,2,1
BRDA:687,37,0,0
BRDA:687,37,1,0
BRDA:688,38,0,0
BRDA:688,38,1,0
BRDA:688,38,2,0
BRDA:688,38,3,0
BRDA:699,39,0,2
BRDA:699,39,1,3
BRDA:722,40,0,3
BRDA:722,40,1,2
BRDA:731,41,0,3
BRDA:731,41,1,1
BRDA:731,41,2,2
BRDA:735,42,0,3
BRDA:735,42,1,1
BRDA:735,42,2,2
BRDA:738,43,0,3
BRDA:738,43,1,0
BRDA:738,43,2,3
BRDA:740,44,0,3
BRDA:740,44,1,0
BRDA:740,44,2,3
BRDA:740,44,3,0
BRDA:740,44,4,3
BRDA:743,45,0,3
BRDA:743,45,1,0
BRDA:743,45,2,3
BRDA:748,46,0,3
BRDA:748,46,1,0
BRDA:753,47,0,3
BRDA:753,47,1,0
BRDA:784,48,0,12
BRDA:784,48,1,3
BRDA:784,48,2,9
BRDA:784,48,3,1
BRDA:784,48,4,8
BRDA:790,49,0,3
BRDA:790,49,1,9
BRDA:793,50,0,12
BRDA:793,50,1,3
BRDA:793,50,2,9
BRDA:798,51,0,3
BRDA:798,51,1,0
BRDA:799,52,0,3
BRDA:799,52,1,3
BRDA:830,53,0,0
BRDA:830,53,1,70
BRDA:830,54,0,70
BRDA:830,54,1,0
BRDA:838,55,0,0
BRDA:838,55,1,0
BRDA:844,56,0,0
BRDA:844,56,1,0
BRDA:845,57,0,0
BRDA:845,57,1,0
BRDA:846,58,0,0
BRDA:846,58,1,0
BRDA:847,59,0,0
BRDA:847,59,1,0
BRDA:848,60,0,0
BRDA:848,60,1,0
BRDA:849,61,0,0
BRDA:849,61,1,0
BRF:144
BRH:80
end_of_record
TN:
SF:/Users/bytedance/mobile-vue-github/okeedesign-mobile-vue/src/components/loading/index.tsx
FN:23,Loading
FN:32,onClick
FNF:2
FNH:1
FNDA:16,Loading
FNDA:0,onClick
DA:4,70
DA:5,70
DA:6,70
DA:21,140
DA:30,16
DA:33,0
DA:36,16
DA:38,16
DA:40,16
DA:41,4
DA:42,4
DA:45,16
DA:47,16
DA:59,70
DA:69,70
LF:15
LH:14
BRDA:40,0,0,4
BRDA:40,0,1,12
BRDA:45,1,0,2
BRDA:45,1,1,14
BRDA:54,2,0,16
BRDA:54,2,1,3
BRF:6
BRH:6
end_of_record
TN:
SF:/Users/bytedance/mobile-vue-github/okeedesign-mobile-vue/src/components/message-box/index.ts
FN:23,callback
FN:28,actionCallback
FN:37,isInDocument
FN:41,initInstance
FN:54,(anonymous_4)
FN:59,MessageBox
FN:60,(anonymous_6)
FN:85,(anonymous_7)
FN:110,(anonymous_8)
FN:136,(anonymous_9)
FN:148,(anonymous_10)
FN:154,getName
FN:158,(anonymous_12)
FNF:13
FNH:10
FNDA:2,callback
FNDA:0,actionCallback
FNDA:2,isInDocument
FNDA:1,initInstance
FNDA:4,(anonymous_4)
FNDA:3,MessageBox
FNDA:3,(anonymous_6)
FNDA:1,(anonymous_7)
FNDA:2,(anonymous_8)
FNDA:0,(anonymous_9)
FNDA:2,(anonymous_10)
FNDA:0,getName
FNDA:70,(anonymous_12)
DA:1,70
DA:2,70
DA:5,70
DA:6,70
DA:8,70
DA:24,2
DA:25,2
DA:29,0
DA:38,2
DA:42,1
DA:43,0
DA:46,1
DA:54,1
DA:55,4
DA:60,3
DA:61,3
DA:62,1
DA:65,3
DA:67,3
DA:72,3
DA:73,0
DA:75,3
DA:76,0
DA:79,3
DA:83,70
DA:85,70
DA:86,1
DA:87,1
DA:88,1
DA:89,1
DA:90,0
DA:91,0
DA:92,0
DA:93,0
DA:94,0
DA:96,1
DA:97,0
DA:99,1
DA:110,70
DA:111,2
DA:112,0
DA:113,0
DA:114,0
DA:115,2
DA:116,0
DA:117,0
DA:118,2
DA:119,2
DA:121,2
DA:122,2
DA:124,2
DA:136,70
DA:137,0
DA:148,70
DA:149,2
DA:150,1
DA:155,0
DA:158,70
DA:159,70
DA:160,0
DA:162,0
DA:163,0
DA:164,0
DA:166,0
DA:169,0
DA:170,0
DA:171,0
DA:173,0
DA:176,0
DA:177,0
DA:178,0
DA:180,0
DA:183,70
DA:184,70
DA:185,70
DA:188,70
DA:191,70
DA:193,70
LF:78
LH:48
BRDA:24,0,0,1
BRDA:24,0,1,1
BRDA:25,1,0,2
BRDA:25,1,1,2
BRDA:29,2,0,0
BRDA:29,2,1,0
BRDA:42,3,0,0
BRDA:42,3,1,1
BRDA:61,4,0,1
BRDA:61,4,1,2
BRDA:61,5,0,3
BRDA:61,5,1,2
BRDA:72,6,0,0
BRDA:72,6,1,3
BRDA:75,7,0,0
BRDA:75,7,1,3
BRDA:86,8,0,1
BRDA:86,8,1,0
BRDA:90,9,0,0
BRDA:90,9,1,0
BRDA:93,10,0,0
BRDA:93,10,1,0
BRDA:96,11,0,0
BRDA:96,11,1,1
BRDA:111,12,0,0
BRDA:111,12,1,2
BRDA:115,13,0,0
BRDA:115,13,1,2
BRDA:118,14,0,2
BRDA:118,14,1,0
BRDA:121,15,0,2
BRDA:121,15,1,0
BRDA:149,16,0,1
BRDA:149,16,1,1
BRDA:155,17,0,0
BRDA:155,17,1,0
BRDA:155,18,0,0
BRDA:155,18,1,0
BRDA:155,18,2,0
BRDA:159,19,0,0
BRDA:159,19,1,70
BRDA:159,20,0,70
BRDA:159,20,1,0
BRDA:163,21,0,0
BRDA:163,21,1,0
BRDA:170,22,0,0
BRDA:170,22,1,0
BRDA:177,23,0,0
BRDA:177,23,1,0
BRF:49
BRH:21
end_of_record
TN:
SF:/Users/bytedance/mobile-vue-github/okeedesign-mobile-vue/src/components/notice-bar/index.tsx
FN:41,validator
FN:29,data
FN:53,hasRight
FN:59,onClick
FN:76,IconSlot
FN:89,LeftSlot
FN:94,RightSlot
FNF:7
FNH:7
FNDA:12,validator
FNDA:25,data
FNDA:12,hasRight
FNDA:3,onClick
FNDA:13,IconSlot
FNDA:13,LeftSlot
FNDA:13,RightSlot
DA:1,70
DA:3,140
DA:27,70
DA:29,70
DA:42,12
DA:48,12
DA:55,12
DA:61,2
DA:65,1
DA:66,1
DA:70,13
DA:71,13
DA:72,13
DA:77,13
DA:78,13
DA:79,3
DA:81,10
DA:90,13
DA:91,13
DA:95,13
DA:97,13
DA:98,2
DA:101,11
DA:102,4
DA:109,7
DA:110,0
DA:117,7
DA:120,13
LF:28
LH:27
BRDA:55,0,0,12
BRDA:55,0,1,9
BRDA:78,1,0,3
BRDA:78,1,1,10
BRDA:97,2,0,2
BRDA:97,2,1,11
BRDA:101,3,0,4
BRDA:101,3,1,7
BRDA:109,4,0,0
BRDA:109,4,1,7
BRDA:124,5,0,13
BRDA:124,5,1,12
BRF:12
BRH:11
end_of_record
TN:
SF:/Users/bytedance/mobile-vue-github/okeedesign-mobile-vue/src/components/on-loading/index.ts
FN:5,Loading
FN:16,(anonymous_1)
FNF:2
FNH:1
FNDA:0,Loading
FNDA:70,(anonymous_1)
DA:1,70
DA:2,70
DA:3,70
DA:6,0
DA:7,0
DA:16,70
DA:24,70
DA:26,70
LF:8
LH:6
BRDA:6,0,0,0
BRDA:6,0,1,0
BRF:2
BRH:0
end_of_record
TN:
SF:/Users/bytedance/mobile-vue-github/okeedesign-mobile-vue/src/components/overlay/index.tsx
FN:23,preventTouchMove
FN:27,Overlay
FNF:2
FNH:1
FNDA:0,preventTouchMove
FNDA:49,Overlay
DA:1,70
DA:2,70
DA:3,70
DA:21,140
DA:24,0
DA:34,49
DA:35,49
DA:40,49
DA:41,30
DA:44,49
DA:57,70
DA:68,70
LF:12
LH:11
BRDA:40,0,0,30
BRDA:40,0,1,19
BRF:2
BRH:2
end_of_record
TN:
SF:/Users/bytedance/mobile-vue-github/okeedesign-mobile-vue/src/components/picker/index.tsx
FN:42,data
FN:82,cancelButtonText
FN:95,multipleColumns
FN:136,setMaxButtonWidth
FN:141,(anonymous_12)
FN:184,(anonymous_16)
FN:196,(anonymous_18)
FN:234,(anonymous_20)
FN:344,(anonymous_26)
FNF:9
FNH:7
FNDA:45,data
FNDA:0,cancelButtonText
FNDA:60,multipleColumns
FNDA:102,setMaxButtonWidth
FNDA:15,(anonymous_12)
FNDA:21,(anonymous_16)
FNDA:3,(anonymous_18)
FNDA:0,(anonymous_20)
FNDA:39,(anonymous_26)
DA:1,70
DA:2,70
DA:4,70
DA:5,70
DA:40,210
DA:42,70
DA:74,15
DA:75,15
DA:84,0
DA:87,0
DA:92,15
DA:100,15
DA:106,15
DA:112,15
DA:118,15
DA:120,15
DA:121,11
DA:124,4
DA:125,1
DA:127,1
DA:129,1
DA:132,3
DA:137,15
DA:141,15
DA:142,15
DA:149,30
DA:150,30
DA:156,15
DA:158,15
DA:159,11
DA:160,0
DA:161,0
DA:163,11
DA:164,0
DA:165,0
DA:167,4
DA:168,1
DA:169,0
DA:170,0
DA:172,3
DA:173,0
DA:174,0
DA:177,15
DA:184,21
DA:191,3
DA:193,3
DA:194,3
DA:196,3
DA:197,3
DA:198,3
DA:200,3
DA:202,3
DA:203,2
DA:206,3
DA:210,3
DA:211,2
DA:217,1
DA:218,1
DA:219,1
DA:221,1
DA:222,1
DA:223,1
DA:226,0
DA:227,0
DA:228,0
DA:229,0
DA:231,0
DA:233,0
DA:234,0
DA:235,0
DA:236,0
DA:237,0
DA:241,0
DA:242,0
DA:245,0
DA:246,0
DA:247,0
DA:250,0
DA:251,0
DA:255,0
DA:256,0
DA:258,0
DA:259,0
DA:262,0
DA:263,0
DA:269,2
DA:273,2
DA:276,15
DA:277,15
DA:285,15
DA:287,15
DA:291,15
DA:343,30
DA:344,39
DA:357,15
DA:358,15
LF:96
LH:63
BRDA:106,0,0,11
BRDA:106,0,1,4
BRDA:112,1,0,12
BRDA:112,1,1,3
BRDA:112,2,0,15
BRDA:112,2,1,4
BRDA:120,3,0,11
BRDA:120,3,1,4
BRDA:124,4,0,1
BRDA:124,4,1,3
BRDA:150,5,0,0
BRDA:150,5,1,30
BRDA:150,6,0,30
BRDA:150,6,1,30
BRDA:158,7,0,11
BRDA:158,7,1,4
BRDA:159,8,0,0
BRDA:159,8,1,11
BRDA:163,9,0,0
BRDA:163,9,1,11
BRDA:167,10,0,1
BRDA:167,10,1,3
BRDA:168,11,0,0
BRDA:168,11,1,1
BRDA:172,12,0,0
BRDA:172,12,1,3
BRDA:184,13,0,21
BRDA:184,13,1,21
BRDA:184,13,2,1
BRDA:193,14,0,3
BRDA:193,14,1,0
BRDA:197,15,0,3
BRDA:197,15,1,0
BRDA:202,16,0,2
BRDA:202,16,1,1
BRDA:202,17,0,3
BRDA:202,17,1,2
BRDA:210,18,0,2
BRDA:210,18,1,1
BRDA:217,19,0,1
BRDA:217,19,1,0
BRDA:226,20,0,0
BRDA:226,20,1,0
BRDA:235,21,0,0
BRDA:235,21,1,0
BRDA:235,22,0,0
BRDA:235,22,1,0
BRDA:235,22,2,0
BRDA:241,23,0,0
BRDA:241,23,1,0
BRDA:255,24,0,0
BRDA:255,24,1,0
BRDA:255,25,0,0
BRDA:255,25,1,0
BRDA:258,26,0,0
BRDA:258,26,1,0
BRDA:258,27,0,0
BRDA:258,27,1,0
BRDA:262,28,0,0
BRDA:262,28,1,0
BRDA:262,29,0,0
BRDA:262,29,1,0
BRDA:277,30,0,15
BRDA:277,30,1,0
BRDA:288,31,0,0
BRDA:288,31,1,15
BRDA:293,32,0,0
BRDA:293,32,1,15
BRDA:304,33,0,15
BRDA:304,33,1,15
BRDA:310,34,0,15
BRDA:310,34,1,15
BRDA:316,35,0,15
BRDA:316,35,1,15
BRDA:318,36,0,0
BRDA:318,36,1,15
BRDA:334,37,0,15
BRDA:334,37,1,15
BRDA:359,38,0,15
BRDA:359,38,1,15
BRF:80
BRH:47
end_of_record
TN:
SF:/Users/bytedance/mobile-vue-github/okeedesign-mobile-vue/src/components/picker-column/index.tsx
FN:35,getSpeedMultiplier
FN:52,getElementTranslateY
FN:62,data
FN:103,currentIndex
FN:107,(anonymous_4)
FN:130,value
FN:146,initWrapperHeight
FN:148,(anonymous_11)
FN:170,trigger
FN:247,(anonymous_19)
FN:274,(anonymous_23)
FN:278,click
FNF:12
FNH:8
FNDA:1,getSpeedMultiplier
FNDA:0,getElementTranslateY
FNDA:119,data
FNDA:158,currentIndex
FNDA:247,(anonymous_4)
FNDA:0,value
FNDA:133,initWrapperHeight
FNDA:40,(anonymous_11)
FNDA:41,trigger
FNDA:0,(anonymous_19)
FNDA:950,(anonymous_23)
FNDA:0,click
DA:1,70
DA:2,70
DA:3,70
DA:5,70
DA:31,70
DA:32,70
DA:34,70
DA:36,1
DA:37,1
DA:39,1
DA:40,880
DA:43,1
DA:49,70
DA:50,70
DA:53,0
DA:54,0
DA:55,0
DA:57,0
DA:60,140
DA:62,70
DA:90,39
DA:104,39
DA:105,39
DA:107,39
DA:108,247
DA:109,34
DA:110,34
DA:114,39
DA:118,39
DA:122,40
DA:126,40
DA:133,0
DA:141,39
DA:143,39
DA:147,40
DA:148,40
DA:149,40
DA:151,40
DA:153,40
DA:154,1
DA:157,40
DA:161,41
DA:166,41
DA:168,41
DA:170,41
DA:171,41
DA:174,41
DA:175,1
DA:177,40
DA:180,41
DA:187,1
DA:189,1
DA:190,1
DA:194,1
DA:196,1
DA:197,0
DA:198,0
DA:199,0
DA:201,1
DA:204,1
DA:205,1
DA:206,1
DA:207,1
DA:211,4
DA:213,4
DA:214,4
DA:215,4
DA:218,4
DA:220,4
DA:222,4
DA:223,0
DA:224,0
DA:229,1
DA:232,1
DA:233,1
DA:234,1
DA:236,1
DA:238,1
DA:239,1
DA:241,0
DA:242,0
DA:243,0
DA:247,0
DA:248,0
DA:254,1
DA:256,1
DA:259,1
DA:261,1
DA:263,1
DA:267,0
DA:268,0
DA:269,0
DA:273,82
DA:274,41
DA:275,950
DA:279,0
DA:289,1
DA:290,1
DA:292,1
DA:293,1
DA:294,1
DA:299,1
DA:303,41
DA:304,41
DA:310,41
LF:105
LH:86
BRDA:54,0,0,0
BRDA:54,0,1,0
BRDA:108,1,0,34
BRDA:108,1,1,213
BRDA:153,2,0,1
BRDA:153,2,1,39
BRDA:171,3,0,1
BRDA:171,3,1,40
BRDA:174,4,0,1
BRDA:174,4,1,40
BRDA:174,5,0,41
BRDA:174,5,1,1
BRDA:196,6,0,0
BRDA:196,6,1,1
BRDA:213,7,0,4
BRDA:213,7,1,0
BRDA:222,8,0,0
BRDA:222,8,1,4
BRDA:236,9,0,1
BRDA:236,9,1,1
BRDA:238,10,0,1
BRDA:238,10,1,0
BRDA:257,11,0,1
BRDA:257,11,1,0
BRDA:267,12,0,0
BRDA:267,12,1,0
BRDA:292,13,0,1
BRDA:292,13,1,0
BRDA:307,14,0,0
BRDA:307,14,1,41
BRF:30
BRH:19
end_of_record
TN:
SF:/Users/bytedance/mobile-vue-github/okeedesign-mobile-vue/src/components/popup/index.tsx
FN:38,validator
FN:31,beforeCreate
FN:57,createEmitter
FN:57,(anonymous_3)
FNF:4
FNH:4
FNDA:92,validator
FNDA:168,beforeCreate
FNDA:219,createEmitter
FNDA:5,(anonymous_3)
DA:1,70
DA:2,70
DA:4,140
DA:12,70
DA:31,70
DA:39,92
DA:56,73
DA:57,219
DA:59,73
DA:60,73
DA:61,73
DA:64,95
DA:65,95
DA:66,63
DA:69,32
DA:71,32
DA:74,32
DA:76,32
DA:77,32
DA:78,14
DA:81,32
LF:21
LH:21
BRDA:65,0,0,63
BRDA:65,0,1,32
BRDA:74,1,0,12
BRDA:74,1,1,20
BRDA:77,2,0,14
BRDA:77,2,1,18
BRF:6
BRH:6
end_of_record
TN:
SF:/Users/bytedance/mobile-vue-github/okeedesign-mobile-vue/src/components/progress/index.tsx
FN:27,Progress
FNF:1
FNH:1
FNDA:7,Progress
DA:4,70
DA:25,140
DA:34,7
DA:36,7
DA:38,7
DA:40,7
DA:42,7
DA:47,7
DA:52,7
DA:54,7
DA:55,4
DA:56,4
DA:61,7
DA:62,1
DA:65,7
DA:83,70
DA:110,70
LF:17
LH:17
BRDA:36,0,0,0
BRDA:36,0,1,7
BRDA:38,1,0,6
BRDA:38,1,1,1
BRDA:54,2,0,4
BRDA:54,2,1,3
BRDA:61,3,0,1
BRDA:61,3,1,6
BRDA:69,4,0,7
BRDA:69,4,1,4
BRDA:76,5,0,7
BRDA:76,5,1,3
BRF:12
BRH:11
end_of_record
TN:
SF:/Users/bytedance/mobile-vue-github/okeedesign-mobile-vue/src/components/pull-refresh/index.tsx
FN:77,validator
FN:84,validator
FN:131,validator
FN:67,data
FN:165,untouchable
FN:173,value
FN:179,(anonymous_6)
FN:184,(anonymous_7)
FN:197,onTouchStart
FN:252,(anonymous_12)
FN:267,(anonymous_13)
FN:343,LogoIcon
FNF:12
FNH:11
FNDA:9,validator
FNDA:9,validator
FNDA:9,validator
FNDA:29,data
FNDA:11,untouchable
FNDA:4,value
FNDA:2,(anonymous_6)
FNDA:0,(anonymous_7)
FNDA:59,onTouchStart
FNDA:2,(anonymous_12)
FNDA:1,(anonymous_13)
FNDA:8,LogoIcon
DA:1,70
DA:2,70
DA:3,70
DA:4,70
DA:61,140
DA:62,70
DA:63,70
DA:64,70
DA:65,70
DA:67,70
DA:78,9
DA:85,9
DA:132,9
DA:158,5
DA:167,11
DA:174,4
DA:175,4
DA:177,4
DA:178,2
DA:179,2
DA:180,2
DA:182,2
DA:183,0
DA:184,0
DA:185,0
DA:188,2
DA:194,5
DA:199,4
DA:200,4
DA:201,4
DA:202,4
DA:208,11
DA:209,0
DA:212,11
DA:213,0
DA:214,0
DA:215,0
DA:216,0
DA:219,11
DA:220,0
DA:221,0
DA:222,0
DA:223,0
DA:226,11
DA:228,11
DA:229,9
DA:230,6
DA:231,6
DA:235,11
DA:236,2
DA:237,2
DA:238,2
DA:243,4
DA:244,4
DA:245,4
DA:246,3
DA:248,3
DA:249,2
DA:250,2
DA:252,2
DA:253,2
DA:256,1
DA:260,4
DA:261,1
DA:263,1
DA:264,1
DA:265,1
DA:267,1
DA:268,1
DA:271,0
DA:278,6
DA:279,3
DA:280,3
DA:282,3
DA:283,3
DA:284,3
DA:286,3
DA:290,10
DA:291,9
DA:292,9
DA:294,1
DA:295,1
DA:296,1
DA:300,8
DA:301,8
DA:311,16
DA:313,16
DA:321,16
DA:322,13
DA:327,19
DA:328,19
DA:330,19
DA:335,19
DA:339,19
DA:344,8
DA:346,8
DA:347,0
DA:348,0
DA:349,0
DA:352,0
DA:361,19
DA:371,19
DA:381,19
LF:103
LH:86
BRDA:168,0,0,11
BRDA:168,0,1,11
BRDA:168,0,2,11
BRDA:177,1,0,2
BRDA:177,1,1,2
BRDA:177,2,0,4
BRDA:177,2,1,2
BRDA:182,3,0,0
BRDA:182,3,1,2
BRDA:182,4,0,2
BRDA:182,4,1,0
BRDA:188,5,0,2
BRDA:188,5,1,0
BRDA:199,6,0,4
BRDA:199,6,1,0
BRDA:200,7,0,4
BRDA:200,7,1,0
BRDA:200,8,0,4
BRDA:200,8,1,1
BRDA:208,9,0,0
BRDA:208,9,1,11
BRDA:212,10,0,0
BRDA:212,10,1,11
BRDA:212,11,0,11
BRDA:212,11,1,2
BRDA:219,12,0,0
BRDA:219,12,1,11
BRDA:219,13,0,11
BRDA:219,13,1,9
BRDA:228,14,0,9
BRDA:228,14,1,2
BRDA:228,15,0,11
BRDA:228,15,1,9
BRDA:229,16,0,6
BRDA:229,16,1,3
BRDA:235,17,0,2
BRDA:235,17,1,9
BRDA:235,18,0,11
BRDA:235,18,1,2
BRDA:236,19,0,2
BRDA:236,19,1,0
BRDA:244,20,0,4
BRDA:244,20,1,0
BRDA:245,21,0,3
BRDA:245,21,1,1
BRDA:245,22,0,4
BRDA:245,22,1,3
BRDA:248,23,0,2
BRDA:248,23,1,1
BRDA:260,24,0,1
BRDA:260,24,1,3
BRDA:260,25,0,4
BRDA:260,25,1,1
BRDA:263,26,0,1
BRDA:263,26,1,0
BRDA:278,27,0,3
BRDA:278,27,1,3
BRDA:283,28,0,3
BRDA:283,28,1,0
BRDA:290,29,0,9
BRDA:290,29,1,1
BRDA:295,30,0,1
BRDA:295,30,1,0
BRDA:303,31,0,4
BRDA:303,31,1,4
BRDA:305,32,0,1
BRDA:305,32,1,3
BRDA:314,33,0,5
BRDA:314,33,1,11
BRDA:316,34,0,3
BRDA:316,34,1,8
BRDA:318,35,0,4
BRDA:318,35,1,4
BRDA:321,36,0,13
BRDA:321,36,1,3
BRDA:332,37,0,11
BRDA:332,37,1,8
BRDA:332,38,0,4
BRDA:332,38,1,7
BRDA:344,39,0,0
BRDA:344,39,1,8
BRDA:346,40,0,8
BRDA:346,40,1,0
BRDA:348,41,0,0
BRDA:348,41,1,0
BRDA:348,42,0,0
BRDA:348,42,1,0
BRDA:361,43,0,19
BRDA:361,43,1,9
BRDA:361,43,2,6
BRDA:363,44,0,6
BRDA:363,44,1,3
BRDA:363,44,2,4
BRDA:371,45,0,19
BRDA:371,45,1,5
BRDA:371,45,2,5
BRDA:373,46,0,5
BRDA:373,46,1,2
BRDA:373,46,2,4
BRF:99
BRH:80
end_of_record
TN:
SF:/Users/bytedance/mobile-vue-github/okeedesign-mobile-vue/src/components/radio/index.tsx
FN:45,validator
FN:51,validator
FN:61,currentValue
FN:92,onChange
FN:35,render
FNF:5
FNH:4
FNDA:3,validator
FNDA:0,validator
FNDA:121,currentValue
FNDA:26,onChange
FNDA:21,render
DA:1,70
DA:2,70
DA:3,70
DA:4,70
DA:30,140
DA:32,70
DA:33,70
DA:35,70
DA:46,3
DA:52,0
DA:63,21
DA:67,21
DA:71,18
DA:75,7
DA:79,18
DA:80,18
DA:84,18
DA:88,18
DA:94,0
DA:95,0
DA:98,0
DA:99,0
DA:101,0
DA:103,0
DA:107,0
DA:108,0
DA:109,0
DA:110,0
DA:111,0
DA:113,0
DA:118,3
DA:119,0
DA:120,0
DA:121,3
DA:122,1
DA:124,2
DA:129,2
DA:130,1
DA:133,1
DA:134,1
DA:136,1
DA:137,1
DA:141,21
DA:142,21
DA:143,14
DA:149,7
DA:150,7
DA:152,0
DA:153,0
DA:159,0
DA:160,0
DA:169,21
DA:170,21
DA:171,21
DA:172,21
DA:174,21
DA:175,0
DA:177,21
DA:180,21
DA:191,21
LF:60
LH:40
BRDA:63,0,0,21
BRDA:63,0,1,0
BRDA:71,1,0,18
BRDA:71,1,1,18
BRDA:71,1,2,13
BRDA:75,2,0,2
BRDA:75,2,1,5
BRDA:84,3,0,18
BRDA:84,3,1,15
BRDA:84,3,2,15
BRDA:88,4,0,18
BRDA:88,4,1,18
BRDA:88,4,2,18
BRDA:94,5,0,0
BRDA:94,5,1,0
BRDA:98,6,0,0
BRDA:98,6,1,0
BRDA:107,7,0,0
BRDA:107,7,1,0
BRDA:110,8,0,0
BRDA:110,8,1,0
BRDA:118,9,0,0
BRDA:118,9,1,3
BRDA:121,10,0,1
BRDA:121,10,1,2
BRDA:129,11,0,1
BRDA:129,11,1,1
BRDA:136,12,0,1
BRDA:136,12,1,0
BRDA:142,13,0,14
BRDA:142,13,1,7
BRDA:143,14,0,5
BRDA:143,14,1,9
BRDA:149,15,0,7
BRDA:149,15,1,0
BRDA:149,16,0,7
BRDA:149,16,1,7
BRDA:152,17,0,0
BRDA:152,17,1,0
BRDA:153,18,0,0
BRDA:153,18,1,0
BRDA:159,19,0,0
BRDA:159,19,1,0
BRDA:160,20,0,0
BRDA:160,20,1,0
BRDA:171,21,0,21
BRDA:171,21,1,21
BRDA:174,22,0,0
BRDA:174,22,1,21
BRF:49
BRH:28
end_of_record
TN:
SF:/Users/bytedance/mobile-vue-github/okeedesign-mobile-vue/src/components/radio-group/index.tsx
FN:32,validator
FN:39,validator
FN:45,value
FN:23,render
FNF:4
FNH:4
FNDA:8,validator
FNDA:8,validator
FNDA:1,value
FNDA:8,render
DA:1,70
DA:2,70
DA:4,70
DA:21,140
DA:23,70
DA:33,8
DA:40,8
DA:47,1
DA:51,8
DA:52,8
LF:10
LH:10
BRF:0
BRH:0
end_of_record
TN:
SF:/Users/bytedance/mobile-vue-github/okeedesign-mobile-vue/src/components/row/index.tsx
FN:23,gap
FN:13,render
FNF:2
FNH:2
FNDA:38,gap
FNDA:19,render
DA:1,70
DA:2,70
DA:11,140
DA:13,70
DA:25,19
DA:28,19
DA:31,19
DA:32,19
DA:33,19
DA:34,19
LF:10
LH:10
BRDA:25,0,0,9
BRDA:25,0,1,10
BRDA:28,1,0,9
BRDA:28,1,1,10
BRDA:39,2,0,19
BRDA:39,2,1,6
BRDA:40,3,0,19
BRDA:40,3,1,6
BRF:8
BRH:8
end_of_record
TN:
SF:/Users/bytedance/mobile-vue-github/okeedesign-mobile-vue/src/components/search/index.tsx
FN:35,Search
FN:42,Icon
FN:57,input
FN:85,click
FNF:4
FNH:4
FNDA:8,Search
FNDA:8,Icon
FNDA:2,input
FNDA:1,click
DA:1,70
DA:2,70
DA:3,70
DA:4,70
DA:10,140
DA:43,8
DA:44,1
DA:46,7
DA:55,8
DA:60,1
DA:63,1
DA:64,1
DA:65,1
DA:67,1
DA:72,8
DA:73,8
DA:75,8
DA:86,1
DA:87,1
DA:99,70
DA:109,70
LF:21
LH:21
BRDA:43,0,0,1
BRDA:43,0,1,7
BRDA:63,1,0,1
BRDA:63,1,1,0
BRDA:77,2,0,8
BRDA:77,2,1,2
BRDA:82,3,0,8
BRDA:82,3,1,3
BRDA:94,4,0,8
BRDA:94,4,1,2
BRF:10
BRH:9
end_of_record
TN:
SF:/Users/bytedance/mobile-vue-github/okeedesign-mobile-vue/src/components/slider/index.tsx
FN:49,_default
FN:53,range
FN:85,format
FN:25,render
FNF:4
FNH:4
FNDA:5,_default
FNDA:32,range
FNDA:30,format
FNDA:8,render
DA:1,70
DA:2,70
DA:3,70
DA:23,140
DA:25,70
DA:49,5
DA:55,5
DA:58,6
DA:63,6
DA:66,0
DA:69,1
DA:70,1
DA:73,7
DA:78,7
DA:87,7
DA:93,3
DA:94,1
DA:97,2
DA:98,2
DA:100,2
DA:104,0
DA:108,4
DA:109,4
DA:110,4
DA:111,4
DA:113,4
DA:114,0
DA:116,4
DA:121,8
DA:122,4
DA:125,4
DA:126,1
DA:129,4
DA:130,4
DA:131,4
DA:133,4
DA:135,4
DA:139,3
DA:140,1
DA:143,2
DA:144,1
DA:145,1
DA:148,2
DA:152,0
DA:154,0
DA:156,0
DA:157,0
DA:158,0
DA:159,0
DA:161,0
DA:162,0
DA:165,0
DA:169,5
DA:171,5
DA:173,5
DA:174,1
DA:179,8
DA:180,8
LF:58
LH:46
BRDA:70,0,0,0
BRDA:70,0,1,1
BRDA:74,1,0,1
BRDA:74,1,1,6
BRDA:88,2,0,0
BRDA:88,2,1,7
BRDA:93,3,0,1
BRDA:93,3,1,2
BRDA:109,4,0,0
BRDA:109,4,1,4
BRDA:110,5,0,0
BRDA:110,5,1,4
BRDA:113,6,0,0
BRDA:113,6,1,4
BRDA:121,7,0,4
BRDA:121,7,1,4
BRDA:125,8,0,1
BRDA:125,8,1,3
BRDA:139,9,0,1
BRDA:139,9,1,2
BRDA:143,10,0,1
BRDA:143,10,1,1
BRDA:154,11,0,0
BRDA:154,11,1,0
BRDA:157,12,0,0
BRDA:157,12,1,0
BRDA:158,13,0,0
BRDA:158,13,1,0
BRDA:161,14,0,0
BRDA:161,14,1,0
BRDA:169,15,0,0
BRDA:169,15,1,5
BRDA:173,16,0,1
BRDA:173,16,1,4
BRF:34
BRH:20
end_of_record
TN:
SF:/Users/bytedance/mobile-vue-github/okeedesign-mobile-vue/src/components/step/index.tsx
FN:40,active
FN:23,render
FN:53,getInProgressIndex
FN:54,(anonymous_4)
FN:63,StepIcon
FN:78,onClick
FNF:6
FNH:6
FNDA:70,active
FNDA:35,render
FNDA:35,getInProgressIndex
FNDA:65,(anonymous_4)
FNDA:35,StepIcon
FNDA:1,onClick
DA:2,70
DA:3,70
DA:4,70
DA:21,140
DA:23,70
DA:42,35
DA:45,35
DA:48,70
DA:49,35
DA:50,35
DA:51,35
DA:54,65
DA:55,35
DA:56,30
DA:58,5
DA:61,35
DA:64,35
DA:65,30
DA:68,35
DA:69,30
DA:70,5
DA:71,25
DA:72,10
DA:74,15
DA:78,35
DA:79,1
DA:80,0
DA:82,1
DA:85,35
DA:87,35
DA:88,7
DA:99,28
DA:110,70
LF:33
LH:32
BRDA:55,0,0,30
BRDA:55,0,1,5
BRDA:64,1,0,5
BRDA:64,1,1,30
BRDA:68,2,0,30
BRDA:68,2,1,5
BRDA:69,3,0,5
BRDA:69,3,1,25
BRDA:71,4,0,10
BRDA:71,4,1,15
BRDA:79,5,0,0
BRDA:79,5,1,1
BRDA:79,6,0,1
BRDA:79,6,1,0
BRDA:87,7,0,7
BRDA:87,7,1,28
BRDA:87,8,0,35
BRDA:87,8,1,28
BRDA:91,9,0,0
BRDA:91,9,1,7
BRDA:92,10,0,7
BRDA:92,10,1,3
BRDA:94,11,0,0
BRDA:94,11,1,7
BRDA:102,12,0,0
BRDA:102,12,1,28
BRDA:103,13,0,0
BRDA:103,13,1,28
BRDA:105,14,0,28
BRDA:105,14,1,12
BRF:30
BRH:24
end_of_record
TN:
SF:/Users/bytedance/mobile-vue-github/okeedesign-mobile-vue/src/components/stepper/index.tsx
FN:42,validator
FN:49,validator
FN:60,validator
FN:66,validator
FN:73,validator
FN:78,isIncreaseDisabled
FN:94,increaseSvg
FN:37,render
FNF:8
FNH:8
FNDA:11,validator
FNDA:11,validator
FNDA:11,validator
FNDA:4,validator
FNDA:11,validator
FNDA:22,isIncreaseDisabled
FNDA:39,increaseSvg
FNDA:11,render
DA:1,70
DA:33,140
DA:35,70
DA:37,70
DA:43,11
DA:50,11
DA:61,11
DA:67,4
DA:74,11
DA:80,11
DA:81,2
DA:84,9
DA:85,4
DA:88,5
DA:91,11
DA:95,11
DA:99,11
DA:100,11
DA:106,11
DA:116,11
DA:120,11
DA:121,11
DA:127,11
DA:137,11
DA:141,11
DA:147,2
DA:149,2
DA:151,2
DA:152,2
DA:158,4
DA:160,4
DA:162,4
DA:163,3
DA:166,4
DA:167,4
DA:170,11
DA:171,11
DA:172,11
DA:180,11
DA:188,11
DA:195,11
LF:41
LH:41
BRDA:80,0,0,2
BRDA:80,0,1,9
BRDA:84,1,0,4
BRDA:84,1,1,5
BRDA:91,2,0,2
BRDA:91,2,1,9
BRDA:147,3,0,0
BRDA:147,3,1,2
BRDA:158,4,0,0
BRDA:158,4,1,4
BRDA:162,5,0,3
BRDA:162,5,1,1
BRF:12
BRH:10
end_of_record
TN:
SF:/Users/bytedance/mobile-vue-github/okeedesign-mobile-vue/src/components/steps/index.tsx
FN:24,render
FNF:1
FNH:1
FNDA:5,render
DA:3,70
DA:4,70
DA:22,140
DA:24,70
DA:44,5
DA:45,5
DA:46,5
DA:50,70
LF:8
LH:8
BRF:0
BRH:0
end_of_record
TN:
SF:/Users/bytedance/mobile-vue-github/okeedesign-mobile-vue/src/components/swipe/index.tsx
FN:47,validator
FN:36,data
FN:90,size
FN:129,value
FN:151,initialize
FN:162,(anonymous_17)
FN:176,(anonymous_20)
FN:181,(anonymous_21)
FN:324,(anonymous_33)
FNF:9
FNH:7
FNDA:13,validator
FNDA:37,data
FNDA:179,size
FNDA:12,value
FNDA:231,initialize
FNDA:42,(anonymous_17)
FNDA:0,(anonymous_20)
FNDA:0,(anonymous_21)
FNDA:53,(anonymous_33)
DA:1,70
DA:2,70
DA:3,70
DA:4,70
DA:6,70
DA:7,70
DA:11,140
DA:13,70
DA:36,70
DA:48,13
DA:80,11
DA:92,11
DA:95,22
DA:98,22
DA:101,22
DA:104,24
DA:111,28
DA:114,2
DA:117,7
DA:120,31
DA:123,10
DA:131,1
DA:132,1
DA:133,0
DA:137,11
DA:140,0
DA:143,0
DA:144,0
DA:146,0
DA:152,11
DA:153,11
DA:155,11
DA:156,11
DA:159,11
DA:160,11
DA:161,11
DA:162,11
DA:163,42
DA:165,11
DA:169,22
DA:172,20
DA:173,20
DA:174,20
DA:175,2
DA:176,2
DA:177,0
DA:178,0
DA:179,0
DA:181,0
DA:182,0
DA:183,0
DA:187,0
DA:194,39
DA:196,39
DA:197,11
DA:198,11
DA:200,0
DA:203,28
DA:207,39
DA:208,39
DA:209,0
DA:212,39
DA:214,39
DA:215,0
DA:218,39
DA:221,78
DA:222,39
DA:224,39
DA:225,0
DA:228,39
DA:229,39
DA:232,39
DA:233,39
DA:234,39
DA:235,39
DA:238,39
DA:239,39
DA:240,39
DA:244,39
DA:245,39
DA:247,39
DA:248,9
DA:253,9
DA:254,1
DA:257,9
DA:258,1
DA:263,2
DA:265,2
DA:266,2
DA:268,2
DA:269,2
DA:271,2
DA:275,1
DA:279,1
DA:283,8
DA:285,7
DA:286,7
DA:287,7
DA:288,7
DA:292,32
DA:294,28
DA:296,28
DA:297,28
DA:298,28
DA:303,8
DA:305,7
DA:306,7
DA:312,7
DA:313,7
DA:317,52
DA:318,26
DA:321,26
DA:324,53
DA:333,26
LF:114
LH:98
BRDA:106,0,0,11
BRDA:106,0,1,13
BRDA:132,1,0,0
BRDA:132,1,1,1
BRDA:132,2,0,1
BRDA:132,2,1,1
BRDA:143,3,0,0
BRDA:143,3,1,0
BRDA:152,4,0,11
BRDA:152,4,1,0
BRDA:152,5,0,11
BRDA:152,5,1,0
BRDA:155,6,0,11
BRDA:155,6,1,0
BRDA:161,7,0,11
BRDA:161,7,1,0
BRDA:174,8,0,2
BRDA:174,8,1,18
BRDA:174,9,0,20
BRDA:174,9,1,2
BRDA:196,10,0,11
BRDA:196,10,1,28
BRDA:197,11,0,11
BRDA:197,11,1,0
BRDA:208,12,0,0
BRDA:208,12,1,39
BRDA:214,13,0,0
BRDA:214,13,1,39
BRDA:221,14,0,28
BRDA:221,14,1,11
BRDA:221,15,0,11
BRDA:221,15,1,28
BRDA:224,16,0,0
BRDA:224,16,1,39
BRDA:232,17,0,39
BRDA:232,17,1,0
BRDA:233,18,0,39
BRDA:233,18,1,0
BRDA:235,19,0,16
BRDA:235,19,1,23
BRDA:238,20,0,39
BRDA:238,20,1,0
BRDA:240,21,0,12
BRDA:240,21,1,27
BRDA:247,22,0,9
BRDA:247,22,1,30
BRDA:247,23,0,39
BRDA:247,23,1,9
BRDA:253,24,0,1
BRDA:253,24,1,8
BRDA:257,25,0,1
BRDA:257,25,1,8
BRDA:283,26,0,1
BRDA:283,26,1,7
BRDA:292,27,0,4
BRDA:292,27,1,28
BRDA:292,28,0,32
BRDA:292,28,1,28
BRDA:296,29,0,28
BRDA:296,29,1,0
BRDA:303,30,0,1
BRDA:303,30,1,7
BRDA:303,31,0,8
BRDA:303,31,1,7
BRDA:305,32,0,7
BRDA:305,32,1,0
BRDA:305,33,0,7
BRDA:305,33,1,7
BRDA:307,34,0,7
BRDA:307,34,1,0
BRDA:307,35,0,3
BRDA:307,35,1,4
BRDA:321,36,0,26
BRDA:321,36,1,24
BRDA:321,36,2,24
BRDA:321,36,3,14
BRDA:327,37,0,14
BRDA:327,37,1,39
BRF:78
BRH:61
end_of_record
TN:
SF:/Users/bytedance/mobile-vue-github/okeedesign-mobile-vue/src/components/swipe-cell/index.tsx
FN:31,data
FN:59,computedLeftWidth
FN:69,getWidthByRef
FN:179,onClick
FN:179,(anonymous_15)
FN:203,transitionend
FNF:6
FNH:5
FNDA:32,data
FNDA:8,computedLeftWidth
FNDA:88,getWidthByRef
FNDA:46,onClick
FNDA:3,(anonymous_15)
FNDA:0,transitionend
DA:1,70
DA:2,70
DA:3,70
DA:4,70
DA:5,70
DA:9,140
DA:10,70
DA:31,70
DA:53,13
DA:61,4
DA:65,4
DA:71,2
DA:72,1
DA:73,1
DA:76,1
DA:80,4
DA:81,4
DA:82,4
DA:86,1
DA:90,4
DA:91,4
DA:94,22
DA:95,22
DA:97,22
DA:98,17
DA:100,5
DA:105,4
DA:106,4
DA:109,4
DA:114,1
DA:116,3
DA:121,2
DA:124,1
DA:129,8
DA:130,1
DA:133,7
DA:134,7
DA:135,7
DA:139,32
DA:140,4
DA:143,28
DA:145,28
DA:146,17
DA:147,17
DA:152,8
DA:153,1
DA:156,7
DA:157,7
DA:158,4
DA:162,3
DA:163,3
DA:164,1
DA:167,3
DA:168,1
DA:170,2
DA:171,2
DA:173,0
DA:178,38
DA:179,65
DA:180,3
DA:181,2
DA:183,3
DA:186,19
DA:191,19
DA:204,0
LF:65
LH:63
BRDA:61,0,0,4
BRDA:61,0,1,1
BRDA:65,1,0,4
BRDA:65,1,1,1
BRDA:71,2,0,1
BRDA:71,2,1,1
BRDA:80,3,0,3
BRDA:80,3,1,1
BRDA:94,4,0,0
BRDA:94,4,1,22
BRDA:97,5,0,17
BRDA:97,5,1,5
BRDA:106,6,0,1
BRDA:106,6,1,3
BRDA:109,7,0,1
BRDA:109,7,1,3
BRDA:110,8,0,4
BRDA:110,8,1,1
BRDA:110,8,2,1
BRDA:116,9,0,2
BRDA:116,9,1,1
BRDA:117,10,0,3
BRDA:117,10,1,3
BRDA:117,10,2,2
BRDA:129,11,0,1
BRDA:129,11,1,7
BRDA:139,12,0,4
BRDA:139,12,1,28
BRDA:145,13,0,17
BRDA:145,13,1,11
BRDA:152,14,0,1
BRDA:152,14,1,7
BRDA:157,15,0,4
BRDA:157,15,1,3
BRDA:158,16,0,3
BRDA:158,16,1,1
BRDA:162,17,0,0
BRDA:162,17,1,3
BRDA:163,18,0,1
BRDA:163,18,1,2
BRDA:167,19,0,1
BRDA:167,19,1,2
BRDA:170,20,0,2
BRDA:170,20,1,0
BRDA:180,21,0,2
BRDA:180,21,1,1
BRDA:188,22,0,0
BRDA:188,22,1,19
BRDA:207,23,0,19
BRDA:207,23,1,15
BRDA:213,24,0,19
BRDA:213,24,1,12
BRF:52
BRH:48
end_of_record
TN:
SF:/Users/bytedance/mobile-vue-github/okeedesign-mobile-vue/src/components/swipe-item/index.tsx
FN:6,data
FNF:1
FNH:1
FNDA:91,data
DA:1,70
DA:2,70
DA:4,140
DA:6,70
DA:9,42
DA:14,49
DA:15,49
DA:17,49
DA:22,49
LF:9
LH:9
BRF:0
BRH:0
end_of_record
TN:
SF:/Users/bytedance/mobile-vue-github/okeedesign-mobile-vue/src/components/switch/index.tsx
FN:22,Switch
FN:33,onClick
FNF:2
FNH:2
FNDA:7,Switch
FNDA:2,onClick
DA:2,70
DA:4,70
DA:5,70
DA:20,140
DA:29,7
DA:30,7
DA:31,7
DA:34,2
DA:35,2
DA:36,2
DA:40,7
DA:61,70
DA:71,70
LF:13
LH:13
BRDA:34,0,0,2
BRDA:34,0,1,0
BRDA:34,1,0,2
BRDA:34,1,1,2
BRDA:53,2,0,7
BRDA:53,2,1,0
BRDA:54,3,0,0
BRDA:54,3,1,0
BRF:8
BRH:4
end_of_record
TN:
SF:/Users/bytedance/mobile-vue-github/okeedesign-mobile-vue/src/components/tab/index.tsx
FN:19,data
FN:38,computedName
FN:52,parentCurrentIndex
FNF:3
FNH:3
FNDA:228,data
FNDA:260,computedName
FNDA:66,parentCurrentIndex
DA:1,70
DA:2,70
DA:17,140
DA:19,70
DA:33,54
DA:40,86
DA:44,120
DA:48,54
DA:54,66
DA:58,0
DA:63,54
DA:64,2
DA:68,120
DA:69,120
DA:70,120
DA:71,120
DA:73,120
DA:74,4
DA:77,120
DA:78,0
DA:85,120
DA:86,8
DA:89,112
LF:23
LH:21
BRDA:40,0,0,10
BRDA:40,0,1,76
BRDA:48,1,0,54
BRDA:48,1,1,4
BRDA:48,1,2,4
BRDA:54,2,0,66
BRDA:54,2,1,62
BRDA:63,3,0,2
BRDA:63,3,1,52
BRDA:70,4,0,120
BRDA:70,4,1,97
BRDA:71,5,0,23
BRDA:71,5,1,97
BRDA:73,6,0,4
BRDA:73,6,1,116
BRDA:77,7,0,0
BRDA:77,7,1,120
BRDA:85,8,0,8
BRDA:85,8,1,112
BRF:19
BRH:18
end_of_record
TN:
SF:/Users/bytedance/mobile-vue-github/okeedesign-mobile-vue/src/components/table/algorithm.ts
FN:6,transformWidth
FN:10,computeColumnWidth
FN:18,(anonymous_2)
FN:33,(anonymous_3)
FN:51,(anonymous_4)
FN:59,(anonymous_5)
FN:12,_loop
FN:74,(anonymous_7)
FN:93,(anonymous_8)
FN:113,(anonymous_9)
FNF:10
FNH:0
FNDA:0,transformWidth
FNDA:0,computeColumnWidth
FNDA:0,(anonymous_2)
FNDA:0,(anonymous_3)
FNDA:0,(anonymous_4)
FNDA:0,(anonymous_5)
FNDA:0,_loop
FNDA:0,(anonymous_7)
FNDA:0,(anonymous_8)
FNDA:0,(anonymous_9)
DA:1,70
DA:4,70
DA:7,0
DA:12,0
DA:15,0
DA:17,0
DA:18,0
DA:30,0
DA:32,0
DA:33,0
DA:34,0
DA:46,0
DA:48,0
DA:51,0
DA:52,0
DA:53,0
DA:54,0
DA:59,0
DA:62,0
DA:66,0
DA:68,0
DA:69,0
DA:71,0
DA:72,0
DA:74,0
DA:75,0
DA:76,0
DA:77,0
DA:78,0
DA:79,0
DA:84,0
DA:85,0
DA:86,0
DA:87,0
DA:90,0
DA:91,0
DA:93,0
DA:94,0
DA:95,0
DA:96,0
DA:97,0
DA:98,0
DA:103,0
DA:104,0
DA:105,0
DA:106,0
DA:109,0
DA:112,0
DA:113,0
DA:114,0
DA:115,0
DA:116,0
DA:118,0
DA:119,0
DA:122,0
LF:55
LH:2
BRDA:7,0,0,0
BRDA:7,0,1,0
BRDA:21,1,0,0
BRDA:21,1,1,0
BRDA:20,2,0,0
BRDA:20,2,1,0
BRDA:22,3,0,0
BRDA:22,3,1,0
BRDA:23,4,0,0
BRDA:23,4,1,0
BRDA:32,5,0,0
BRDA:32,5,1,0
BRDA:37,6,0,0
BRDA:37,6,1,0
BRDA:36,7,0,0
BRDA:36,7,1,0
BRDA:38,8,0,0
BRDA:38,8,1,0
BRDA:39,9,0,0
BRDA:39,9,1,0
BRDA:52,10,0,0
BRDA:52,10,1,0
BRDA:75,11,0,0
BRDA:75,11,1,0
BRDA:77,12,0,0
BRDA:77,12,1,0
BRDA:77,13,0,0
BRDA:77,13,1,0
BRDA:84,14,0,0
BRDA:84,14,1,0
BRDA:94,15,0,0
BRDA:94,15,1,0
BRDA:96,16,0,0
BRDA:96,16,1,0
BRDA:96,17,0,0
BRDA:96,17,1,0
BRDA:103,18,0,0
BRDA:103,18,1,0
BRDA:68,19,0,0
BRDA:68,19,1,0
BRDA:68,20,0,0
BRDA:68,20,1,0
BRDA:114,21,0,0
BRDA:114,21,1,0
BRF:44
BRH:0
end_of_record
TN:
SF:/Users/bytedance/mobile-vue-github/okeedesign-mobile-vue/src/components/table/empty-content.tsx
FN:12,EmptyContent
FNF:1
FNH:0
FNDA:0,EmptyContent
DA:2,70
DA:9,140
DA:13,0
DA:15,0
DA:404,70
DA:413,70
DA:415,70
LF:7
LH:5
BRDA:18,0,0,0
BRDA:18,0,1,0
BRDA:19,1,0,0
BRDA:19,1,1,0
BRDA:398,2,0,0
BRDA:398,2,1,0
BRDA:399,3,0,0
BRDA:399,3,1,0
BRF:8
BRH:0
end_of_record
TN:
SF:/Users/bytedance/mobile-vue-github/okeedesign-mobile-vue/src/components/table/index.tsx
FN:76,_default
FN:82,_default
FN:88,_default
FN:73,data
FN:157,(anonymous_8)
FN:165,(anonymous_10)
FN:168,(anonymous_11)
FN:169,(anonymous_12)
FN:185,(anonymous_13)
FN:203,(anonymous_14)
FN:236,(anonymous_15)
FN:239,(anonymous_16)
FN:262,(anonymous_17)
FN:265,(anonymous_18)
FN:272,onScroll
FN:284,(anonymous_20)
FN:300,(anonymous_21)
FN:309,(anonymous_22)
FN:334,(anonymous_23)
FN:359,(anonymous_24)
FN:375,(anonymous_25)
FN:416,(anonymous_26)
FN:464,onContainerScroll
FN:667,(anonymous_34)
FN:817,tableStyle
FN:847,renderExpandTh
FN:883,(anonymous_44)
FN:918,renderSortIcon
FN:919,onSortIconClick
FN:942,renderFilterIcon
FN:943,onFilterIconClick
FN:981,renderExpandCol
FN:988,(anonymous_51)
FN:1024,renderExpandTd
FN:1040,onExpandTdClick
FN:1080,(anonymous_55)
FN:1083,(anonymous_56)
FN:1156,(anonymous_57)
FNF:38
FNH:0
FNDA:0,_default
FNDA:0,_default
FNDA:0,_default
FNDA:0,data
FNDA:0,(anonymous_8)
FNDA:0,(anonymous_10)
FNDA:0,(anonymous_11)
FNDA:0,(anonymous_12)
FNDA:0,(anonymous_13)
FNDA:0,(anonymous_14)
FNDA:0,(anonymous_15)
FNDA:0,(anonymous_16)
FNDA:0,(anonymous_17)
FNDA:0,(anonymous_18)
FNDA:0,onScroll
FNDA:0,(anonymous_20)
FNDA:0,(anonymous_21)
FNDA:0,(anonymous_22)
FNDA:0,(anonymous_23)
FNDA:0,(anonymous_24)
FNDA:0,(anonymous_25)
FNDA:0,(anonymous_26)
FNDA:0,onContainerScroll
FNDA:0,(anonymous_34)
FNDA:0,tableStyle
FNDA:0,renderExpandTh
FNDA:0,(anonymous_44)
FNDA:0,renderSortIcon
FNDA:0,onSortIconClick
FNDA:0,renderFilterIcon
FNDA:0,onFilterIconClick
FNDA:0,renderExpandCol
FNDA:0,(anonymous_51)
FNDA:0,renderExpandTd
FNDA:0,onExpandTdClick
FNDA:0,(anonymous_55)
FNDA:0,(anonymous_56)
FNDA:0,(anonymous_57)
DA:10,70
DA:11,70
DA:12,70
DA:13,70
DA:14,70
DA:15,70
DA:16,70
DA:17,70
DA:19,70
DA:22,70
DA:59,70
DA:60,70
DA:61,70
DA:62,70
DA:63,70
DA:64,70
DA:65,70
DA:66,70
DA:67,70
DA:69,70
DA:71,70
DA:73,70
DA:79,0
DA:85,0
DA:91,0
DA:128,0
DA:155,0
DA:157,0
DA:158,0
DA:160,0
DA:163,0
DA:164,0
DA:166,0
DA:169,0
DA:170,0
DA:171,0
DA:175,0
DA:177,0
DA:179,0
DA:181,0
DA:185,0
DA:186,0
DA:187,0
DA:188,0
DA:189,0
DA:197,0
DA:200,0
DA:201,0
DA:203,0
DA:204,0
DA:205,0
DA:207,0
DA:208,0
DA:212,0
DA:213,0
DA:216,0
DA:217,0
DA:221,0
DA:223,0
DA:224,0
DA:226,0
DA:235,0
DA:237,0
DA:240,0
DA:241,0
DA:242,0
DA:261,0
DA:263,0
DA:266,0
DA:267,0
DA:268,0
DA:269,0
DA:272,0
DA:273,0
DA:276,0
DA:277,0
DA:278,0
DA:279,0
DA:280,0
DA:284,0
DA:285,0
DA:286,0
DA:287,0
DA:288,0
DA:289,0
DA:299,0
DA:306,0
DA:307,0
DA:310,0
DA:312,0
DA:313,0
DA:321,0
DA:323,0
DA:325,0
DA:327,0
DA:328,0
DA:329,0
DA:330,0
DA:334,0
DA:335,0
DA:336,0
DA:337,0
DA:339,0
DA:341,0
DA:343,0
DA:347,0
DA:351,0
DA:358,0
DA:366,0
DA:367,0
DA:382,0
DA:384,0
DA:386,0
DA:388,0
DA:390,0
DA:391,0
DA:394,0
DA:397,0
DA:398,0
DA:400,0
DA:404,0
DA:407,0
DA:414,0
DA:417,0
DA:418,0
DA:419,0
DA:421,0
DA:422,0
DA:424,0
DA:431,0
DA:434,0
DA:435,0
DA:437,0
DA:439,0
DA:444,0
DA:445,0
DA:448,0
DA:449,0
DA:450,0
DA:451,0
DA:453,0
DA:466,0
DA:468,0
DA:469,0
DA:473,0
DA:476,0
DA:484,0
DA:493,0
DA:495,0
DA:497,0
DA:499,0
DA:503,0
DA:504,0
DA:506,0
DA:507,0
DA:508,0
DA:513,0
DA:519,0
DA:520,0
DA:523,0
DA:528,0
DA:532,0
DA:534,0
DA:538,0
DA:541,0
DA:542,0
DA:548,0
DA:554,0
DA:555,0
DA:558,0
DA:560,0
DA:563,0
DA:564,0
DA:567,0
DA:568,0
DA:572,0
DA:573,0
DA:576,0
DA:586,0
DA:590,0
DA:591,0
DA:593,0
DA:594,0
DA:596,0
DA:598,0
DA:601,0
DA:604,0
DA:608,0
DA:609,0
DA:611,0
DA:619,0
DA:624,0
DA:625,0
DA:635,0
DA:637,0
DA:638,0
DA:639,0
DA:640,0
DA:641,0
DA:644,0
DA:645,0
DA:646,0
DA:647,0
DA:650,0
DA:652,0
DA:653,0
DA:656,0
DA:658,0
DA:662,0
DA:663,0
DA:666,0
DA:667,0
DA:668,0
DA:669,0
DA:672,0
DA:677,0
DA:678,0
DA:680,0
DA:682,0
DA:683,0
DA:685,0
DA:686,0
DA:687,0
DA:688,0
DA:690,0
DA:694,0
DA:698,0
DA:699,0
DA:701,0
DA:703,0
DA:704,0
DA:706,0
DA:707,0
DA:708,0
DA:709,0
DA:711,0
DA:713,0
DA:716,0
DA:717,0
DA:719,0
DA:724,0
DA:726,0
DA:727,0
DA:729,0
DA:734,0
DA:739,0
DA:744,0
DA:750,0
DA:751,0
DA:752,0
DA:757,0
DA:758,0
DA:759,0
DA:761,0
DA:762,0
DA:763,0
DA:768,0
DA:769,0
DA:770,0
DA:772,0
DA:773,0
DA:774,0
DA:779,0
DA:780,0
DA:782,0
DA:787,0
DA:788,0
DA:789,0
DA:791,0
DA:792,0
DA:793,0
DA:797,0
DA:798,0
DA:800,0
DA:801,0
DA:819,0
DA:821,0
DA:822,0
DA:824,0
DA:829,0
DA:843,0
DA:845,0
DA:847,0
DA:848,0
DA:849,0
DA:852,0
DA:853,0
DA:854,0
DA:855,0
DA:858,0
DA:859,0
DA:860,0
DA:862,0
DA:864,0
DA:870,0
DA:872,0
DA:873,0
DA:876,0
DA:877,0
DA:880,0
DA:883,0
DA:884,0
DA:885,0
DA:886,0
DA:890,0
DA:891,0
DA:892,0
DA:893,0
DA:896,0
DA:897,0
DA:899,0
DA:901,0
DA:903,0
DA:906,0
DA:914,0
DA:918,0
DA:919,0
DA:921,0
DA:922,0
DA:923,0
DA:925,0
DA:927,0
DA:928,0
DA:931,0
DA:942,0
DA:943,0
DA:944,0
DA:946,0
DA:949,0
DA:951,0
DA:952,0
DA:955,0
DA:956,0
DA:959,0
DA:967,0
DA:978,0
DA:979,0
DA:981,0
DA:982,0
DA:983,0
DA:986,0
DA:988,0
DA:989,0
DA:992,0
DA:997,0
DA:999,0
DA:1001,0
DA:1010,0
DA:1022,0
DA:1024,0
DA:1025,0
DA:1026,0
DA:1028,0
DA:1029,0
DA:1030,0
DA:1032,0
DA:1034,0
DA:1040,0
DA:1041,0
DA:1042,0
DA:1043,0
DA:1044,0
DA:1046,0
DA:1048,0
DA:1051,0
DA:1053,0
DA:1054,0
DA:1057,0
DA:1058,0
DA:1061,0
DA:1079,0
DA:1080,0
DA:1081,0
DA:1083,0
DA:1084,0
DA:1085,0
DA:1087,0
DA:1088,0
DA:1090,0
DA:1092,0
DA:1094,0
DA:1099,0
DA:1107,0
DA:1111,0
DA:1113,0
DA:1114,0
DA:1117,0
DA:1118,0
DA:1121,0
DA:1128,0
DA:1136,0
DA:1137,0
DA:1151,0
DA:1157,0
DA:1165,0
DA:1173,0
DA:1174,0
DA:1175,0
DA:1176,0
DA:1183,0
DA:1184,0
DA:1187,0
DA:1188,0
DA:1189,0
LF:404
LH:22
BRDA:160,0,0,0
BRDA:160,0,1,0
BRDA:170,1,0,0
BRDA:170,1,1,0
BRDA:182,2,0,0
BRDA:182,2,1,0
BRDA:186,3,0,0
BRDA:186,3,1,0
BRDA:204,4,0,0
BRDA:204,4,1,0
BRDA:207,5,0,0
BRDA:207,5,1,0
BRDA:207,6,0,0
BRDA:207,6,1,0
BRDA:212,7,0,0
BRDA:212,7,1,0
BRDA:216,8,0,0
BRDA:216,8,1,0
BRDA:221,9,0,0
BRDA:221,9,1,0
BRDA:224,10,0,0
BRDA:224,10,1,0
BRDA:240,11,0,0
BRDA:240,11,1,0
BRDA:246,12,0,0
BRDA:246,12,1,0
BRDA:268,13,0,0
BRDA:268,13,1,0
BRDA:276,14,0,0
BRDA:276,14,1,0
BRDA:277,15,0,0
BRDA:277,15,1,0
BRDA:279,16,0,0
BRDA:279,16,1,0
BRDA:285,17,0,0
BRDA:285,17,1,0
BRDA:286,18,0,0
BRDA:286,18,1,0
BRDA:288,19,0,0
BRDA:288,19,1,0
BRDA:312,20,0,0
BRDA:312,20,1,0
BRDA:327,21,0,0
BRDA:327,21,1,0
BRDA:329,22,0,0
BRDA:329,22,1,0
BRDA:335,23,0,0
BRDA:335,23,1,0
BRDA:341,24,0,0
BRDA:341,24,1,0
BRDA:343,25,0,0
BRDA:343,25,1,0
BRDA:344,26,0,0
BRDA:344,26,1,0
BRDA:386,27,0,0
BRDA:386,27,1,0
BRDA:388,28,0,0
BRDA:388,28,1,0
BRDA:417,29,0,0
BRDA:417,29,1,0
BRDA:417,30,0,0
BRDA:417,30,1,0
BRDA:444,31,0,0
BRDA:444,31,1,0
BRDA:450,32,0,0
BRDA:450,32,1,0
BRDA:450,33,0,0
BRDA:450,33,1,0
BRDA:451,34,0,0
BRDA:451,34,1,0
BRDA:468,35,0,0
BRDA:468,35,1,0
BRDA:469,36,0,0
BRDA:469,36,1,0
BRDA:470,37,0,0
BRDA:470,37,1,0
BRDA:470,37,2,0
BRDA:470,37,3,0
BRDA:476,38,0,0
BRDA:476,38,1,0
BRDA:477,39,0,0
BRDA:477,39,1,0
BRDA:477,39,2,0
BRDA:477,39,3,0
BRDA:499,40,0,0
BRDA:499,40,1,0
BRDA:499,41,0,0
BRDA:499,41,1,0
BRDA:506,42,0,0
BRDA:506,42,1,0
BRDA:534,43,0,0
BRDA:534,43,1,0
BRDA:535,44,0,0
BRDA:535,44,1,0
BRDA:535,44,2,0
BRDA:535,44,3,0
BRDA:541,45,0,0
BRDA:541,45,1,0
BRDA:541,46,0,0
BRDA:541,46,1,0
BRDA:542,47,0,0
BRDA:542,47,1,0
BRDA:543,48,0,0
BRDA:543,48,1,0
BRDA:543,48,2,0
BRDA:543,48,3,0
BRDA:554,49,0,0
BRDA:554,49,1,0
BRDA:563,50,0,0
BRDA:563,50,1,0
BRDA:567,51,0,0
BRDA:567,51,1,0
BRDA:572,52,0,0
BRDA:572,52,1,0
BRDA:590,53,0,0
BRDA:590,53,1,0
BRDA:593,54,0,0
BRDA:593,54,1,0
BRDA:596,55,0,0
BRDA:596,55,1,0
BRDA:601,56,0,0
BRDA:601,56,1,0
BRDA:605,57,0,0
BRDA:605,57,1,0
BRDA:624,58,0,0
BRDA:624,58,1,0
BRDA:637,59,0,0
BRDA:637,59,1,0
BRDA:646,60,0,0
BRDA:646,60,1,0
BRDA:656,61,0,0
BRDA:656,61,1,0
BRDA:658,62,0,0
BRDA:658,62,1,0
BRDA:672,63,0,0
BRDA:672,63,1,0
BRDA:673,64,0,0
BRDA:673,64,1,0
BRDA:673,64,2,0
BRDA:677,65,0,0
BRDA:677,65,1,0
BRDA:682,66,0,0
BRDA:682,66,1,0
BRDA:685,67,0,0
BRDA:685,67,1,0
BRDA:687,68,0,0
BRDA:687,68,1,0
BRDA:694,69,0,0
BRDA:694,69,1,0
BRDA:695,70,0,0
BRDA:695,70,1,0
BRDA:698,71,0,0
BRDA:698,71,1,0
BRDA:703,72,0,0
BRDA:703,72,1,0
BRDA:706,73,0,0
BRDA:706,73,1,0
BRDA:708,74,0,0
BRDA:708,74,1,0
BRDA:726,75,0,0
BRDA:726,75,1,0
BRDA:739,76,0,0
BRDA:739,76,1,0
BRDA:740,77,0,0
BRDA:740,77,1,0
BRDA:750,78,0,0
BRDA:750,78,1,0
BRDA:758,79,0,0
BRDA:758,79,1,0
BRDA:762,80,0,0
BRDA:762,80,1,0
BRDA:769,81,0,0
BRDA:769,81,1,0
BRDA:773,82,0,0
BRDA:773,82,1,0
BRDA:779,83,0,0
BRDA:779,83,1,0
BRDA:788,84,0,0
BRDA:788,84,1,0
BRDA:792,85,0,0
BRDA:792,85,1,0
BRDA:821,86,0,0
BRDA:821,86,1,0
BRDA:825,87,0,0
BRDA:825,87,1,0
BRDA:845,88,0,0
BRDA:845,88,1,0
BRDA:852,89,0,0
BRDA:852,89,1,0
BRDA:853,90,0,0
BRDA:853,90,1,0
BRDA:853,90,2,0
BRDA:854,91,0,0
BRDA:854,91,1,0
BRDA:858,92,0,0
BRDA:858,92,1,0
BRDA:860,93,0,0
BRDA:860,93,1,0
BRDA:865,94,0,0
BRDA:865,94,1,0
BRDA:865,95,0,0
BRDA:865,95,1,0
BRDA:872,96,0,0
BRDA:872,96,1,0
BRDA:876,97,0,0
BRDA:876,97,1,0
BRDA:890,98,0,0
BRDA:890,98,1,0
BRDA:891,99,0,0
BRDA:891,99,1,0
BRDA:891,99,2,0
BRDA:892,100,0,0
BRDA:892,100,1,0
BRDA:896,101,0,0
BRDA:896,101,1,0
BRDA:899,102,0,0
BRDA:899,102,1,0
BRDA:903,103,0,0
BRDA:903,103,1,0
BRDA:903,104,0,0
BRDA:903,104,1,0
BRDA:906,105,0,0
BRDA:906,105,1,0
BRDA:907,106,0,0
BRDA:907,106,1,0
BRDA:907,106,2,0
BRDA:907,106,3,0
BRDA:907,106,4,0
BRDA:907,106,5,0
BRDA:922,107,0,0
BRDA:922,107,1,0
BRDA:922,108,0,0
BRDA:922,108,1,0
BRDA:923,109,0,0
BRDA:923,109,1,0
BRDA:933,110,0,0
BRDA:933,110,1,0
BRDA:951,111,0,0
BRDA:951,111,1,0
BRDA:955,112,0,0
BRDA:955,112,1,0
BRDA:962,113,0,0
BRDA:962,113,1,0
BRDA:963,114,0,0
BRDA:963,114,1,0
BRDA:970,115,0,0
BRDA:970,115,1,0
BRDA:970,115,2,0
BRDA:972,116,0,0
BRDA:972,116,1,0
BRDA:972,116,2,0
BRDA:982,117,0,0
BRDA:982,117,1,0
BRDA:992,118,0,0
BRDA:992,118,1,0
BRDA:994,119,0,0
BRDA:994,119,1,0
BRDA:995,120,0,0
BRDA:995,120,1,0
BRDA:997,121,0,0
BRDA:997,121,1,0
BRDA:1003,122,0,0
BRDA:1003,122,1,0
BRDA:1003,122,2,0
BRDA:1005,123,0,0
BRDA:1005,123,1,0
BRDA:1005,123,2,0
BRDA:1028,124,0,0
BRDA:1028,124,1,0
BRDA:1030,125,0,0
BRDA:1030,125,1,0
BRDA:1035,126,0,0
BRDA:1035,126,1,0
BRDA:1035,127,0,0
BRDA:1035,127,1,0
BRDA:1042,128,0,0
BRDA:1042,128,1,0
BRDA:1053,129,0,0
BRDA:1053,129,1,0
BRDA:1057,130,0,0
BRDA:1057,130,1,0
BRDA:1070,131,0,0
BRDA:1070,131,1,0
BRDA:1081,132,0,0
BRDA:1081,132,1,0
BRDA:1087,133,0,0
BRDA:1087,133,1,0
BRDA:1090,134,0,0
BRDA:1090,134,1,0
BRDA:1095,135,0,0
BRDA:1095,135,1,0
BRDA:1095,136,0,0
BRDA:1095,136,1,0
BRDA:1099,137,0,0
BRDA:1099,137,1,0
BRDA:1100,138,0,0
BRDA:1100,138,1,0
BRDA:1100,138,2,0
BRDA:1100,138,3,0
BRDA:1100,138,4,0
BRDA:1100,138,5,0
BRDA:1113,139,0,0
BRDA:1113,139,1,0
BRDA:1117,140,0,0
BRDA:1117,140,1,0
BRDA:1130,141,0,0
BRDA:1130,141,1,0
BRDA:1130,141,2,0
BRDA:1132,142,0,0
BRDA:1132,142,1,0
BRDA:1132,142,2,0
BRDA:1136,143,0,0
BRDA:1136,143,1,0
BRDA:1142,144,0,0
BRDA:1142,144,1,0
BRDA:1153,145,0,0
BRDA:1153,145,1,0
BRDA:1153,145,2,0
BRDA:1159,146,0,0
BRDA:1159,146,1,0
BRDA:1159,146,2,0
BRDA:1175,147,0,0
BRDA:1175,147,1,0
BRDA:1190,148,0,0
BRDA:1190,148,1,0
BRDA:1190,148,2,0
BRF:326
BRH:0
end_of_record
TN:
SF:/Users/bytedance/mobile-vue-github/okeedesign-mobile-vue/src/components/table/indicator.tsx
FN:15,TableIndicator
FN:18,Items
FN:21,(anonymous_2)
FNF:3
FNH:0
FNDA:0,TableIndicator
FNDA:0,Items
FNDA:0,(anonymous_2)
DA:2,70
DA:12,140
DA:16,0
DA:18,0
DA:19,0
DA:22,0
DA:26,0
DA:29,70
LF:8
LH:3
BRDA:16,0,0,0
BRDA:16,0,1,0
BRF:2
BRH:0
end_of_record
TN:
SF:/Users/bytedance/mobile-vue-github/okeedesign-mobile-vue/src/components/table/sort-icon.tsx
FN:14,SortIcon
FNF:1
FNH:0
FNDA:0,SortIcon
DA:2,70
DA:3,70
DA:11,140
DA:15,0
DA:17,0
DA:40,70
LF:6
LH:4
BRDA:15,0,0,0
BRDA:15,0,1,0
BRF:2
BRH:0
end_of_record
TN:
SF:/Users/bytedance/mobile-vue-github/okeedesign-mobile-vue/src/components/tabs/Content.tsx
FN:25,data
FN:47,style
FN:70,currentIndex
FN:82,action
FN:85,(anonymous_6)
FNF:5
FNH:5
FNDA:82,data
FNDA:17,style
FNDA:19,currentIndex
FNDA:96,action
FNDA:14,(anonymous_6)
DA:1,70
DA:2,70
DA:6,140
DA:7,70
DA:25,70
DA:39,15
DA:49,2
DA:50,2
DA:58,15
DA:59,2
DA:71,19
DA:76,15
DA:77,15
DA:78,15
DA:79,15
DA:83,34
DA:84,34
DA:85,34
DA:86,14
DA:88,34
DA:92,8
DA:94,8
DA:95,0
DA:97,0
DA:98,0
DA:100,0
DA:103,0
DA:104,0
DA:110,0
DA:111,0
DA:112,0
DA:119,2
DA:121,2
DA:122,2
DA:123,0
DA:124,2
DA:125,2
DA:127,0
DA:128,0
DA:132,52
DA:133,52
DA:134,3
DA:141,49
DA:145,52
DA:146,52
LF:45
LH:33
BRDA:49,0,0,2
BRDA:49,0,1,0
BRDA:49,1,0,2
BRDA:49,1,1,2
BRDA:58,2,0,2
BRDA:58,2,1,13
BRDA:58,3,0,15
BRDA:58,3,1,14
BRDA:76,4,0,0
BRDA:76,4,1,15
BRDA:78,5,0,1
BRDA:78,5,1,14
BRDA:94,6,0,0
BRDA:94,6,1,8
BRDA:97,7,0,0
BRDA:97,7,1,0
BRDA:98,8,0,0
BRDA:98,8,1,0
BRDA:98,9,0,0
BRDA:98,9,1,0
BRDA:106,10,0,0
BRDA:106,10,1,0
BRDA:108,11,0,0
BRDA:108,11,1,0
BRDA:110,12,0,0
BRDA:110,12,1,0
BRDA:121,13,0,2
BRDA:121,13,1,0
BRDA:121,14,0,2
BRDA:121,14,1,2
BRDA:122,15,0,0
BRDA:122,15,1,2
BRDA:122,16,0,2
BRDA:122,16,1,0
BRDA:124,17,0,2
BRDA:124,17,1,0
BRDA:124,18,0,2
BRDA:124,18,1,2
BRDA:127,19,0,0
BRDA:127,19,1,0
BRDA:127,20,0,0
BRDA:127,20,1,0
BRDA:133,21,0,3
BRDA:133,21,1,49
BRDA:133,22,0,52
BRDA:133,22,1,52
BRF:46
BRH:23
end_of_record
TN:
SF:/Users/bytedance/mobile-vue-github/okeedesign-mobile-vue/src/components/tabs/Title.tsx
FN:42,style
FN:79,onClick
FN:26,render
FNF:3
FNH:3
FNDA:62,style
FNDA:8,onClick
FNDA:62,render
DA:1,70
DA:3,70
DA:5,140
DA:26,70
DA:44,62
DA:45,62
DA:46,62
DA:49,62
DA:50,0
DA:52,0
DA:53,0
DA:54,0
DA:56,0
DA:61,62
DA:62,62
DA:63,0
DA:66,62
DA:67,8
DA:70,62
DA:71,0
DA:72,0
DA:75,62
DA:81,6
DA:85,2
DA:86,2
DA:87,2
DA:91,62
DA:92,62
DA:93,62
LF:29
LH:21
BRDA:49,0,0,0
BRDA:49,0,1,62
BRDA:49,1,0,62
BRDA:49,1,1,0
BRDA:52,2,0,0
BRDA:52,2,1,0
BRDA:53,3,0,0
BRDA:53,3,1,0
BRDA:61,4,0,19
BRDA:61,4,1,43
BRDA:62,5,0,0
BRDA:62,5,1,62
BRDA:66,6,0,8
BRDA:66,6,1,54
BRDA:66,7,0,62
BRDA:66,7,1,8
BRDA:70,8,0,0
BRDA:70,8,1,62
BRDA:104,9,0,0
BRDA:104,9,1,62
BRF:20
BRH:11
end_of_record
TN:
SF:/Users/bytedance/mobile-vue-github/okeedesign-mobile-vue/src/components/tabs/index.tsx
FN:59,(anonymous_0)
FN:87,validator
FN:94,validator
FN:56,data
FN:142,scrollable
FN:174,value
FN:215,onShow
FN:217,(anonymous_17)
FN:226,(anonymous_19)
FN:259,(anonymous_21)
FN:315,(anonymous_27)
FN:328,(anonymous_30)
FN:345,click
FNF:13
FNH:13
FNDA:16,(anonymous_0)
FNDA:20,validator
FNDA:20,validator
FNDA:97,data
FNDA:148,scrollable
FNDA:39,value
FNDA:163,onShow
FNDA:15,(anonymous_17)
FNDA:34,(anonymous_19)
FNDA:54,(anonymous_21)
FNDA:2,(anonymous_27)
FNDA:128,(anonymous_30)
FNDA:6,click
DA:1,70
DA:2,70
DA:3,70
DA:4,70
DA:5,70
DA:6,70
DA:10,140
DA:15,70
DA:16,70
DA:56,70
DA:60,16
DA:88,20
DA:95,20
DA:133,15
DA:144,30
DA:148,15
DA:157,73
DA:159,73
DA:160,19
DA:165,15
DA:166,1
DA:170,15
DA:176,5
DA:177,0
DA:182,0
DA:183,0
DA:188,0
DA:192,15
DA:195,15
DA:196,15
DA:200,19
DA:201,19
DA:206,15
DA:207,0
DA:212,15
DA:216,15
DA:217,15
DA:218,15
DA:219,15
DA:223,34
DA:224,34
DA:226,34
DA:227,34
DA:229,34
DA:230,2
DA:233,32
DA:234,32
DA:235,32
DA:237,32
DA:239,32
DA:245,32
DA:246,4
DA:249,32
DA:250,0
DA:251,0
DA:254,32
DA:259,54
DA:260,15
DA:261,15
DA:265,21
DA:267,21
DA:268,19
DA:269,19
DA:270,19
DA:271,19
DA:272,4
DA:274,19
DA:279,21
DA:281,21
DA:282,21
DA:283,20
DA:286,1
DA:291,6
DA:292,6
DA:293,2
DA:295,4
DA:296,4
DA:301,49
DA:303,49
DA:304,48
DA:307,1
DA:308,1
DA:309,1
DA:311,1
DA:314,2
DA:315,2
DA:316,2
DA:321,0
DA:325,104
DA:326,52
DA:327,52
DA:328,52
DA:329,128
DA:346,6
DA:352,52
DA:370,52
LF:96
LH:88
BRDA:144,0,0,30
BRDA:144,0,1,29
BRDA:159,1,0,19
BRDA:159,1,1,54
BRDA:165,2,0,14
BRDA:165,2,1,1
BRDA:166,3,0,0
BRDA:166,3,1,1
BRDA:170,4,0,0
BRDA:170,4,1,15
BRDA:176,5,0,0
BRDA:176,5,1,5
BRDA:182,6,0,0
BRDA:182,6,1,0
BRDA:193,7,0,4
BRDA:193,7,1,11
BRDA:193,8,0,4
BRDA:193,8,1,4
BRDA:194,9,0,11
BRDA:194,9,1,11
BRDA:206,10,0,0
BRDA:206,10,1,15
BRDA:206,11,0,15
BRDA:206,11,1,4
BRDA:229,12,0,2
BRDA:229,12,1,32
BRDA:229,13,0,34
BRDA:229,13,1,34
BRDA:229,13,2,34
BRDA:235,14,0,0
BRDA:235,14,1,32
BRDA:245,15,0,4
BRDA:245,15,1,28
BRDA:249,16,0,0
BRDA:249,16,1,32
BRDA:260,17,0,15
BRDA:260,17,1,15
BRDA:260,18,0,15
BRDA:260,18,1,0
BRDA:261,19,0,5
BRDA:261,19,1,10
BRDA:267,20,0,19
BRDA:267,20,1,2
BRDA:267,21,0,21
BRDA:267,21,1,20
BRDA:269,22,0,19
BRDA:269,22,1,0
BRDA:269,23,0,19
BRDA:269,23,1,1
BRDA:271,24,0,4
BRDA:271,24,1,15
BRDA:279,25,0,0
BRDA:279,25,1,21
BRDA:281,26,0,22
BRDA:281,26,1,22
BRDA:282,27,0,20
BRDA:282,27,1,1
BRDA:292,28,0,2
BRDA:292,28,1,4
BRDA:303,29,0,48
BRDA:303,29,1,1
BRDA:303,30,0,49
BRDA:303,30,1,3
BRDA:303,30,2,1
BRDA:311,31,0,1
BRDA:311,31,1,0
BRDA:357,32,0,52
BRDA:357,32,1,3
BRDA:358,33,0,52
BRDA:358,33,1,50
BRDA:364,34,0,52
BRDA:364,34,1,50
BRDA:377,35,0,52
BRDA:377,35,1,8
BRDA:377,35,2,8
BRDA:378,36,0,52
BRDA:378,36,1,3
BRDA:378,36,2,3
BRF:78
BRH:66
end_of_record
TN:
SF:/Users/bytedance/mobile-vue-github/okeedesign-mobile-vue/src/components/tabs/utils.ts
FN:3,scrollLeftTo
FN:8,animate
FNF:2
FNH:2
FNDA:1,scrollLeftTo
FNDA:1,animate
DA:1,70
DA:4,1
DA:5,1
DA:6,1
DA:9,1
DA:11,1
DA:12,0
DA:16,1
LF:8
LH:7
BRDA:6,0,0,1
BRDA:6,0,1,0
BRDA:11,1,0,0
BRDA:11,1,1,1
BRF:4
BRH:2
end_of_record
TN:
SF:/Users/bytedance/mobile-vue-github/okeedesign-mobile-vue/src/components/tag/index.tsx
FN:24,Tag
FNF:1
FNH:1
FNDA:18,Tag
DA:5,70
DA:6,70
DA:22,140
DA:31,18
DA:33,18
DA:35,18
DA:36,18
DA:37,5
DA:39,18
DA:40,2
DA:44,18
DA:45,18
DA:46,18
DA:47,18
DA:49,18
DA:60,70
DA:77,70
LF:17
LH:17
BRDA:36,0,0,5
BRDA:36,0,1,13
BRDA:37,1,0,2
BRDA:37,1,1,3
BRDA:39,2,0,2
BRDA:39,2,1,16
BRDA:46,3,0,1
BRDA:46,3,1,17
BRDA:47,4,0,10
BRDA:47,4,1,8
BRDA:55,5,0,0
BRDA:55,5,1,18
BRDA:55,6,0,18
BRDA:55,6,1,4
BRF:14
BRH:13
end_of_record
TN:
SF:/Users/bytedance/mobile-vue-github/okeedesign-mobile-vue/src/components/toast/Toast.tsx
FN:38,validator
FN:28,data
FN:66,value
FN:76,toggleClickable
FN:107,ToastIcon
FN:121,Message
FNF:6
FNH:6
FNDA:2,validator
FNDA:14,data
FNDA:7,value
FNDA:15,toggleClickable
FNDA:9,ToastIcon
FNDA:9,Message
DA:1,70
DA:2,70
DA:4,140
DA:26,70
DA:28,70
DA:39,2
DA:53,2
DA:59,2
DA:63,1
DA:68,5
DA:72,2
DA:78,10
DA:80,10
DA:81,10
DA:82,2
DA:83,2
DA:84,2
DA:89,3
DA:90,3
DA:91,1
DA:96,2
DA:100,9
DA:101,9
DA:103,9
DA:105,9
DA:108,9
DA:109,9
DA:110,9
DA:111,2
DA:122,9
DA:123,5
DA:126,4
DA:129,9
LF:33
LH:33
BRDA:80,0,0,10
BRDA:80,0,1,5
BRDA:81,1,0,2
BRDA:81,1,1,8
BRDA:83,2,0,1
BRDA:83,2,1,1
BRDA:90,3,0,1
BRDA:90,3,1,2
BRDA:105,4,0,9
BRDA:105,4,1,9
BRDA:105,4,2,9
BRDA:109,5,0,1
BRDA:109,5,1,8
BRDA:110,6,0,2
BRDA:110,6,1,7
BRDA:122,7,0,5
BRDA:122,7,1,4
BRDA:122,8,0,9
BRDA:122,8,1,7
BRF:19
BRH:19
end_of_record
TN:
SF:/Users/bytedance/mobile-vue-github/okeedesign-mobile-vue/src/components/toast/index.ts
FN:23,parseOptions
FN:27,createInstance
FN:37,transformOptions
FN:43,Toast
FN:50,_clear
FN:57,(anonymous_5)
FN:59,(anonymous_6)
FN:66,colse
FN:81,(anonymous_9)
FN:89,createMethod
FN:89,(anonymous_11)
FN:95,(anonymous_12)
FN:99,(anonymous_13)
FN:102,(anonymous_14)
FN:114,(anonymous_15)
FN:118,(anonymous_16)
FNF:16
FNH:13
FNDA:5,parseOptions
FNDA:5,createInstance
FNDA:5,transformOptions
FNDA:5,Toast
FNDA:3,_clear
FNDA:1,(anonymous_5)
FNDA:2,(anonymous_6)
FNDA:3,colse
FNDA:2,(anonymous_9)
FNDA:280,createMethod
FNDA:0,(anonymous_11)
FNDA:280,(anonymous_12)
FNDA:0,(anonymous_13)
FNDA:0,(anonymous_14)
FNDA:2,(anonymous_15)
FNDA:70,(anonymous_16)
DA:1,70
DA:2,70
DA:3,70
DA:5,70
DA:19,70
DA:20,70
DA:21,70
DA:24,5
DA:28,5
DA:29,2
DA:32,2
DA:34,5
DA:38,5
DA:39,5
DA:40,5
DA:43,5
DA:44,5
DA:46,5
DA:47,1
DA:51,3
DA:52,3
DA:53,2
DA:56,3
DA:57,1
DA:58,1
DA:59,2
DA:61,1
DA:66,5
DA:70,0
DA:73,3
DA:77,5
DA:78,5
DA:80,5
DA:81,5
DA:82,2
DA:86,5
DA:89,280
DA:95,70
DA:96,280
DA:99,70
DA:100,0
DA:101,0
DA:102,0
DA:103,0
DA:105,0
DA:106,0
DA:107,0
DA:109,0
DA:114,70
DA:115,2
DA:118,70
DA:119,70
DA:121,70
DA:122,0
DA:124,70
DA:127,70
DA:130,70
LF:57
LH:47
BRDA:24,0,0,5
BRDA:24,0,1,0
BRDA:28,1,0,2
BRDA:28,1,1,3
BRDA:28,2,0,5
BRDA:28,2,1,4
BRDA:43,3,0,0
BRDA:43,3,1,5
BRDA:46,4,0,1
BRDA:46,4,1,4
BRDA:52,5,0,2
BRDA:52,5,1,1
BRDA:56,6,0,1
BRDA:56,6,1,2
BRDA:80,7,0,5
BRDA:80,7,1,0
BRDA:100,8,0,0
BRDA:100,8,1,0
BRDA:101,9,0,0
BRDA:101,9,1,0
BRDA:106,10,0,0
BRDA:106,10,1,0
BRDA:114,11,0,1
BRDA:114,11,1,1
BRDA:119,12,0,70
BRDA:119,12,1,0
BRDA:119,12,2,0
BRDA:121,13,0,0
BRDA:121,13,1,70
BRDA:121,14,0,70
BRDA:121,14,1,0
BRF:31
BRH:18
end_of_record
TN:
SF:/Users/bytedance/mobile-vue-github/okeedesign-mobile-vue/src/components/tree/index.tsx
FN:149,findValue
FN:164,mapTreeOptionAllSelected
FN:166,(anonymous_6)
FN:177,mapTreeOptions
FN:179,(anonymous_8)
FN:193,formTreeValuesFromMap
FN:195,(anonymous_10)
FN:212,(anonymous_11)
FN:221,(anonymous_12)
FN:224,getSubMap
FN:229,(anonymous_14)
FN:237,modifyMap
FN:238,(anonymous_16)
FN:249,getOptionStatus
FN:267,(anonymous_18)
FN:289,getOptionStatusFlat
FN:305,(anonymous_20)
FN:327,getOptionValuesFlat
FN:332,(anonymous_22)
FN:344,data
FN:377,handler
FN:391,handler
FN:398,switchExpand
FN:401,(anonymous_27)
FN:416,(anonymous_29)
FN:442,(anonymous_31)
FN:449,onExpand
FN:454,onChange
FN:481,(anonymous_34)
FN:492,(anonymous_36)
FN:499,(anonymous_37)
FNF:31
FNH:20
FNDA:8,findValue
FNDA:0,mapTreeOptionAllSelected
FNDA:0,(anonymous_6)
FNDA:4,mapTreeOptions
FNDA:8,(anonymous_8)
FNDA:4,formTreeValuesFromMap
FNDA:8,(anonymous_10)
FNDA:0,(anonymous_11)
FNDA:8,(anonymous_12)
FNDA:35,getSubMap
FNDA:77,(anonymous_14)
FNDA:0,modifyMap
FNDA:0,(anonymous_16)
FNDA:33,getOptionStatus
FNDA:16,(anonymous_18)
FNDA:16,getOptionStatusFlat
FNDA:8,(anonymous_20)
FNDA:0,getOptionValuesFlat
FNDA:0,(anonymous_22)
FNDA:5,data
FNDA:2,handler
FNDA:0,handler
FNDA:25,switchExpand
FNDA:0,(anonymous_27)
FNDA:0,(anonymous_29)
FNDA:18,(anonymous_31)
FNDA:0,onExpand
FNDA:1,onChange
FNDA:18,(anonymous_34)
FNDA:3,(anonymous_36)
FNDA:6,(anonymous_37)
DA:6,70
DA:10,140
DA:12,70
DA:18,70
DA:23,70
DA:150,8
DA:151,0
DA:152,0
DA:154,0
DA:155,0
DA:156,0
DA:157,0
DA:161,8
DA:165,0
DA:166,0
DA:167,0
DA:168,0
DA:169,0
DA:170,0
DA:172,0
DA:174,0
DA:178,4
DA:179,4
DA:180,8
DA:181,8
DA:182,5
DA:183,5
DA:185,3
DA:190,4
DA:194,4
DA:196,8
DA:197,8
DA:198,8
DA:199,5
DA:200,1
DA:205,4
DA:207,3
DA:208,3
DA:209,2
DA:212,1
DA:215,1
DA:221,8
DA:228,35
DA:229,35
DA:230,77
DA:231,77
DA:234,35
DA:238,0
DA:239,0
DA:240,0
DA:242,0
DA:254,33
DA:255,33
DA:256,33
DA:257,25
DA:258,2
DA:260,23
DA:264,8
DA:265,8
DA:266,8
DA:267,8
DA:268,16
DA:270,1
DA:271,1
DA:273,15
DA:274,15
DA:276,0
DA:280,8
DA:281,0
DA:283,8
DA:284,7
DA:286,1
DA:293,16
DA:294,16
DA:295,12
DA:296,2
DA:298,10
DA:302,4
DA:303,4
DA:304,4
DA:305,4
DA:306,8
DA:308,1
DA:309,1
DA:311,7
DA:312,7
DA:314,0
DA:318,4
DA:319,0
DA:321,4
DA:322,3
DA:324,1
DA:328,0
DA:329,0
DA:330,0
DA:332,0
DA:344,70
DA:346,2
DA:384,2
DA:385,1
DA:386,1
DA:393,0
DA:400,0
DA:401,0
DA:402,0
DA:404,0
DA:408,1
DA:409,1
DA:410,0
DA:411,0
DA:412,0
DA:414,0
DA:416,0
DA:417,0
DA:419,1
DA:420,1
DA:422,1
DA:423,1
DA:424,0
DA:426,1
DA:430,1
DA:432,1
DA:433,1
DA:437,48
DA:438,24
DA:439,24
DA:440,24
DA:442,24
DA:443,24
DA:444,24
DA:445,24
DA:449,24
DA:450,0
DA:451,0
DA:452,0
DA:454,24
DA:455,1
DA:456,1
DA:457,1
DA:460,24
DA:481,18
DA:490,6
DA:491,3
DA:492,3
DA:493,3
DA:495,3
DA:497,3
DA:499,6
DA:507,70
LF:149
LH:108
BRDA:151,0,0,0
BRDA:151,0,1,0
BRDA:154,1,0,0
BRDA:154,1,1,0
BRDA:154,2,0,0
BRDA:154,2,1,0
BRDA:156,3,0,0
BRDA:156,3,1,0
BRDA:168,4,0,0
BRDA:168,4,1,0
BRDA:168,5,0,0
BRDA:168,5,1,0
BRDA:181,6,0,5
BRDA:181,6,1,3
BRDA:181,7,0,8
BRDA:181,7,1,3
BRDA:187,8,0,0
BRDA:187,8,1,3
BRDA:186,9,0,3
BRDA:186,9,1,0
BRDA:198,10,0,5
BRDA:198,10,1,3
BRDA:198,11,0,8
BRDA:198,11,1,3
BRDA:199,12,0,1
BRDA:199,12,1,4
BRDA:208,13,0,2
BRDA:208,13,1,1
BRDA:213,14,0,1
BRDA:213,14,1,0
BRDA:212,15,0,1
BRDA:212,15,1,0
BRDA:230,16,0,77
BRDA:230,16,1,0
BRDA:239,17,0,0
BRDA:239,17,1,0
BRDA:256,18,0,25
BRDA:256,18,1,8
BRDA:256,19,0,33
BRDA:256,19,1,8
BRDA:257,20,0,2
BRDA:257,20,1,23
BRDA:269,21,0,1
BRDA:269,21,1,15
BRDA:269,21,2,0
BRDA:280,22,0,0
BRDA:280,22,1,8
BRDA:283,23,0,7
BRDA:283,23,1,1
BRDA:294,24,0,12
BRDA:294,24,1,4
BRDA:294,25,0,16
BRDA:294,25,1,4
BRDA:295,26,0,2
BRDA:295,26,1,10
BRDA:307,27,0,1
BRDA:307,27,1,7
BRDA:307,27,2,0
BRDA:318,28,0,0
BRDA:318,28,1,4
BRDA:321,29,0,3
BRDA:321,29,1,1
BRDA:329,30,0,0
BRDA:329,30,1,0
BRDA:329,31,0,0
BRDA:329,31,1,0
BRDA:384,32,0,1
BRDA:384,32,1,1
BRDA:385,33,0,1
BRDA:385,33,1,0
BRDA:400,34,0,0
BRDA:400,34,1,0
BRDA:409,35,0,0
BRDA:409,35,1,1
BRDA:415,36,0,0
BRDA:415,36,1,0
BRDA:414,37,0,0
BRDA:414,37,1,0
BRDA:414,37,2,0
BRDA:422,38,0,1
BRDA:422,38,1,0
BRDA:422,38,2,0
BRDA:423,39,0,0
BRDA:423,39,1,1
BRDA:440,40,0,24
BRDA:440,40,1,9
BRDA:442,41,0,24
BRDA:442,41,1,9
BRDA:442,42,0,18
BRDA:442,42,1,3
BRDA:446,43,0,8
BRDA:446,43,1,16
BRDA:462,44,0,24
BRDA:462,44,1,9
BRDA:462,44,2,15
BRDA:463,45,0,24
BRDA:463,45,1,9
BRDA:463,45,2,15
BRDA:463,45,3,3
BRDA:471,46,0,24
BRDA:471,46,1,2
BRDA:471,46,2,22
BRDA:471,46,3,2
BRDA:471,46,4,20
BRDA:480,47,0,24
BRDA:480,47,1,9
BRDA:492,48,0,3
BRDA:492,48,1,3
BRF:108
BRH:69
end_of_record
TN:
SF:/Users/bytedance/mobile-vue-github/okeedesign-mobile-vue/src/components/upload/index.tsx
FN:51,_default
FN:56,_default
FN:61,_default
FN:27,data
FN:103,handleClick
FN:129,(anonymous_6)
FN:136,(anonymous_8)
FN:143,onProgress
FN:144,onSuccess
FN:147,onError
FN:177,(anonymous_13)
FN:187,(anonymous_14)
FNF:12
FNH:2
FNDA:0,_default
FNDA:0,_default
FNDA:0,_default
FNDA:4,data
FNDA:1,handleClick
FNDA:0,(anonymous_6)
FNDA:0,(anonymous_8)
FNDA:0,onProgress
FNDA:0,onSuccess
FNDA:0,onError
FNDA:0,(anonymous_13)
FNDA:0,(anonymous_14)
DA:1,70
DA:2,70
DA:3,70
DA:5,70
DA:25,210
DA:27,70
DA:98,2
DA:105,1
DA:106,1
DA:108,0
DA:110,0
DA:111,0
DA:112,0
DA:113,0
DA:115,0
DA:116,0
DA:117,0
DA:118,0
DA:120,0
DA:121,0
DA:125,0
DA:126,0
DA:128,0
DA:129,0
DA:130,0
DA:131,0
DA:132,0
DA:135,0
DA:136,0
DA:137,0
DA:145,0
DA:148,0
DA:151,0
DA:154,0
DA:155,0
DA:158,0
DA:159,0
DA:160,0
DA:161,0
DA:166,0
DA:169,0
DA:170,0
DA:171,0
DA:173,0
DA:174,0
DA:176,0
DA:179,0
DA:180,0
DA:181,0
DA:182,0
DA:184,0
DA:189,0
DA:190,0
DA:195,2
DA:196,2
DA:211,2
LF:56
LH:12
BRDA:105,0,0,1
BRDA:105,0,1,0
BRDA:112,1,0,0
BRDA:112,1,1,0
BRDA:117,2,0,0
BRDA:117,2,1,0
BRDA:117,3,0,0
BRDA:117,3,1,0
BRDA:120,4,0,0
BRDA:120,4,1,0
BRDA:125,5,0,0
BRDA:125,5,1,0
BRDA:125,6,0,0
BRDA:125,6,1,0
BRDA:158,7,0,0
BRDA:158,7,1,0
BRDA:160,8,0,0
BRDA:160,8,1,0
BRDA:169,9,0,0
BRDA:169,9,1,0
BRDA:174,10,0,0
BRDA:174,10,1,0
BRDA:174,11,0,0
BRDA:174,11,1,0
BRDA:180,12,0,0
BRDA:180,12,1,0
BRDA:189,13,0,0
BRDA:189,13,1,0
BRDA:196,14,0,2
BRDA:196,14,1,1
BRDA:213,15,0,2
BRDA:213,15,1,0
BRDA:229,16,0,2
BRDA:229,16,1,2
BRF:34
BRH:6
end_of_record
TN:
SF:/Users/bytedance/mobile-vue-github/okeedesign-mobile-vue/src/components/upload/upload.ts
FN:8,getError
FN:29,getBody
FN:46,upload
FN:55,progress
FN:66,(anonymous_4)
FN:73,error
FN:77,onload
FNF:7
FNH:0
FNDA:0,getError
FNDA:0,getBody
FNDA:0,upload
FNDA:0,progress
FNDA:0,(anonymous_4)
FNDA:0,error
FNDA:0,onload
DA:10,0
DA:11,0
DA:12,0
DA:13,0
DA:15,0
DA:18,0
DA:19,0
DA:20,0
DA:21,0
DA:22,0
DA:30,0
DA:31,0
DA:32,0
DA:35,0
DA:36,0
DA:38,0
DA:47,0
DA:48,0
DA:51,0
DA:52,0
DA:54,0
DA:55,0
DA:56,0
DA:57,0
DA:59,0
DA:63,0
DA:65,0
DA:66,0
DA:67,0
DA:71,0
DA:73,0
DA:74,0
DA:77,0
DA:78,0
DA:79,0
DA:82,0
DA:85,0
DA:87,0
DA:88,0
DA:91,0
DA:93,0
DA:94,0
DA:95,0
DA:98,0
DA:99,0
LF:45
LH:0
BRDA:10,0,0,0
BRDA:10,0,1,0
BRDA:11,1,0,0
BRDA:11,1,1,0
BRDA:12,2,0,0
BRDA:12,2,1,0
BRDA:30,3,0,0
BRDA:30,3,1,0
BRDA:31,4,0,0
BRDA:31,4,1,0
BRDA:47,5,0,0
BRDA:47,5,1,0
BRDA:54,6,0,0
BRDA:54,6,1,0
BRDA:56,7,0,0
BRDA:56,7,1,0
BRDA:65,8,0,0
BRDA:65,8,1,0
BRDA:78,9,0,0
BRDA:78,9,1,0
BRDA:78,10,0,0
BRDA:78,10,1,0
BRDA:87,11,0,0
BRDA:87,11,1,0
BRDA:87,12,0,0
BRDA:87,12,1,0
BRDA:91,13,0,0
BRDA:91,13,1,0
BRDA:94,14,0,0
BRDA:94,14,1,0
BRDA:94,15,0,0
BRDA:94,15,1,0
BRF:32
BRH:0
end_of_record
